#
# There is insufficient memory for the Java Runtime Environment to continue.
# Native memory allocation (malloc) failed to allocate 1047696 bytes for Chunk::new
# Possible reasons:
#   The system is out of physical RAM or swap space
#   The process is running with CompressedOops enabled, and the Java Heap may be blocking the growth of the native heap
# Possible solutions:
#   Reduce memory load on the system
#   Increase physical memory or swap space
#   Check if swap backing store is full
#   Decrease Java heap size (-Xmx/-Xms)
#   Decrease number of Java threads
#   Decrease Java thread stack sizes (-Xss)
#   Set larger code cache with -XX:ReservedCodeCacheSize=
#   JVM is running with Unscaled Compressed Oops mode in which the Java heap is
#     placed in the first 4GB address space. The Java Heap base address is the
#     maximum limit for the native heap growth. Please use -XX:HeapBaseMinAddress
#     to set the Java Heap base and to place the Java Heap above 4GB virtual address.
# This output file may be truncated or incomplete.
#
#  Out of Memory Error (allocation.cpp:389), pid=24868, tid=0x0000000000004840
#
# JRE version: OpenJDK Runtime Environment (8.0_242-b01) (build 1.8.0_242-release-1644-b01)
# Java VM: OpenJDK 64-Bit Server VM (25.242-b01 mixed mode windows-amd64 compressed oops)
# Failed to write core dump. Minidumps are not enabled by default on client versions of Windows
#

---------------  T H R E A D  ---------------

Current thread (0x000000001a21a800):  JavaThread "C2 CompilerThread0" daemon [_thread_in_native, id=18496, stack(0x000000001a990000,0x000000001aa90000)]

Stack: [0x000000001a990000,0x000000001aa90000]
[error occurred during error reporting (printing stack bounds), id 0xc0000005]

Native frames: (J=compiled Java code, j=interpreted, Vv=VM code, C=native code)


Current CompileTask:
C2:  67666 12361 %     4       com.android.tools.r8.ir.conversion.N::a @ 2556 (3065 bytes)


---------------  P R O C E S S  ---------------

Java Threads: ( => current thread )
  0x000000001f562800 JavaThread "stdout" [_thread_in_native, id=4636, stack(0x000000002e1a0000,0x000000002e2a0000)]
  0x000000001f564800 JavaThread "stderr" [_thread_in_native, id=12468, stack(0x000000002dae0000,0x000000002dbe0000)]
  0x000000002b24d800 JavaThread "stdout" [_thread_in_native, id=16908, stack(0x000000002e0a0000,0x000000002e1a0000)]
  0x000000002b24c800 JavaThread "stderr" [_thread_in_native, id=6644, stack(0x000000002dd20000,0x000000002de20000)]
  0x000000002b24c000 JavaThread "stdout" [_thread_in_native, id=20352, stack(0x000000002de50000,0x000000002df50000)]
  0x000000002b24b000 JavaThread "stderr" [_thread_in_native, id=2084, stack(0x000000002d9e0000,0x000000002dae0000)]
  0x000000002b24e000 JavaThread "pool-2-thread-1" [_thread_blocked, id=12928, stack(0x000000002dc20000,0x000000002dd20000)]
  0x000000002b24a800 JavaThread "WorkerExecutor Queue Thread 3" [_thread_blocked, id=25020, stack(0x000000002d8e0000,0x000000002d9e0000)]
  0x000000002b242800 JavaThread "WorkerExecutor Queue Thread 2" [_thread_blocked, id=29880, stack(0x000000002d7e0000,0x000000002d8e0000)]
  0x000000002b249800 JavaThread "WorkerExecutor Queue" [_thread_blocked, id=8040, stack(0x000000002d6e0000,0x000000002d7e0000)]
  0x000000002b246000 JavaThread "Cache worker for execution history cache (F:\android_project\TeamProject\Project007\code\.gradle\6.5\executionHistory)" [_thread_blocked, id=27156, stack(0x000000002d1e0000,0x000000002d2e0000)]
  0x000000002b243800 JavaThread "Execution worker for ':' Thread 7" [_thread_blocked, id=29028, stack(0x000000002cee0000,0x000000002cfe0000)]
  0x000000002b244000 JavaThread "Execution worker for ':' Thread 6" [_thread_blocked, id=25320, stack(0x000000002cde0000,0x000000002cee0000)]
  0x000000002b241000 JavaThread "Execution worker for ':' Thread 5" [_thread_blocked, id=17316, stack(0x000000002cbe0000,0x000000002cce0000)]
  0x000000001b763800 JavaThread "Execution worker for ':' Thread 4" [_thread_blocked, id=2320, stack(0x000000002c8d0000,0x000000002c9d0000)]
  0x000000001b763000 JavaThread "Execution worker for ':' Thread 3" [_thread_blocked, id=18452, stack(0x000000002c7d0000,0x000000002c8d0000)]
  0x000000001b764800 JavaThread "Execution worker for ':' Thread 2" [_thread_blocked, id=5108, stack(0x000000002c3e0000,0x000000002c4e0000)]
  0x000000001b762000 JavaThread "Execution worker for ':'" [_thread_blocked, id=9800, stack(0x000000002b050000,0x000000002b150000)]
  0x000000001b75a800 JavaThread "Cache worker for file content cache (F:\android_project\TeamProject\Project007\code\.gradle\6.5\fileContent)" [_thread_blocked, id=16428, stack(0x000000002c520000,0x000000002c620000)]
  0x000000001b761800 JavaThread "Memory manager" [_thread_blocked, id=29464, stack(0x000000002c6d0000,0x000000002c7d0000)]
  0x000000001b760800 JavaThread "Cache worker for Build Output Cleanup Cache (F:\android_project\TeamProject\Project007\code\.gradle\buildOutputCleanup)" [_thread_blocked, id=24492, stack(0x0000000029f50000,0x000000002a050000)]
  0x000000001b759000 JavaThread "jar transforms Thread 95" [_thread_blocked, id=19036, stack(0x0000000029c50000,0x0000000029d50000)]
  0x000000001b75b800 JavaThread "jar transforms Thread 94" [_thread_blocked, id=2804, stack(0x0000000029b50000,0x0000000029c50000)]
  0x000000001b760000 JavaThread "jar transforms Thread 93" [_thread_blocked, id=14384, stack(0x0000000029a50000,0x0000000029b50000)]
  0x000000001b75f000 JavaThread "jar transforms Thread 92" [_thread_blocked, id=20636, stack(0x0000000029950000,0x0000000029a50000)]
  0x000000001b757800 JavaThread "jar transforms Thread 91" [_thread_blocked, id=27184, stack(0x0000000029850000,0x0000000029950000)]
  0x000000001b758000 JavaThread "jar transforms Thread 90" [_thread_blocked, id=25044, stack(0x0000000029750000,0x0000000029850000)]
  0x000000001b75e800 JavaThread "jar transforms Thread 89" [_thread_blocked, id=15964, stack(0x0000000029650000,0x0000000029750000)]
  0x000000001b759800 JavaThread "jar transforms Thread 88" [_thread_blocked, id=28472, stack(0x0000000029550000,0x0000000029650000)]
  0x000000001b75d000 JavaThread "jar transforms Thread 87" [_thread_blocked, id=7184, stack(0x0000000029450000,0x0000000029550000)]
  0x000000001b75c000 JavaThread "jar transforms Thread 86" [_thread_blocked, id=4824, stack(0x0000000029350000,0x0000000029450000)]
  0x000000001b75d800 JavaThread "jar transforms Thread 85" [_thread_blocked, id=3100, stack(0x0000000029250000,0x0000000029350000)]
  0x000000001b756000 JavaThread "jar transforms Thread 84" [_thread_blocked, id=17972, stack(0x0000000029150000,0x0000000029250000)]
  0x000000001b755000 JavaThread "jar transforms Thread 83" [_thread_blocked, id=14652, stack(0x0000000029050000,0x0000000029150000)]
  0x000000001b756800 JavaThread "jar transforms Thread 82" [_thread_blocked, id=19068, stack(0x0000000028f50000,0x0000000029050000)]
  0x000000001b31f800 JavaThread "jar transforms Thread 81" [_thread_blocked, id=25312, stack(0x0000000028e50000,0x0000000028f50000)]
  0x000000001b31e800 JavaThread "jar transforms Thread 80" [_thread_blocked, id=18848, stack(0x0000000028d50000,0x0000000028e50000)]
  0x000000001b31e000 JavaThread "jar transforms Thread 79" [_thread_blocked, id=7388, stack(0x0000000028c50000,0x0000000028d50000)]
  0x000000001b31d000 JavaThread "jar transforms Thread 78" [_thread_blocked, id=19128, stack(0x0000000028b50000,0x0000000028c50000)]
  0x000000001b31c800 JavaThread "jar transforms Thread 77" [_thread_blocked, id=7728, stack(0x0000000028a50000,0x0000000028b50000)]
  0x000000001b31b800 JavaThread "jar transforms Thread 76" [_thread_blocked, id=27848, stack(0x0000000028950000,0x0000000028a50000)]
  0x000000001b31b000 JavaThread "jar transforms Thread 75" [_thread_blocked, id=6820, stack(0x0000000028850000,0x0000000028950000)]
  0x000000001b31a000 JavaThread "jar transforms Thread 74" [_thread_blocked, id=26132, stack(0x0000000028750000,0x0000000028850000)]
  0x000000001b319800 JavaThread "jar transforms Thread 73" [_thread_blocked, id=18080, stack(0x0000000028650000,0x0000000028750000)]
  0x000000001b312000 JavaThread "jar transforms Thread 72" [_thread_blocked, id=5404, stack(0x0000000028550000,0x0000000028650000)]
  0x000000001b315800 JavaThread "jar transforms Thread 71" [_thread_blocked, id=2840, stack(0x0000000028450000,0x0000000028550000)]
  0x000000001b318800 JavaThread "jar transforms Thread 70" [_thread_blocked, id=16776, stack(0x0000000028350000,0x0000000028450000)]
  0x000000001b312800 JavaThread "jar transforms Thread 69" [_thread_blocked, id=20768, stack(0x0000000028250000,0x0000000028350000)]
  0x000000001b311000 JavaThread "jar transforms Thread 68" [_thread_blocked, id=13708, stack(0x0000000028150000,0x0000000028250000)]
  0x000000001b313800 JavaThread "jar transforms Thread 67" [_thread_blocked, id=27108, stack(0x0000000028050000,0x0000000028150000)]
  0x000000001b318000 JavaThread "jar transforms Thread 66" [_thread_blocked, id=27836, stack(0x0000000027f50000,0x0000000028050000)]
  0x000000001b314000 JavaThread "jar transforms Thread 65" [_thread_blocked, id=592, stack(0x0000000027e50000,0x0000000027f50000)]
  0x000000001b316800 JavaThread "jar transforms Thread 64" [_thread_blocked, id=2176, stack(0x0000000027d50000,0x0000000027e50000)]
  0x000000001b317000 JavaThread "jar transforms Thread 63" [_thread_blocked, id=16216, stack(0x0000000027c50000,0x0000000027d50000)]
  0x000000001b310800 JavaThread "jar transforms Thread 62" [_thread_blocked, id=13784, stack(0x0000000027b50000,0x0000000027c50000)]
  0x000000001b315000 JavaThread "jar transforms Thread 61" [_thread_blocked, id=5756, stack(0x0000000027a50000,0x0000000027b50000)]
  0x000000001c533800 JavaThread "jar transforms Thread 60" [_thread_blocked, id=7900, stack(0x0000000027950000,0x0000000027a50000)]
  0x000000001c532000 JavaThread "jar transforms Thread 59" [_thread_blocked, id=19348, stack(0x0000000027850000,0x0000000027950000)]
  0x000000001c52d800 JavaThread "jar transforms Thread 58" [_thread_blocked, id=3272, stack(0x0000000027750000,0x0000000027850000)]
  0x000000001c531800 JavaThread "jar transforms Thread 57" [_thread_blocked, id=25896, stack(0x0000000027650000,0x0000000027750000)]
  0x000000001c530800 JavaThread "jar transforms Thread 56" [_thread_blocked, id=24692, stack(0x0000000027550000,0x0000000027650000)]
  0x000000001c533000 JavaThread "jar transforms Thread 55" [_thread_blocked, id=2484, stack(0x0000000027450000,0x0000000027550000)]
  0x000000001c530000 JavaThread "jar transforms Thread 54" [_thread_blocked, id=23780, stack(0x0000000027350000,0x0000000027450000)]
  0x000000001c52e800 JavaThread "jar transforms Thread 53" [_thread_blocked, id=10112, stack(0x0000000027250000,0x0000000027350000)]
  0x000000001c52f000 JavaThread "jar transforms Thread 52" [_thread_blocked, id=21224, stack(0x0000000027150000,0x0000000027250000)]
  0x000000001c526000 JavaThread "jar transforms Thread 51" [_thread_blocked, id=25212, stack(0x0000000027050000,0x0000000027150000)]
  0x000000001c52d000 JavaThread "jar transforms Thread 50" [_thread_blocked, id=25704, stack(0x0000000026f50000,0x0000000027050000)]
  0x000000001c52a800 JavaThread "jar transforms Thread 49" [_thread_blocked, id=30436, stack(0x0000000026e50000,0x0000000026f50000)]
  0x000000001c527000 JavaThread "jar transforms Thread 48" [_thread_blocked, id=22044, stack(0x0000000026d50000,0x0000000026e50000)]
  0x000000001c529000 JavaThread "jar transforms Thread 47" [_thread_blocked, id=12956, stack(0x0000000026c50000,0x0000000026d50000)]
  0x000000001c527800 JavaThread "jar transforms Thread 46" [_thread_blocked, id=16236, stack(0x0000000026b50000,0x0000000026c50000)]
  0x000000001c52c000 JavaThread "jar transforms Thread 45" [_thread_blocked, id=24044, stack(0x0000000026a50000,0x0000000026b50000)]
  0x000000001c528800 JavaThread "jar transforms Thread 44" [_thread_blocked, id=11548, stack(0x0000000026950000,0x0000000026a50000)]
  0x000000001c52a000 JavaThread "jar transforms Thread 43" [_thread_blocked, id=10648, stack(0x0000000026850000,0x0000000026950000)]
  0x000000001c525800 JavaThread "jar transforms Thread 42" [_thread_blocked, id=27492, stack(0x0000000026750000,0x0000000026850000)]
  0x000000001c524800 JavaThread "jar transforms Thread 41" [_thread_blocked, id=11860, stack(0x0000000026650000,0x0000000026750000)]
  0x000000001c52b800 JavaThread "jar transforms Thread 40" [_thread_blocked, id=12596, stack(0x0000000026550000,0x0000000026650000)]
  0x000000001f9a3800 JavaThread "jar transforms Thread 39" [_thread_blocked, id=22472, stack(0x0000000026450000,0x0000000026550000)]
  0x000000001f9a3000 JavaThread "jar transforms Thread 38" [_thread_blocked, id=27332, stack(0x0000000026350000,0x0000000026450000)]
  0x000000001f9a1800 JavaThread "jar transforms Thread 37" [_thread_blocked, id=22752, stack(0x0000000026250000,0x0000000026350000)]
  0x000000001f9a0800 JavaThread "jar transforms Thread 36" [_thread_blocked, id=1324, stack(0x0000000026150000,0x0000000026250000)]
  0x000000001f9a0000 JavaThread "jar transforms Thread 35" [_thread_blocked, id=18912, stack(0x0000000026050000,0x0000000026150000)]
  0x000000001f99f000 JavaThread "jar transforms Thread 34" [_thread_blocked, id=19600, stack(0x0000000025f50000,0x0000000026050000)]
  0x000000001f9a2000 JavaThread "jar transforms Thread 33" [_thread_blocked, id=23840, stack(0x0000000025e50000,0x0000000025f50000)]
  0x000000001f9a4800 JavaThread "jar transforms Thread 32" [_thread_blocked, id=28604, stack(0x0000000025d50000,0x0000000025e50000)]
  0x000000001f997800 JavaThread "jar transforms Thread 31" [_thread_blocked, id=24340, stack(0x0000000025c50000,0x0000000025d50000)]
  0x000000001f99e800 JavaThread "jar transforms Thread 30" [_thread_blocked, id=7844, stack(0x0000000025b50000,0x0000000025c50000)]
  0x000000001f997000 JavaThread "jar transforms Thread 29" [_thread_blocked, id=29524, stack(0x0000000025a50000,0x0000000025b50000)]
  0x000000001f99d800 JavaThread "jar transforms Thread 28" [_thread_blocked, id=21612, stack(0x0000000025950000,0x0000000025a50000)]
  0x000000001f99c000 JavaThread "jar transforms Thread 27" [_thread_blocked, id=23600, stack(0x0000000025850000,0x0000000025950000)]
  0x000000001f99a000 JavaThread "jar transforms Thread 26" [_thread_blocked, id=10228, stack(0x0000000025750000,0x0000000025850000)]
  0x000000001f999000 JavaThread "jar transforms Thread 25" [_thread_blocked, id=228, stack(0x0000000025650000,0x0000000025750000)]
  0x000000001f99a800 JavaThread "jar transforms Thread 24" [_thread_blocked, id=1716, stack(0x0000000025550000,0x0000000025650000)]
  0x000000001f99b800 JavaThread "jar transforms Thread 23" [_thread_blocked, id=2772, stack(0x0000000025450000,0x0000000025550000)]
  0x000000001f99d000 JavaThread "jar transforms Thread 22" [_thread_blocked, id=25584, stack(0x0000000025350000,0x0000000025450000)]
  0x000000001f998800 JavaThread "jar transforms Thread 21" [_thread_blocked, id=4384, stack(0x0000000025250000,0x0000000025350000)]
  0x000000001f995800 JavaThread "jar transforms Thread 20" [_thread_blocked, id=25560, stack(0x0000000025150000,0x0000000025250000)]
  0x000000001f996000 JavaThread "jar transforms Thread 19" [_thread_blocked, id=3060, stack(0x0000000025050000,0x0000000025150000)]
  0x000000001efbe000 JavaThread "jar transforms Thread 18" [_thread_blocked, id=8916, stack(0x0000000024f50000,0x0000000025050000)]
  0x000000001efbf000 JavaThread "jar transforms Thread 17" [_thread_blocked, id=26200, stack(0x0000000024e50000,0x0000000024f50000)]
  0x000000001efbd800 JavaThread "jar transforms Thread 16" [_thread_blocked, id=21156, stack(0x0000000024d50000,0x0000000024e50000)]
  0x000000001efbc800 JavaThread "jar transforms Thread 15" [_thread_blocked, id=16684, stack(0x0000000024c50000,0x0000000024d50000)]
  0x000000001efbc000 JavaThread "jar transforms Thread 14" [_thread_blocked, id=11904, stack(0x0000000024b50000,0x0000000024c50000)]
  0x000000001efbf800 JavaThread "jar transforms Thread 13" [_thread_blocked, id=12128, stack(0x0000000024a50000,0x0000000024b50000)]
  0x000000001efc2000 JavaThread "jar transforms Thread 12" [_thread_blocked, id=16004, stack(0x0000000024950000,0x0000000024a50000)]
  0x000000001efbb000 JavaThread "jar transforms Thread 11" [_thread_blocked, id=18384, stack(0x0000000024850000,0x0000000024950000)]
  0x000000001efc1000 JavaThread "jar transforms Thread 10" [_thread_blocked, id=21328, stack(0x0000000024750000,0x0000000024850000)]
  0x000000001efc0800 JavaThread "jar transforms Thread 9" [_thread_blocked, id=17828, stack(0x0000000024650000,0x0000000024750000)]
  0x000000001b92c000 JavaThread "jar transforms Thread 8" [_thread_blocked, id=25512, stack(0x0000000024550000,0x0000000024650000)]
  0x000000001b92b800 JavaThread "jar transforms Thread 7" [_thread_blocked, id=27744, stack(0x0000000024450000,0x0000000024550000)]
  0x000000001b92a800 JavaThread "jar transforms Thread 6" [_thread_blocked, id=6624, stack(0x0000000024350000,0x0000000024450000)]
  0x000000001b92a000 JavaThread "jar transforms Thread 5" [_thread_blocked, id=31232, stack(0x0000000024250000,0x0000000024350000)]
  0x000000001b922800 JavaThread "jar transforms Thread 4" [_thread_blocked, id=23192, stack(0x0000000024150000,0x0000000024250000)]
  0x000000001b929000 JavaThread "jar transforms Thread 3" [_thread_blocked, id=7988, stack(0x0000000024050000,0x0000000024150000)]
  0x000000001b928800 JavaThread "jar transforms Thread 2" [_thread_blocked, id=15008, stack(0x0000000023f50000,0x0000000024050000)]
  0x000000001b927800 JavaThread "Build operations Thread 8" [_thread_blocked, id=26528, stack(0x0000000023e50000,0x0000000023f50000)]
  0x000000001b926000 JavaThread "Build operations Thread 7" [_thread_blocked, id=2792, stack(0x0000000023d50000,0x0000000023e50000)]
  0x000000001b925800 JavaThread "Build operations Thread 6" [_thread_in_Java, id=21000, stack(0x0000000023c50000,0x0000000023d50000)]
  0x000000001b927000 JavaThread "Build operations Thread 5" [_thread_in_Java, id=20248, stack(0x0000000023b50000,0x0000000023c50000)]
  0x000000001b924800 JavaThread "Build operations Thread 4" [_thread_in_Java, id=29904, stack(0x0000000023a50000,0x0000000023b50000)]
  0x000000001b924000 JavaThread "Build operations Thread 3" [_thread_in_Java, id=8076, stack(0x0000000023950000,0x0000000023a50000)]
  0x000000001b91e800 JavaThread "Build operations Thread 2" [_thread_in_Java, id=21696, stack(0x0000000023850000,0x0000000023950000)]
  0x000000001b921000 JavaThread "Build operations" [_thread_blocked, id=20936, stack(0x0000000023750000,0x0000000023850000)]
  0x000000001b7a5000 JavaThread "Cache worker for file content cache (C:\Users\pc\.gradle\caches\6.5\fileContent)" [_thread_blocked, id=22552, stack(0x0000000023050000,0x0000000023150000)]
  0x000000001b7a2000 JavaThread "jar transforms" [_thread_blocked, id=23120, stack(0x0000000022f50000,0x0000000023050000)]
  0x000000001b7a4800 JavaThread "Cache worker for execution history cache (C:\Users\pc\.gradle\caches\6.5\executionHistory)" [_thread_blocked, id=28712, stack(0x0000000022570000,0x0000000022670000)]
  0x000000001b7a3800 JavaThread "Cache worker for cache directory md-rule (C:\Users\pc\.gradle\caches\6.5\md-rule)" [_thread_blocked, id=30264, stack(0x0000000021480000,0x0000000021580000)]
  0x000000001b7a1800 JavaThread "Cache worker for cache directory md-supplier (C:\Users\pc\.gradle\caches\6.5\md-supplier)" [_thread_blocked, id=12328, stack(0x0000000021380000,0x0000000021480000)]
  0x000000001b7a3000 JavaThread "Cache worker for checksums cache (F:\android_project\TeamProject\Project007\code\.gradle\checksums)" [_thread_blocked, id=14340, stack(0x0000000021280000,0x0000000021380000)]
  0x000000001b7a7000 JavaThread "Cache worker for file hash cache (F:\android_project\TeamProject\Project007\code\.gradle\6.5\fileHashes)" [_thread_blocked, id=12968, stack(0x0000000020f80000,0x0000000021080000)]
  0x000000001b7a6000 JavaThread "Cache worker for file hash cache (C:\Users\pc\.gradle\caches\6.5\fileHashes)" [_thread_blocked, id=4180, stack(0x0000000020c80000,0x0000000020d80000)]
  0x000000001b7a0800 JavaThread "File lock request listener" [_thread_in_native, id=16544, stack(0x000000001fbb0000,0x000000001fcb0000)]
  0x000000001b7a7800 JavaThread "Cache worker for journal cache (C:\Users\pc\.gradle\caches\journal-1)" [_thread_blocked, id=14560, stack(0x000000001fab0000,0x000000001fbb0000)]
  0x000000001ba54000 JavaThread "Thread-9" [_thread_blocked, id=21600, stack(0x000000001e7e0000,0x000000001e8e0000)]
  0x000000001bb02000 JavaThread "Stdin handler" [_thread_blocked, id=30364, stack(0x000000001e6e0000,0x000000001e7e0000)]
  0x000000001bb00000 JavaThread "Asynchronous log dispatcher for DefaultDaemonConnection: socket connection from /127.0.0.1:56651 to /127.0.0.1:56652" [_thread_blocked, id=29928, stack(0x000000001e5e0000,0x000000001e6e0000)]
  0x000000001baf3800 JavaThread "Daemon worker" [_thread_blocked, id=11096, stack(0x000000001e4e0000,0x000000001e5e0000)]
  0x000000001b012000 JavaThread "Cancel handler" [_thread_blocked, id=22560, stack(0x000000001e2e0000,0x000000001e3e0000)]
  0x000000001b00a800 JavaThread "Handler for socket connection from /127.0.0.1:56651 to /127.0.0.1:56652" [_thread_in_native, id=27220, stack(0x000000001e1e0000,0x000000001e2e0000)]
  0x000000001b785800 JavaThread "Daemon" [_thread_blocked, id=16152, stack(0x000000001e0e0000,0x000000001e1e0000)]
  0x000000001a287800 JavaThread "Daemon periodic checks" [_thread_blocked, id=25272, stack(0x000000001dde0000,0x000000001dee0000)]
  0x000000001c28f800 JavaThread "Incoming local TCP Connector on port 56651" [_thread_in_native, id=17520, stack(0x000000001dc30000,0x000000001dd30000)]
  0x000000001c97b800 JavaThread "Daemon health stats" [_thread_blocked, id=15296, stack(0x000000001d930000,0x000000001da30000)]
  0x000000001a2b6000 JavaThread "Service Thread" daemon [_thread_blocked, id=16784, stack(0x000000001ad90000,0x000000001ae90000)]
  0x000000001a233800 JavaThread "C1 CompilerThread3" daemon [_thread_blocked, id=19428, stack(0x000000001ac90000,0x000000001ad90000)]
  0x000000001a222000 JavaThread "C2 CompilerThread2" daemon [_thread_in_native, id=10356, stack(0x000000001ab90000,0x000000001ac90000)]
  0x000000001a220000 JavaThread "C2 CompilerThread1" daemon [_thread_in_native, id=16008, stack(0x000000001aa90000,0x000000001ab90000)]
=>0x000000001a21a800 JavaThread "C2 CompilerThread0" daemon [_thread_in_native, id=18496, stack(0x000000001a990000,0x000000001aa90000)]
  0x000000001a219000 JavaThread "Attach Listener" daemon [_thread_blocked, id=3696, stack(0x000000001a890000,0x000000001a990000)]
  0x000000001a1c7000 JavaThread "Signal Dispatcher" daemon [_thread_blocked, id=23316, stack(0x000000001a790000,0x000000001a890000)]
  0x0000000003347800 JavaThread "Finalizer" daemon [_thread_blocked, id=27516, stack(0x000000001a690000,0x000000001a790000)]
  0x000000001a1b0800 JavaThread "Reference Handler" daemon [_thread_blocked, id=15884, stack(0x000000001a590000,0x000000001a690000)]
  0x000000000314d800 JavaThread "main" [_thread_blocked, id=28000, stack(0x0000000003150000,0x0000000003250000)]

Other Threads:
  0x00000000183b7800 VMThread [stack: 0x000000001a090000,0x000000001a190000] [id=19448]
  0x000000001a2b7800 WatcherThread [stack: 0x000000001ae90000,0x000000001af90000] [id=19736]

VM state:not at safepoint (normal execution)

VM Mutex/Monitor currently owned by a thread: None

heap address: 0x0000000080000000, size: 2048 MB, Compressed Oops mode: 32-bit
Narrow klass base: 0x0000000000000000, Narrow klass shift: 3
Compressed class space size: 1073741824 Address: 0x0000000100000000

Heap:
 PSYoungGen      total 281600K, used 184190K [0x00000000d5580000, 0x00000000e8480000, 0x0000000100000000)
  eden space 252928K, 66% used [0x00000000d5580000,0x00000000dfa30d68,0x00000000e4c80000)
  from space 28672K, 54% used [0x00000000e4c80000,0x00000000e5baec28,0x00000000e6880000)
  to   space 26624K, 0% used [0x00000000e6a80000,0x00000000e6a80000,0x00000000e8480000)
 ParOldGen       total 127488K, used 110617K [0x0000000080000000, 0x0000000087c80000, 0x00000000d5580000)
  object space 127488K, 86% used [0x0000000080000000,0x0000000086c064a8,0x0000000087c80000)
 Metaspace       used 78000K, capacity 82174K, committed 84568K, reserved 1122304K
  class space    used 10584K, capacity 11344K, committed 11904K, reserved 1048576K

Card table byte_map: [0x0000000012710000,0x0000000012b20000] byte_map_base: 0x0000000012310000

Marking Bits: (ParMarkBitMap*) 0x000000005b71f030
 Begin Bits: [0x00000000135d0000, 0x00000000155d0000)
 End Bits:   [0x00000000155d0000, 0x00000000175d0000)

Polling page: 0x0000000002ca0000

CodeCache: size=245760Kb used=41395Kb max_used=41395Kb free=204364Kb
 bounds [0x0000000003350000, 0x0000000005bf0000, 0x0000000012350000]
 total_blobs=13037 nmethods=12220 adapters=727
 compilation: enabled

Compilation events (10 events):
Event: 66.878 Thread 0x000000001a233800 nmethod 14355 0x0000000005b56f50 code [0x0000000005b570c0, 0x0000000005b57248]
Event: 66.879 Thread 0x000000001a233800 14356       2       com.android.tools.r8.s.b.L0::a (184 bytes)
Event: 66.882 Thread 0x000000001a233800 nmethod 14356 0x0000000005b572d0 code [0x0000000005b57520, 0x0000000005b57df8]
Event: 66.891 Thread 0x000000001a233800 14357       1       com.android.tools.r8.s.b.L0::I2 (3 bytes)
Event: 66.891 Thread 0x000000001a233800 nmethod 14357 0x0000000005b58410 code [0x0000000005b58560, 0x0000000005b58670]
Event: 66.900 Thread 0x000000001a233800 14358       2       com.android.tools.r8.s.b.v::b (27 bytes)
Event: 66.900 Thread 0x000000001a233800 nmethod 14358 0x0000000005b586d0 code [0x0000000005b58840, 0x0000000005b58a18]
Event: 66.952 Thread 0x000000001a233800 14359       2       com.android.tools.r8.q.a.a.b.J::put (8 bytes)
Event: 66.966 Thread 0x000000001a233800 nmethod 14359 0x0000000005b58b10 code [0x0000000005b58c80, 0x0000000005b58de8]
Event: 67.008 Thread 0x000000001a233800 14360       2       java.util.ArrayList$ArrayListSpliterator::getFence (48 bytes)

GC Heap History (10 events):
Event: 64.064 GC heap before
{Heap before GC invocations=22 (full 4):
 PSYoungGen      total 281600K, used 260072K [0x00000000d5580000, 0x00000000e8480000, 0x0000000100000000)
  eden space 252928K, 100% used [0x00000000d5580000,0x00000000e4c80000,0x00000000e4c80000)
  from space 28672K, 24% used [0x00000000e4c80000,0x00000000e537a398,0x00000000e6880000)
  to   space 26624K, 0% used [0x00000000e6a80000,0x00000000e6a80000,0x00000000e8480000)
 ParOldGen       total 127488K, used 102561K [0x0000000080000000, 0x0000000087c80000, 0x00000000d5580000)
  object space 127488K, 80% used [0x0000000080000000,0x00000000864286b8,0x0000000087c80000)
 Metaspace       used 77724K, capacity 81890K, committed 84568K, reserved 1122304K
  class space    used 10572K, capacity 11334K, committed 11904K, reserved 1048576K
Event: 64.078 GC heap after
Heap after GC invocations=22 (full 4):
 PSYoungGen      total 279552K, used 9528K [0x00000000d5580000, 0x00000000e8480000, 0x0000000100000000)
  eden space 252928K, 0% used [0x00000000d5580000,0x00000000d5580000,0x00000000e4c80000)
  from space 26624K, 35% used [0x00000000e6a80000,0x00000000e73ce3c8,0x00000000e8480000)
  to   space 28672K, 0% used [0x00000000e4c80000,0x00000000e4c80000,0x00000000e6880000)
 ParOldGen       total 127488K, used 102561K [0x0000000080000000, 0x0000000087c80000, 0x00000000d5580000)
  object space 127488K, 80% used [0x0000000080000000,0x00000000864286b8,0x0000000087c80000)
 Metaspace       used 77724K, capacity 81890K, committed 84568K, reserved 1122304K
  class space    used 10572K, capacity 11334K, committed 11904K, reserved 1048576K
}
Event: 64.509 GC heap before
{Heap before GC invocations=23 (full 4):
 PSYoungGen      total 279552K, used 262456K [0x00000000d5580000, 0x00000000e8480000, 0x0000000100000000)
  eden space 252928K, 100% used [0x00000000d5580000,0x00000000e4c80000,0x00000000e4c80000)
  from space 26624K, 35% used [0x00000000e6a80000,0x00000000e73ce3c8,0x00000000e8480000)
  to   space 28672K, 0% used [0x00000000e4c80000,0x00000000e4c80000,0x00000000e6880000)
 ParOldGen       total 127488K, used 102561K [0x0000000080000000, 0x0000000087c80000, 0x00000000d5580000)
  object space 127488K, 80% used [0x0000000080000000,0x00000000864286b8,0x0000000087c80000)
 Metaspace       used 77762K, capacity 81954K, committed 84568K, reserved 1122304K
  class space    used 10576K, capacity 11334K, committed 11904K, reserved 1048576K
Event: 64.531 GC heap after
Heap after GC invocations=23 (full 4):
 PSYoungGen      total 281600K, used 11704K [0x00000000d5580000, 0x00000000e8480000, 0x0000000100000000)
  eden space 252928K, 0% used [0x00000000d5580000,0x00000000d5580000,0x00000000e4c80000)
  from space 28672K, 40% used [0x00000000e4c80000,0x00000000e57ee3b8,0x00000000e6880000)
  to   space 26624K, 0% used [0x00000000e6a80000,0x00000000e6a80000,0x00000000e8480000)
 ParOldGen       total 127488K, used 102569K [0x0000000080000000, 0x0000000087c80000, 0x00000000d5580000)
  object space 127488K, 80% used [0x0000000080000000,0x000000008642a6b8,0x0000000087c80000)
 Metaspace       used 77762K, capacity 81954K, committed 84568K, reserved 1122304K
  class space    used 10576K, capacity 11334K, committed 11904K, reserved 1048576K
}
Event: 64.911 GC heap before
{Heap before GC invocations=24 (full 4):
 PSYoungGen      total 281600K, used 264632K [0x00000000d5580000, 0x00000000e8480000, 0x0000000100000000)
  eden space 252928K, 100% used [0x00000000d5580000,0x00000000e4c80000,0x00000000e4c80000)
  from space 28672K, 40% used [0x00000000e4c80000,0x00000000e57ee3b8,0x00000000e6880000)
  to   space 26624K, 0% used [0x00000000e6a80000,0x00000000e6a80000,0x00000000e8480000)
 ParOldGen       total 127488K, used 102569K [0x0000000080000000, 0x0000000087c80000, 0x00000000d5580000)
  object space 127488K, 80% used [0x0000000080000000,0x000000008642a6b8,0x0000000087c80000)
 Metaspace       used 77796K, capacity 81954K, committed 84568K, reserved 1122304K
  class space    used 10576K, capacity 11334K, committed 11904K, reserved 1048576K
Event: 64.933 GC heap after
Heap after GC invocations=24 (full 4):
 PSYoungGen      total 279552K, used 14609K [0x00000000d5580000, 0x00000000e8480000, 0x0000000100000000)
  eden space 252928K, 0% used [0x00000000d5580000,0x00000000d5580000,0x00000000e4c80000)
  from space 26624K, 54% used [0x00000000e6a80000,0x00000000e78c4410,0x00000000e8480000)
  to   space 28672K, 0% used [0x00000000e4c80000,0x00000000e4c80000,0x00000000e6880000)
 ParOldGen       total 127488K, used 102569K [0x0000000080000000, 0x0000000087c80000, 0x00000000d5580000)
  object space 127488K, 80% used [0x0000000080000000,0x000000008642a6b8,0x0000000087c80000)
 Metaspace       used 77796K, capacity 81954K, committed 84568K, reserved 1122304K
  class space    used 10576K, capacity 11334K, committed 11904K, reserved 1048576K
}
Event: 66.210 GC heap before
{Heap before GC invocations=25 (full 4):
 PSYoungGen      total 279552K, used 267537K [0x00000000d5580000, 0x00000000e8480000, 0x0000000100000000)
  eden space 252928K, 100% used [0x00000000d5580000,0x00000000e4c80000,0x00000000e4c80000)
  from space 26624K, 54% used [0x00000000e6a80000,0x00000000e78c4410,0x00000000e8480000)
  to   space 28672K, 0% used [0x00000000e4c80000,0x00000000e4c80000,0x00000000e6880000)
 ParOldGen       total 127488K, used 102569K [0x0000000080000000, 0x0000000087c80000, 0x00000000d5580000)
  object space 127488K, 80% used [0x0000000080000000,0x000000008642a6b8,0x0000000087c80000)
 Metaspace       used 77936K, capacity 82126K, committed 84568K, reserved 1122304K
  class space    used 10578K, capacity 11338K, committed 11904K, reserved 1048576K
Event: 66.260 GC heap after
Heap after GC invocations=25 (full 4):
 PSYoungGen      total 281600K, used 10082K [0x00000000d5580000, 0x00000000e8480000, 0x0000000100000000)
  eden space 252928K, 0% used [0x00000000d5580000,0x00000000d5580000,0x00000000e4c80000)
  from space 28672K, 35% used [0x00000000e4c80000,0x00000000e5658968,0x00000000e6880000)
  to   space 26624K, 0% used [0x00000000e6a80000,0x00000000e6a80000,0x00000000e8480000)
 ParOldGen       total 127488K, used 106597K [0x0000000080000000, 0x0000000087c80000, 0x00000000d5580000)
  object space 127488K, 83% used [0x0000000080000000,0x00000000868196a0,0x0000000087c80000)
 Metaspace       used 77936K, capacity 82126K, committed 84568K, reserved 1122304K
  class space    used 10578K, capacity 11338K, committed 11904K, reserved 1048576K
}
Event: 66.842 GC heap before
{Heap before GC invocations=26 (full 4):
 PSYoungGen      total 281600K, used 263010K [0x00000000d5580000, 0x00000000e8480000, 0x0000000100000000)
  eden space 252928K, 100% used [0x00000000d5580000,0x00000000e4c80000,0x00000000e4c80000)
  from space 28672K, 35% used [0x00000000e4c80000,0x00000000e5658968,0x00000000e6880000)
  to   space 26624K, 0% used [0x00000000e6a80000,0x00000000e6a80000,0x00000000e8480000)
 ParOldGen       total 127488K, used 106597K [0x0000000080000000, 0x0000000087c80000, 0x00000000d5580000)
  object space 127488K, 83% used [0x0000000080000000,0x00000000868196a0,0x0000000087c80000)
 Metaspace       used 77973K, capacity 82154K, committed 84568K, reserved 1122304K
  class space    used 10580K, capacity 11342K, committed 11904K, reserved 1048576K
Event: 66.861 GC heap after
Heap after GC invocations=26 (full 4):
 PSYoungGen      total 279552K, used 12091K [0x00000000d5580000, 0x00000000e8480000, 0x0000000100000000)
  eden space 252928K, 0% used [0x00000000d5580000,0x00000000d5580000,0x00000000e4c80000)
  from space 26624K, 45% used [0x00000000e6a80000,0x00000000e764ee38,0x00000000e8480000)
  to   space 28672K, 0% used [0x00000000e4c80000,0x00000000e4c80000,0x00000000e6880000)
 ParOldGen       total 127488K, used 108812K [0x0000000080000000, 0x0000000087c80000, 0x00000000d5580000)
  object space 127488K, 85% used [0x0000000080000000,0x0000000086a433c0,0x0000000087c80000)
 Metaspace       used 77973K, capacity 82154K, committed 84568K, reserved 1122304K
  class space    used 10580K, capacity 11342K, committed 11904K, reserved 1048576K
}

Deoptimization events (10 events):
Event: 64.505 Thread 0x000000001b91e800 Uncommon trap: reason=array_check action=maybe_recompile pc=0x00000000059a7548 method=java.util.TimSort.reverseRange([Ljava/lang/Object;II)V @ 27
Event: 64.711 Thread 0x000000001b927800 Uncommon trap: reason=unstable_if action=reinterpret pc=0x00000000058ec8c0 method=com.android.tools.r8.s.b.q1.a(Lcom/android/tools/r8/graph/f;Lcom/android/tools/r8/s/b/X;Ljava/util/function/Predicate;Ljava/util/Set;)Z @ 184
Event: 64.820 Thread 0x000000001b927800 Uncommon trap: reason=class_check action=maybe_recompile pc=0x0000000004d11e54 method=com.android.tools.r8.s.a.h.e.b(Lcom/android/tools/r8/s/b/k0;)V @ 244
Event: 64.851 Thread 0x000000001b925800 Uncommon trap: reason=unstable_if action=reinterpret pc=0x00000000053a4d70 method=com.android.tools.r8.ir.conversion.o.a(ILcom/android/tools/r8/ir/conversion/N;)I @ 148
Event: 65.928 Thread 0x000000001b921000 Uncommon trap: reason=unstable_if action=reinterpret pc=0x000000000503813c method=com.android.tools.r8.s.b.W0.equals(Ljava/lang/Object;)Z @ 60
Event: 66.065 Thread 0x000000001b924800 Uncommon trap: reason=array_check action=maybe_recompile pc=0x0000000004e0967c method=java.util.TimSort.binarySort([Ljava/lang/Object;IIILjava/util/Comparator;)V @ 183
Event: 66.065 Thread 0x000000001b924800 Uncommon trap: reason=array_check action=maybe_recompile pc=0x0000000004e0967c method=java.util.TimSort.binarySort([Ljava/lang/Object;IIILjava/util/Comparator;)V @ 183
Event: 66.415 Thread 0x000000001b927000 Uncommon trap: reason=unstable_if action=reinterpret pc=0x000000000585e1a4 method=com.android.tools.r8.ir.regalloc.a.a(Lcom/android/tools/r8/ir/regalloc/a$a;Z)Lcom/android/tools/r8/ir/regalloc/a$a; @ 2550
Event: 66.679 Thread 0x000000001b924000 Uncommon trap: reason=unstable_if action=reinterpret pc=0x0000000004930eb8 method=java.util.concurrent.ConcurrentHashMap.computeIfAbsent(Ljava/lang/Object;Ljava/util/function/Function;)Ljava/lang/Object; @ 281
Event: 66.874 Thread 0x000000001b924800 Uncommon trap: reason=unstable_if action=reinterpret pc=0x00000000037ec0bc method=java.util.WeakHashMap.expungeStaleEntries()V @ 66

Classes redefined (0 events):
No events

Internal exceptions (10 events):
Event: 66.591 Thread 0x000000001b924000 Exception <a 'sun/nio/fs/WindowsException'> (0x00000000df2d1068) thrown at [C:\src\AOSP-openjdk-git\hotspot\src\share\vm\prims\jni.cpp, line 710]
Event: 66.639 Thread 0x000000001b927800 Exception <a 'sun/nio/fs/WindowsException'> (0x00000000ddb8afa0) thrown at [C:\src\AOSP-openjdk-git\hotspot\src\share\vm\prims\jni.cpp, line 710]
Event: 66.675 Thread 0x000000001b924000 Exception <a 'sun/nio/fs/WindowsException'> (0x00000000e0b40fc0) thrown at [C:\src\AOSP-openjdk-git\hotspot\src\share\vm\prims\jni.cpp, line 710]
Event: 66.676 Thread 0x000000001b91e800 Exception <a 'sun/nio/fs/WindowsException'> (0x00000000d80976c0) thrown at [C:\src\AOSP-openjdk-git\hotspot\src\share\vm\prims\jni.cpp, line 710]
Event: 66.692 Thread 0x000000001b91e800 Exception <a 'sun/nio/fs/WindowsException'> (0x00000000e11fea60) thrown at [C:\src\AOSP-openjdk-git\hotspot\src\share\vm\prims\jni.cpp, line 710]
Event: 66.710 Thread 0x000000001b921000 Exception <a 'sun/nio/fs/WindowsException'> (0x00000000e1c78c50) thrown at [C:\src\AOSP-openjdk-git\hotspot\src\share\vm\prims\jni.cpp, line 710]
Event: 66.739 Thread 0x000000001b927800 Exception <a 'sun/nio/fs/WindowsException'> (0x00000000e28cd840) thrown at [C:\src\AOSP-openjdk-git\hotspot\src\share\vm\prims\jni.cpp, line 710]
Event: 66.809 Thread 0x000000001b921000 Exception <a 'sun/nio/fs/WindowsException'> (0x00000000e46fcd30) thrown at [C:\src\AOSP-openjdk-git\hotspot\src\share\vm\prims\jni.cpp, line 710]
Event: 66.948 Thread 0x000000001b927800 Exception <a 'sun/nio/fs/WindowsException'> (0x00000000d6ee6c10) thrown at [C:\src\AOSP-openjdk-git\hotspot\src\share\vm\prims\jni.cpp, line 710]
Event: 67.004 Thread 0x000000001b91e800 Exception <a 'sun/nio/fs/WindowsException'> (0x00000000d88acd88) thrown at [C:\src\AOSP-openjdk-git\hotspot\src\share\vm\prims\jni.cpp, line 710]

Events (10 events):
Event: 66.862 Executing VM operation: RevokeBias done
Event: 66.866 Executing VM operation: RevokeBias
Event: 66.867 Executing VM operation: RevokeBias done
Event: 66.871 Thread 0x000000001b924800 Uncommon trap: trap_request=0xffffff65 fr.pc=0x00000000037ec0bc
Event: 66.872 Executing VM operation: RevokeBias
Event: 66.874 Executing VM operation: RevokeBias done
Event: 66.874 Thread 0x000000001b924800 DEOPT PACKING pc=0x00000000037ec0bc sp=0x0000000023b4b3e0
Event: 66.874 Thread 0x000000001b924800 DEOPT UNPACKING pc=0x000000000339557b sp=0x0000000023b4b320 mode 2
Event: 66.881 Thread 0x000000001b925800 DEOPT PACKING pc=0x00000000050ee656 sp=0x0000000023d49710
Event: 66.881 Thread 0x000000001b925800 DEOPT UNPACKING pc=0x00000000033975d0 sp=0x0000000023d49758 mode 0


Dynamic libraries:
0x00007ff7ced00000 - 0x00007ff7ced31000 	F:\android\jre\bin\java.exe
0x00007ffec5ab0000 - 0x00007ffec5ca5000 	C:\WINDOWS\SYSTEM32\ntdll.dll
0x00007ffec4b20000 - 0x00007ffec4bdd000 	C:\WINDOWS\System32\KERNEL32.DLL
0x00007ffec3680000 - 0x00007ffec3949000 	C:\WINDOWS\System32\KERNELBASE.dll
0x00007ffec4c00000 - 0x00007ffec4cac000 	C:\WINDOWS\System32\ADVAPI32.dll
0x00007ffec59d0000 - 0x00007ffec5a6e000 	C:\WINDOWS\System32\msvcrt.dll
0x00007ffec3ff0000 - 0x00007ffec408c000 	C:\WINDOWS\System32\sechost.dll
0x00007ffec4170000 - 0x00007ffec429b000 	C:\WINDOWS\System32\RPCRT4.dll
0x00007ffec4380000 - 0x00007ffec4520000 	C:\WINDOWS\System32\USER32.dll
0x00007ffec35a0000 - 0x00007ffec35c2000 	C:\WINDOWS\System32\win32u.dll
0x00007ffec46f0000 - 0x00007ffec471a000 	C:\WINDOWS\System32\GDI32.dll
0x00007ffec33c0000 - 0x00007ffec34cb000 	C:\WINDOWS\System32\gdi32full.dll
0x00007ffec31f0000 - 0x00007ffec328d000 	C:\WINDOWS\System32\msvcp_win.dll
0x00007ffec32c0000 - 0x00007ffec33c0000 	C:\WINDOWS\System32\ucrtbase.dll
0x00007ffeb0360000 - 0x00007ffeb05fa000 	C:\WINDOWS\WinSxS\amd64_microsoft.windows.common-controls_6595b64144ccf1df_6.0.19041.844_none_ca00b6081b84eb1d\COMCTL32.dll
0x00007ffec45a0000 - 0x00007ffec45d0000 	C:\WINDOWS\System32\IMM32.DLL
0x0000000059370000 - 0x0000000059442000 	F:\android\jre\jre\bin\msvcr100.dll
0x000000005af50000 - 0x000000005b79b000 	F:\android\jre\jre\bin\server\jvm.dll
0x00007ffec3bd0000 - 0x00007ffec3bd8000 	C:\WINDOWS\System32\PSAPI.DLL
0x00007ffeacf30000 - 0x00007ffeacf39000 	C:\WINDOWS\SYSTEM32\WSOCK32.dll
0x00007ffeb2320000 - 0x00007ffeb2347000 	C:\WINDOWS\SYSTEM32\WINMM.dll
0x00007ffec0860000 - 0x00007ffec086a000 	C:\WINDOWS\SYSTEM32\VERSION.dll
0x00007ffec4530000 - 0x00007ffec459b000 	C:\WINDOWS\System32\ws2_32.DLL
0x00007ffec08d0000 - 0x00007ffec08df000 	F:\android\jre\jre\bin\verify.dll
0x00007ffeb37f0000 - 0x00007ffeb3819000 	F:\android\jre\jre\bin\java.dll
0x00007ffebd600000 - 0x00007ffebd616000 	F:\android\jre\jre\bin\zip.dll
0x00007ffec4d80000 - 0x00007ffec54c2000 	C:\WINDOWS\System32\SHELL32.dll
0x00007ffec0f80000 - 0x00007ffec1710000 	C:\WINDOWS\SYSTEM32\windows.storage.dll
0x00007ffec3be0000 - 0x00007ffec3f35000 	C:\WINDOWS\System32\combase.dll
0x00007ffec2c60000 - 0x00007ffec2c8c000 	C:\WINDOWS\SYSTEM32\Wldp.dll
0x00007ffec4a70000 - 0x00007ffec4b1e000 	C:\WINDOWS\System32\SHCORE.dll
0x00007ffec3b70000 - 0x00007ffec3bc5000 	C:\WINDOWS\System32\shlwapi.dll
0x00007ffec3130000 - 0x00007ffec314f000 	C:\WINDOWS\SYSTEM32\profapi.dll
0x00007ffeb73a0000 - 0x00007ffeb73ba000 	F:\android\jre\jre\bin\net.dll
0x00007ffec29e0000 - 0x00007ffec2a4a000 	C:\WINDOWS\system32\mswsock.dll
0x00007ffebd280000 - 0x00007ffebd293000 	F:\android\jre\jre\bin\nio.dll
0x00007ffea1110000 - 0x00007ffea1137000 	C:\Users\pc\.gradle\native\f6784746aeab05261644944871eae4fe03e0ef1612fff0a4a95f87b438bc6780\windows-amd64\native-platform.dll
0x00007ffec0870000 - 0x00007ffec087d000 	F:\android\jre\jre\bin\management.dll
0x00007ffec2bb0000 - 0x00007ffec2bc8000 	C:\WINDOWS\SYSTEM32\CRYPTSP.dll
0x00007ffec2310000 - 0x00007ffec2344000 	C:\WINDOWS\system32\rsaenh.dll
0x00007ffec3290000 - 0x00007ffec32b7000 	C:\WINDOWS\System32\bcrypt.dll
0x00007ffec30b0000 - 0x00007ffec30de000 	C:\WINDOWS\SYSTEM32\USERENV.dll
0x00007ffec34d0000 - 0x00007ffec3550000 	C:\WINDOWS\System32\bcryptprimitives.dll
0x00007ffec2bd0000 - 0x00007ffec2bdc000 	C:\WINDOWS\SYSTEM32\CRYPTBASE.dll
0x00007ffec2680000 - 0x00007ffec26bb000 	C:\WINDOWS\SYSTEM32\IPHLPAPI.DLL
0x00007ffec4a60000 - 0x00007ffec4a68000 	C:\WINDOWS\System32\NSI.dll
0x00007ffec0590000 - 0x00007ffec05a7000 	C:\WINDOWS\SYSTEM32\dhcpcsvc6.DLL
0x00007ffec0570000 - 0x00007ffec058d000 	C:\WINDOWS\SYSTEM32\dhcpcsvc.DLL
0x00007ffec26d0000 - 0x00007ffec279b000 	C:\WINDOWS\SYSTEM32\DNSAPI.dll
0x00007ffebb460000 - 0x00007ffebb46b000 	C:\WINDOWS\SYSTEM32\WINNSI.DLL

VM Arguments:
jvm_args: -Xmx2048m -Dfile.encoding=UTF-8 -Duser.country=CN -Duser.language=zh -Duser.variant 
java_command: org.gradle.launcher.daemon.bootstrap.GradleDaemon 6.5
java_class_path (initial): C:\Users\pc\.gradle\wrapper\dists\gradle-6.5-all\2oz4ud9k3tuxjg84bbf55q0tn\gradle-6.5\lib\gradle-launcher-6.5.jar
Launcher Type: SUN_STANDARD

Environment Variables:
PATH=;C:\Program Files (x86)\Intel\iCLS Client\;C:\Program Files\Intel\iCLS Client\;C:\windows\system32;C:\windows;C:\windows\System32\Wbem;C:\windows\System32\WindowsPowerShell\v1.0\;C:\Program Files (x86)\Intel\Intel(R) Management Engine Components\DAL;C:\Program Files\Intel\Intel(R) Management Engine Components\DAL;C:\Program Files (x86)\Intel\Intel(R) Management Engine Components\IPT;C:\Program Files\Intel\Intel(R) Management Engine Components\IPT;C:\WINDOWS\system32;C:\WINDOWS;C:\WINDOWS\System32\Wbem;C:\WINDOWS\System32\WindowsPowerShell\v1.0\;C:\WINDOWS\System32\OpenSSH\;C:\Program Files (x86)\PharosSystems\Core;C:\Program Files\Intel\WiFi\bin\;C:\Program Files\Common Files\Intel\WirelessCommon\;F:\putty\;C:\Program Files\Git\cmd;C:\Users\pc\AppData\Local\Microsoft\WindowsApps;C:\Users\pc\AppData\Local\atom\bin;C:\Users\pc\AppData\Local\GitHubDesktop\bin;F:\minGW\bin;F:\env;C:\Users\pc\Desktop\291;C:\Program Files\MongoDB\Server\4.4\bin;C:\Users\pc\AppData\Local\Microsoft\WindowsApps;C:\Users\pc\AppData\Local\Packages\PythonSoftwareFoundation.Python.3.7_qbz5n2kfra8p0\LocalCache\local-packages\Python37\Scripts;C:\Program Files\NVIDIA GPU Computing Toolkit\CUDA\v11.2\bin;
USERNAME=pc
OS=Windows_NT
PROCESSOR_IDENTIFIER=Intel64 Family 6 Model 158 Stepping 9, GenuineIntel



---------------  S Y S T E M  ---------------

OS: Windows 10.0 , 64 bit Build 19041 (10.0.19041.804)

CPU:total 8 (initial active 8) (4 cores per cpu, 2 threads per core) family 6 model 158 stepping 9, cmov, cx8, fxsr, mmx, sse, sse2, sse3, ssse3, sse4.1, sse4.2, popcnt, avx, avx2, aes, clmul, erms, 3dnowpref, lzcnt, ht, tsc, tscinvbit, bmi1, bmi2, adx

Memory: 4k page, physical 8271080k(300984k free), swap 18511080k(25316k free)

vm_info: OpenJDK 64-Bit Server VM (25.242-b01) for windows-amd64 JRE (1.8.0_242-release-1644-b01), built by "builder" with MS VC++ 10.0 (VS2010)

time: Thu Apr 08 01:05:40 2021
timezone: 中国标准时间
elapsed time: 67 seconds (0d 0h 1m 7s)

