#
# There is insufficient memory for the Java Runtime Environment to continue.
# Native memory allocation (malloc) failed to allocate 965296 bytes for Chunk::new
# Possible reasons:
#   The system is out of physical RAM or swap space
#   The process is running with CompressedOops enabled, and the Java Heap may be blocking the growth of the native heap
# Possible solutions:
#   Reduce memory load on the system
#   Increase physical memory or swap space
#   Check if swap backing store is full
#   Decrease Java heap size (-Xmx/-Xms)
#   Decrease number of Java threads
#   Decrease Java thread stack sizes (-Xss)
#   Set larger code cache with -XX:ReservedCodeCacheSize=
#   JVM is running with Unscaled Compressed Oops mode in which the Java heap is
#     placed in the first 4GB address space. The Java Heap base address is the
#     maximum limit for the native heap growth. Please use -XX:HeapBaseMinAddress
#     to set the Java Heap base and to place the Java Heap above 4GB virtual address.
# This output file may be truncated or incomplete.
#
#  Out of Memory Error (allocation.cpp:389), pid=31228, tid=0x00000000000024d8
#
# JRE version: OpenJDK Runtime Environment (8.0_242-b01) (build 1.8.0_242-release-1644-b01)
# Java VM: OpenJDK 64-Bit Server VM (25.242-b01 mixed mode windows-amd64 compressed oops)
# Failed to write core dump. Minidumps are not enabled by default on client versions of Windows
#

---------------  T H R E A D  ---------------

Current thread (0x0000000019f4c000):  JavaThread "C2 CompilerThread0" daemon [_thread_in_native, id=9432, stack(0x000000001a6f0000,0x000000001a7f0000)]

Stack: [0x000000001a6f0000,0x000000001a7f0000]
[error occurred during error reporting (printing stack bounds), id 0xc0000005]

Native frames: (J=compiled Java code, j=interpreted, Vv=VM code, C=native code)


Current CompileTask:
C2:  33296 14637       4       com.android.tools.r8.ir.conversion.o::a (1153 bytes)


---------------  P R O C E S S  ---------------

Java Threads: ( => current thread )
  0x000000001a28b000 JavaThread "stdout" [_thread_in_native, id=4948, stack(0x000000002ff30000,0x0000000030030000)]
  0x000000001d173000 JavaThread "stderr" [_thread_in_native, id=7100, stack(0x000000002f820000,0x000000002f920000)]
  0x000000001d172000 JavaThread "stdout" [_thread_in_native, id=13692, stack(0x000000002fca0000,0x000000002fda0000)]
  0x000000001d171800 JavaThread "stderr" [_thread_in_native, id=25116, stack(0x000000002fba0000,0x000000002fca0000)]
  0x000000001d174800 JavaThread "stdout" [_thread_in_native, id=23380, stack(0x000000002faa0000,0x000000002fba0000)]
  0x000000001d173800 JavaThread "stderr" [_thread_in_native, id=9452, stack(0x000000002f9a0000,0x000000002faa0000)]
  0x000000001d170800 JavaThread "stdout" [_thread_in_native, id=17896, stack(0x000000002f720000,0x000000002f820000)]
  0x000000001d175000 JavaThread "stderr" [_thread_in_native, id=19288, stack(0x000000002f620000,0x000000002f720000)]
  0x000000001d177800 JavaThread "stdout" [_thread_in_native, id=18388, stack(0x000000002f3c0000,0x000000002f4c0000)]
  0x000000001d176800 JavaThread "stderr" [_thread_in_native, id=5084, stack(0x000000002f2c0000,0x000000002f3c0000)]
  0x000000001d176000 JavaThread "stdout" [_thread_in_native, id=18348, stack(0x000000002f1c0000,0x000000002f2c0000)]
  0x000000001bbfa800 JavaThread "stderr" [_thread_in_native, id=4400, stack(0x000000002ea70000,0x000000002eb70000)]
  0x000000001bbf7000 JavaThread "stdout" [_thread_in_native, id=9808, stack(0x000000002f0c0000,0x000000002f1c0000)]
  0x000000001bbf4000 JavaThread "stderr" [_thread_in_native, id=26616, stack(0x000000002efc0000,0x000000002f0c0000)]
  0x000000001bbf6000 JavaThread "WorkerExecutor Queue Thread 7" [_thread_blocked, id=10628, stack(0x000000002edc0000,0x000000002eec0000)]
  0x000000001bbf9000 JavaThread "WorkerExecutor Queue Thread 6" [_thread_blocked, id=9912, stack(0x000000002ecc0000,0x000000002edc0000)]
  0x000000001bbf5800 JavaThread "pool-2-thread-1" [_thread_blocked, id=28484, stack(0x000000002e830000,0x000000002e930000)]
  0x000000001bbfa000 JavaThread "WorkerExecutor Queue Thread 5" [_thread_blocked, id=24104, stack(0x000000002ebc0000,0x000000002ecc0000)]
  0x000000001bbfc000 JavaThread "WorkerExecutor Queue Thread 4" [_thread_blocked, id=8700, stack(0x000000002e730000,0x000000002e830000)]
  0x000000001bbf8800 JavaThread "WorkerExecutor Queue Thread 3" [_thread_blocked, id=14380, stack(0x000000002e970000,0x000000002ea70000)]
  0x000000001bbfb800 JavaThread "WorkerExecutor Queue Thread 2" [_thread_blocked, id=2376, stack(0x000000002e630000,0x000000002e730000)]
  0x000000001bbf4800 JavaThread "WorkerExecutor Queue" [_thread_blocked, id=27892, stack(0x000000002e530000,0x000000002e630000)]
  0x000000001bbf2800 JavaThread "Cache worker for execution history cache (F:\android_project\TeamProject\Project007\code\.gradle\6.5\executionHistory)" [_thread_blocked, id=17072, stack(0x000000002de30000,0x000000002df30000)]
  0x000000001bbf1800 JavaThread "Execution worker for ':' Thread 7" [_thread_in_Java, id=31192, stack(0x000000002dd30000,0x000000002de30000)]
  0x000000001bbf1000 JavaThread "Execution worker for ':' Thread 6" [_thread_blocked, id=21760, stack(0x000000002dc30000,0x000000002dd30000)]
  0x000000001bbef800 JavaThread "Execution worker for ':' Thread 5" [_thread_blocked, id=13356, stack(0x000000002db30000,0x000000002dc30000)]
  0x000000001bbf0000 JavaThread "Execution worker for ':' Thread 4" [_thread_blocked, id=12480, stack(0x000000002da30000,0x000000002db30000)]
  0x000000001bbee800 JavaThread "Execution worker for ':' Thread 3" [_thread_blocked, id=12036, stack(0x000000002d430000,0x000000002d530000)]
  0x000000001d1a0000 JavaThread "Execution worker for ':' Thread 2" [_thread_blocked, id=7216, stack(0x000000002d330000,0x000000002d430000)]
  0x000000001d19f000 JavaThread "Execution worker for ':'" [_thread_blocked, id=30544, stack(0x000000002b1e0000,0x000000002b2e0000)]
  0x000000001d19e800 JavaThread "Cache worker for file content cache (F:\android_project\TeamProject\Project007\code\.gradle\6.5\fileContent)" [_thread_blocked, id=20432, stack(0x000000002d730000,0x000000002d830000)]
  0x000000001d19d000 JavaThread "Memory manager" [_thread_blocked, id=24708, stack(0x00000000296b0000,0x00000000297b0000)]
  0x000000001d19d800 JavaThread "Cache worker for Build Output Cleanup Cache (F:\android_project\TeamProject\Project007\code\.gradle\buildOutputCleanup)" [_thread_blocked, id=26648, stack(0x0000000028fb0000,0x00000000290b0000)]
  0x000000001d19c000 JavaThread "jar transforms Thread 95" [_thread_blocked, id=27428, stack(0x0000000028cb0000,0x0000000028db0000)]
  0x000000001d194800 JavaThread "jar transforms Thread 94" [_thread_blocked, id=12996, stack(0x0000000028bb0000,0x0000000028cb0000)]
  0x000000001d19b800 JavaThread "jar transforms Thread 93" [_thread_blocked, id=21724, stack(0x0000000028ab0000,0x0000000028bb0000)]
  0x000000001d19a800 JavaThread "jar transforms Thread 92" [_thread_blocked, id=12572, stack(0x00000000289b0000,0x0000000028ab0000)]
  0x000000001d194000 JavaThread "jar transforms Thread 91" [_thread_blocked, id=2732, stack(0x00000000288b0000,0x00000000289b0000)]
  0x000000001d196000 JavaThread "jar transforms Thread 90" [_thread_blocked, id=12284, stack(0x00000000287b0000,0x00000000288b0000)]
  0x000000001d193000 JavaThread "jar transforms Thread 89" [_thread_blocked, id=23792, stack(0x00000000286b0000,0x00000000287b0000)]
  0x000000001d19a000 JavaThread "jar transforms Thread 88" [_thread_blocked, id=2052, stack(0x00000000284b0000,0x00000000285b0000)]
  0x000000001d199000 JavaThread "jar transforms Thread 87" [_thread_blocked, id=15196, stack(0x00000000283b0000,0x00000000284b0000)]
  0x000000001d192000 JavaThread "jar transforms Thread 86" [_thread_blocked, id=28096, stack(0x00000000282b0000,0x00000000283b0000)]
  0x000000001d198800 JavaThread "jar transforms Thread 85" [_thread_blocked, id=1192, stack(0x00000000281b0000,0x00000000282b0000)]
  0x000000001d190800 JavaThread "jar transforms Thread 84" [_thread_blocked, id=2800, stack(0x00000000280b0000,0x00000000281b0000)]
  0x000000001d197000 JavaThread "jar transforms Thread 83" [_thread_blocked, id=16092, stack(0x0000000027fb0000,0x00000000280b0000)]
  0x000000001d191800 JavaThread "jar transforms Thread 82" [_thread_blocked, id=6240, stack(0x0000000027eb0000,0x0000000027fb0000)]
  0x000000001d197800 JavaThread "jar transforms Thread 81" [_thread_blocked, id=17204, stack(0x0000000027db0000,0x0000000027eb0000)]
  0x000000001edae000 JavaThread "jar transforms Thread 80" [_thread_blocked, id=15576, stack(0x0000000027cb0000,0x0000000027db0000)]
  0x000000001edab000 JavaThread "jar transforms Thread 79" [_thread_blocked, id=26340, stack(0x0000000027bb0000,0x0000000027cb0000)]
  0x000000001edac000 JavaThread "jar transforms Thread 78" [_thread_blocked, id=10852, stack(0x0000000027ab0000,0x0000000027bb0000)]
  0x000000001edaa000 JavaThread "jar transforms Thread 77" [_thread_blocked, id=22792, stack(0x00000000279b0000,0x0000000027ab0000)]
  0x000000001eda9800 JavaThread "jar transforms Thread 76" [_thread_blocked, id=17572, stack(0x00000000278b0000,0x00000000279b0000)]
  0x000000001edac800 JavaThread "jar transforms Thread 75" [_thread_blocked, id=11360, stack(0x00000000277b0000,0x00000000278b0000)]
  0x000000001edaf000 JavaThread "jar transforms Thread 74" [_thread_blocked, id=6552, stack(0x00000000276b0000,0x00000000277b0000)]
  0x000000001edad800 JavaThread "jar transforms Thread 73" [_thread_blocked, id=540, stack(0x00000000275b0000,0x00000000276b0000)]
  0x000000001eda2000 JavaThread "jar transforms Thread 72" [_thread_blocked, id=2072, stack(0x00000000274b0000,0x00000000275b0000)]
  0x000000001eda8800 JavaThread "jar transforms Thread 71" [_thread_blocked, id=31100, stack(0x00000000273b0000,0x00000000274b0000)]
  0x000000001eda1000 JavaThread "jar transforms Thread 70" [_thread_blocked, id=6576, stack(0x00000000272b0000,0x00000000273b0000)]
  0x000000001eda8000 JavaThread "jar transforms Thread 69" [_thread_blocked, id=13672, stack(0x00000000271b0000,0x00000000272b0000)]
  0x000000001eda6800 JavaThread "jar transforms Thread 68" [_thread_blocked, id=11640, stack(0x00000000270b0000,0x00000000271b0000)]
  0x000000001eda5000 JavaThread "jar transforms Thread 67" [_thread_blocked, id=10972, stack(0x0000000026fb0000,0x00000000270b0000)]
  0x000000001eda3800 JavaThread "jar transforms Thread 66" [_thread_blocked, id=30872, stack(0x0000000026eb0000,0x0000000026fb0000)]
  0x000000001eda5800 JavaThread "jar transforms Thread 65" [_thread_blocked, id=14844, stack(0x0000000026db0000,0x0000000026eb0000)]
  0x000000001eda0800 JavaThread "jar transforms Thread 64" [_thread_blocked, id=27804, stack(0x0000000026cb0000,0x0000000026db0000)]
  0x000000001eda7000 JavaThread "jar transforms Thread 63" [_thread_blocked, id=23024, stack(0x0000000026bb0000,0x0000000026cb0000)]
  0x000000001eda2800 JavaThread "jar transforms Thread 62" [_thread_blocked, id=31544, stack(0x0000000026ab0000,0x0000000026bb0000)]
  0x000000001ed9f800 JavaThread "jar transforms Thread 61" [_thread_blocked, id=29908, stack(0x00000000269b0000,0x0000000026ab0000)]
  0x000000001eda4000 JavaThread "jar transforms Thread 60" [_thread_blocked, id=488, stack(0x00000000268b0000,0x00000000269b0000)]
  0x000000001faec000 JavaThread "jar transforms Thread 59" [_thread_blocked, id=18072, stack(0x00000000267b0000,0x00000000268b0000)]
  0x000000001faeb800 JavaThread "jar transforms Thread 58" [_thread_blocked, id=29672, stack(0x00000000266b0000,0x00000000267b0000)]
  0x000000001faea800 JavaThread "jar transforms Thread 57" [_thread_blocked, id=29604, stack(0x00000000265b0000,0x00000000266b0000)]
  0x000000001faea000 JavaThread "jar transforms Thread 56" [_thread_blocked, id=28956, stack(0x00000000264b0000,0x00000000265b0000)]
  0x000000001fae2800 JavaThread "jar transforms Thread 55" [_thread_blocked, id=26852, stack(0x00000000263b0000,0x00000000264b0000)]
  0x000000001fae9000 JavaThread "jar transforms Thread 54" [_thread_blocked, id=8080, stack(0x00000000262b0000,0x00000000263b0000)]
  0x000000001fae8800 JavaThread "jar transforms Thread 53" [_thread_blocked, id=29780, stack(0x00000000261b0000,0x00000000262b0000)]
  0x000000001fae7800 JavaThread "jar transforms Thread 52" [_thread_blocked, id=29016, stack(0x00000000260b0000,0x00000000261b0000)]
  0x000000001fae7000 JavaThread "jar transforms Thread 51" [_thread_blocked, id=25264, stack(0x0000000025fb0000,0x00000000260b0000)]
  0x000000001fae6000 JavaThread "jar transforms Thread 50" [_thread_blocked, id=16864, stack(0x0000000025eb0000,0x0000000025fb0000)]
  0x000000001fade800 JavaThread "jar transforms Thread 49" [_thread_blocked, id=5684, stack(0x0000000025db0000,0x0000000025eb0000)]
  0x000000001fae5800 JavaThread "jar transforms Thread 48" [_thread_blocked, id=21476, stack(0x0000000025cb0000,0x0000000025db0000)]
  0x000000001fae1000 JavaThread "jar transforms Thread 47" [_thread_blocked, id=29936, stack(0x0000000025bb0000,0x0000000025cb0000)]
  0x000000001fae0000 JavaThread "jar transforms Thread 46" [_thread_blocked, id=1436, stack(0x0000000025ab0000,0x0000000025bb0000)]
  0x000000001fae4800 JavaThread "jar transforms Thread 45" [_thread_blocked, id=14588, stack(0x00000000259b0000,0x0000000025ab0000)]
  0x000000001fadd000 JavaThread "jar transforms Thread 44" [_thread_blocked, id=8444, stack(0x00000000258b0000,0x00000000259b0000)]
  0x000000001fade000 JavaThread "jar transforms Thread 43" [_thread_blocked, id=11036, stack(0x00000000257b0000,0x00000000258b0000)]
  0x000000001fae1800 JavaThread "jar transforms Thread 42" [_thread_blocked, id=25796, stack(0x00000000256b0000,0x00000000257b0000)]
  0x000000001fadf800 JavaThread "jar transforms Thread 41" [_thread_blocked, id=20560, stack(0x00000000255b0000,0x00000000256b0000)]
  0x000000001fae3000 JavaThread "jar transforms Thread 40" [_thread_blocked, id=17492, stack(0x00000000254b0000,0x00000000255b0000)]
  0x000000001fae4000 JavaThread "jar transforms Thread 39" [_thread_blocked, id=30180, stack(0x00000000253b0000,0x00000000254b0000)]
  0x000000001a0b9800 JavaThread "jar transforms Thread 38" [_thread_blocked, id=3516, stack(0x00000000252b0000,0x00000000253b0000)]
  0x000000001a0b8800 JavaThread "jar transforms Thread 37" [_thread_blocked, id=19308, stack(0x00000000251b0000,0x00000000252b0000)]
  0x000000001a0bc800 JavaThread "jar transforms Thread 36" [_thread_blocked, id=10476, stack(0x00000000250b0000,0x00000000251b0000)]
  0x000000001a0bb800 JavaThread "jar transforms Thread 35" [_thread_blocked, id=14424, stack(0x0000000024fb0000,0x00000000250b0000)]
  0x000000001a0bb000 JavaThread "jar transforms Thread 34" [_thread_blocked, id=29444, stack(0x0000000024eb0000,0x0000000024fb0000)]
  0x000000001a0ba000 JavaThread "jar transforms Thread 33" [_thread_blocked, id=26440, stack(0x0000000024db0000,0x0000000024eb0000)]
  0x000000001a0b1000 JavaThread "jar transforms Thread 32" [_thread_blocked, id=29812, stack(0x0000000024cb0000,0x0000000024db0000)]
  0x000000001a0b7800 JavaThread "jar transforms Thread 31" [_thread_blocked, id=28984, stack(0x0000000024bb0000,0x0000000024cb0000)]
  0x000000001a0b7000 JavaThread "jar transforms Thread 30" [_thread_blocked, id=6404, stack(0x0000000024ab0000,0x0000000024bb0000)]
  0x000000001a0af800 JavaThread "jar transforms Thread 29" [_thread_blocked, id=10844, stack(0x00000000249b0000,0x0000000024ab0000)]
  0x000000001a0b6000 JavaThread "jar transforms Thread 28" [_thread_blocked, id=9064, stack(0x00000000248b0000,0x00000000249b0000)]
  0x000000001a0ae800 JavaThread "jar transforms Thread 27" [_thread_blocked, id=1268, stack(0x00000000247b0000,0x00000000248b0000)]
  0x000000001a0b5800 JavaThread "jar transforms Thread 26" [_thread_blocked, id=28316, stack(0x00000000246b0000,0x00000000247b0000)]
  0x000000001a0b0000 JavaThread "jar transforms Thread 25" [_thread_blocked, id=8028, stack(0x00000000245b0000,0x00000000246b0000)]
  0x000000001a0b3000 JavaThread "jar transforms Thread 24" [_thread_blocked, id=18204, stack(0x00000000244b0000,0x00000000245b0000)]
  0x000000001a0b4800 JavaThread "jar transforms Thread 23" [_thread_blocked, id=19372, stack(0x00000000243b0000,0x00000000244b0000)]
  0x000000001a0ad000 JavaThread "jar transforms Thread 22" [_thread_blocked, id=21116, stack(0x00000000242b0000,0x00000000243b0000)]
  0x000000001a0b1800 JavaThread "jar transforms Thread 21" [_thread_blocked, id=16904, stack(0x00000000241b0000,0x00000000242b0000)]
  0x000000001a0ae000 JavaThread "jar transforms Thread 20" [_thread_blocked, id=21132, stack(0x00000000240b0000,0x00000000241b0000)]
  0x000000001a0b2800 JavaThread "jar transforms Thread 19" [_thread_blocked, id=8800, stack(0x0000000023fb0000,0x00000000240b0000)]
  0x000000001a0b4000 JavaThread "jar transforms Thread 18" [_thread_blocked, id=15476, stack(0x0000000023eb0000,0x0000000023fb0000)]
  0x000000001f034800 JavaThread "jar transforms Thread 17" [_thread_blocked, id=27696, stack(0x0000000023db0000,0x0000000023eb0000)]
  0x000000001f034000 JavaThread "jar transforms Thread 16" [_thread_blocked, id=21512, stack(0x0000000023cb0000,0x0000000023db0000)]
  0x000000001f032800 JavaThread "jar transforms Thread 15" [_thread_blocked, id=7724, stack(0x0000000023bb0000,0x0000000023cb0000)]
  0x000000001f033000 JavaThread "jar transforms Thread 14" [_thread_blocked, id=23700, stack(0x0000000023ab0000,0x0000000023bb0000)]
  0x000000001f038800 JavaThread "jar transforms Thread 13" [_thread_blocked, id=19544, stack(0x00000000239b0000,0x0000000023ab0000)]
  0x000000001f037800 JavaThread "jar transforms Thread 12" [_thread_blocked, id=8084, stack(0x00000000238b0000,0x00000000239b0000)]
  0x000000001f037000 JavaThread "jar transforms Thread 11" [_thread_blocked, id=14796, stack(0x00000000237b0000,0x00000000238b0000)]
  0x000000001f035800 JavaThread "jar transforms Thread 10" [_thread_blocked, id=30924, stack(0x00000000236b0000,0x00000000237b0000)]
  0x000000001f036000 JavaThread "jar transforms Thread 9" [_thread_blocked, id=7196, stack(0x00000000235b0000,0x00000000236b0000)]
  0x000000001f039000 JavaThread "jar transforms Thread 8" [_thread_blocked, id=24192, stack(0x00000000234b0000,0x00000000235b0000)]
  0x000000001ad70000 JavaThread "jar transforms Thread 7" [_thread_blocked, id=12820, stack(0x00000000233b0000,0x00000000234b0000)]
  0x000000001ad6f800 JavaThread "jar transforms Thread 6" [_thread_blocked, id=24356, stack(0x00000000232b0000,0x00000000233b0000)]
  0x000000001ad6e000 JavaThread "jar transforms Thread 5" [_thread_blocked, id=27952, stack(0x00000000231b0000,0x00000000232b0000)]
  0x000000001ad6e800 JavaThread "jar transforms Thread 4" [_thread_blocked, id=10140, stack(0x00000000228f0000,0x00000000229f0000)]
  0x000000001ad6c800 JavaThread "jar transforms Thread 3" [_thread_blocked, id=23764, stack(0x00000000227f0000,0x00000000228f0000)]
  0x000000001ad66800 JavaThread "jar transforms Thread 2" [_thread_blocked, id=23900, stack(0x00000000226f0000,0x00000000227f0000)]
  0x000000001ad6b800 JavaThread "Build operations Thread 8" [_thread_in_native, id=12088, stack(0x00000000230b0000,0x00000000231b0000)]
  0x000000001ad6d000 JavaThread "Build operations Thread 7" [_thread_blocked, id=3364, stack(0x0000000022fb0000,0x00000000230b0000)]
  0x000000001ad64000 JavaThread "Build operations Thread 6" [_thread_blocked, id=23168, stack(0x0000000022eb0000,0x0000000022fb0000)]
  0x000000001ad65800 JavaThread "Build operations Thread 5" [_thread_in_Java, id=18416, stack(0x0000000022db0000,0x0000000022eb0000)]
  0x000000001ad67000 JavaThread "Build operations Thread 4" [_thread_blocked, id=22644, stack(0x0000000022cb0000,0x0000000022db0000)]
  0x000000001ad65000 JavaThread "Build operations Thread 3" [_thread_in_native, id=5140, stack(0x0000000022bb0000,0x0000000022cb0000)]
  0x000000001ad6b000 JavaThread "Build operations Thread 2" [_thread_in_native, id=17436, stack(0x0000000022ab0000,0x0000000022bb0000)]
  0x000000001ad63800 JavaThread "Build operations" [_thread_in_native, id=14064, stack(0x0000000022180000,0x0000000022280000)]
  0x000000001ad68000 JavaThread "Cache worker for file content cache (C:\Users\pc\.gradle\caches\6.5\fileContent)" [_thread_blocked, id=7544, stack(0x0000000021e80000,0x0000000021f80000)]
  0x000000001ad62800 JavaThread "jar transforms" [_thread_blocked, id=15860, stack(0x0000000021d80000,0x0000000021e80000)]
  0x0000000019f55000 JavaThread "Cache worker for execution history cache (C:\Users\pc\.gradle\caches\6.5\executionHistory)" [_thread_blocked, id=30460, stack(0x0000000021680000,0x0000000021780000)]
  0x0000000019f54800 JavaThread "Cache worker for cache directory md-rule (C:\Users\pc\.gradle\caches\6.5\md-rule)" [_thread_blocked, id=9276, stack(0x0000000021580000,0x0000000021680000)]
  0x0000000019f53800 JavaThread "Cache worker for cache directory md-supplier (C:\Users\pc\.gradle\caches\6.5\md-supplier)" [_thread_blocked, id=29660, stack(0x0000000021480000,0x0000000021580000)]
  0x0000000019f52000 JavaThread "Cache worker for checksums cache (F:\android_project\TeamProject\Project007\code\.gradle\checksums)" [_thread_blocked, id=18524, stack(0x00000000200d0000,0x00000000201d0000)]
  0x0000000019f53000 JavaThread "Cache worker for file hash cache (F:\android_project\TeamProject\Project007\code\.gradle\6.5\fileHashes)" [_thread_blocked, id=24968, stack(0x000000001fb10000,0x000000001fc10000)]
  0x0000000019f51800 JavaThread "Cache worker for file hash cache (C:\Users\pc\.gradle\caches\6.5\fileHashes)" [_thread_blocked, id=25268, stack(0x000000001ea40000,0x000000001eb40000)]
  0x0000000019f58000 JavaThread "File lock request listener" [_thread_in_native, id=2304, stack(0x000000001e940000,0x000000001ea40000)]
  0x000000001ca5f800 JavaThread "Cache worker for journal cache (C:\Users\pc\.gradle\caches\journal-1)" [_thread_blocked, id=28252, stack(0x000000001e840000,0x000000001e940000)]
  0x000000001ae85000 JavaThread "Thread-9" [_thread_blocked, id=24540, stack(0x000000001e540000,0x000000001e640000)]
  0x000000001c1b1800 JavaThread "Stdin handler" [_thread_blocked, id=12076, stack(0x000000001e440000,0x000000001e540000)]
  0x000000001c1af000 JavaThread "Asynchronous log dispatcher for DefaultDaemonConnection: socket connection from /127.0.0.1:56710 to /127.0.0.1:56711" [_thread_blocked, id=23788, stack(0x000000001e340000,0x000000001e440000)]
  0x000000001c886800 JavaThread "Daemon worker" [_thread_blocked, id=19700, stack(0x000000001e240000,0x000000001e340000)]
  0x000000001c885800 JavaThread "Cancel handler" [_thread_blocked, id=30404, stack(0x000000001e040000,0x000000001e140000)]
  0x000000001c85f800 JavaThread "Handler for socket connection from /127.0.0.1:56710 to /127.0.0.1:56711" [_thread_in_native, id=22168, stack(0x000000001df40000,0x000000001e040000)]
  0x000000001c820000 JavaThread "Daemon" [_thread_blocked, id=7980, stack(0x000000001de40000,0x000000001df40000)]
  0x000000001c821000 JavaThread "Daemon periodic checks" [_thread_blocked, id=13860, stack(0x000000001db40000,0x000000001dc40000)]
  0x000000001c846800 JavaThread "Incoming local TCP Connector on port 56710" [_thread_in_native, id=28728, stack(0x000000001d990000,0x000000001da90000)]
  0x000000001add9000 JavaThread "Daemon health stats" [_thread_blocked, id=7428, stack(0x000000001d690000,0x000000001d790000)]
  0x0000000019ff5000 JavaThread "Service Thread" daemon [_thread_blocked, id=20468, stack(0x000000001aaf0000,0x000000001abf0000)]
  0x0000000019f57800 JavaThread "C1 CompilerThread3" daemon [_thread_in_native, id=5040, stack(0x000000001a9f0000,0x000000001aaf0000)]
  0x0000000019f56800 JavaThread "C2 CompilerThread2" daemon [_thread_in_native, id=16492, stack(0x000000001a8f0000,0x000000001a9f0000)]
  0x0000000019f56000 JavaThread "C2 CompilerThread1" daemon [_thread_in_native, id=13752, stack(0x000000001a7f0000,0x000000001a8f0000)]
=>0x0000000019f4c000 JavaThread "C2 CompilerThread0" daemon [_thread_in_native, id=9432, stack(0x000000001a6f0000,0x000000001a7f0000)]
  0x0000000019f4a000 JavaThread "Attach Listener" daemon [_thread_blocked, id=21584, stack(0x000000001a5f0000,0x000000001a6f0000)]
  0x0000000019ef7800 JavaThread "Signal Dispatcher" daemon [_thread_blocked, id=20040, stack(0x000000001a4f0000,0x000000001a5f0000)]
  0x0000000003077800 JavaThread "Finalizer" daemon [_thread_blocked, id=20836, stack(0x000000001a3c0000,0x000000001a4c0000)]
  0x0000000019ee0800 JavaThread "Reference Handler" daemon [_thread_blocked, id=28416, stack(0x000000001a2c0000,0x000000001a3c0000)]
  0x0000000002bcd800 JavaThread "main" [_thread_blocked, id=31152, stack(0x0000000002a60000,0x0000000002b60000)]

Other Threads:
  0x00000000180e7800 VMThread [stack: 0x0000000019dc0000,0x0000000019ec0000] [id=3744]
  0x0000000019ff6800 WatcherThread [stack: 0x000000001abf0000,0x000000001acf0000] [id=21288]

VM state:not at safepoint (normal execution)

VM Mutex/Monitor currently owned by a thread: None

OutOfMemory and StackOverflow Exception counts:
OutOfMemoryError java_heap_errors=3

heap address: 0x0000000080000000, size: 2048 MB, Compressed Oops mode: 32-bit
Narrow klass base: 0x0000000000000000, Narrow klass shift: 3
Compressed class space size: 1073741824 Address: 0x0000000100000000

Heap:
 PSYoungGen      total 313344K, used 171385K [0x00000000d5580000, 0x00000000eaa80000, 0x0000000100000000)
  eden space 278528K, 61% used [0x00000000d5580000,0x00000000dfcde440,0x00000000e6580000)
  from space 34816K, 0% used [0x00000000e6580000,0x00000000e6580000,0x00000000e8780000)
  to   space 35840K, 0% used [0x00000000e8780000,0x00000000e8780000,0x00000000eaa80000)
 ParOldGen       total 141312K, used 72824K [0x0000000080000000, 0x0000000088a00000, 0x00000000d5580000)
  object space 141312K, 51% used [0x0000000080000000,0x000000008471e260,0x0000000088a00000)
 Metaspace       used 78469K, capacity 82660K, committed 84184K, reserved 1122304K
  class space    used 10598K, capacity 11355K, committed 11776K, reserved 1048576K

Card table byte_map: [0x0000000012440000,0x0000000012850000] byte_map_base: 0x0000000012040000

Marking Bits: (ParMarkBitMap*) 0x000000005b71f030
 Begin Bits: [0x0000000013300000, 0x0000000015300000)
 End Bits:   [0x0000000015300000, 0x0000000017300000)

Polling page: 0x0000000002b60000

CodeCache: size=245760Kb used=41546Kb max_used=41958Kb free=204213Kb
 bounds [0x0000000003080000, 0x0000000005a10000, 0x0000000012080000]
 total_blobs=12909 nmethods=12092 adapters=727
 compilation: enabled

Compilation events (10 events):
Event: 33.197 Thread 0x0000000019f57800 14754       2       com.android.tools.r8.s.b.k::o (2 bytes)
Event: 33.197 Thread 0x0000000019f57800 nmethod 14754 0x0000000004c747d0 code [0x0000000004c74920, 0x0000000004c74a70]
Event: 33.218 Thread 0x0000000019f57800 14756       2       com.android.tools.r8.q.a.a.b.u0$a::c (8 bytes)
Event: 33.219 Thread 0x0000000019f57800 nmethod 14756 0x000000000425d690 code [0x000000000425d800, 0x000000000425dad8]
Event: 33.223 Thread 0x0000000019f57800 14757 %     3       java.util.PriorityQueue::siftDownComparable @ 13 (118 bytes)
Event: 33.224 Thread 0x0000000019f57800 nmethod 14757% 0x0000000004ef7fd0 code [0x0000000004ef81c0, 0x0000000004ef8c58]
Event: 33.224 Thread 0x0000000019f57800 14758       3       java.util.PriorityQueue::siftDownComparable (118 bytes)
Event: 33.225 Thread 0x0000000019f57800 nmethod 14758 0x0000000004438f10 code [0x00000000044390e0, 0x0000000004439ad8]
Event: 33.226 Thread 0x0000000019f57800 14759       3       com.android.tools.r8.ir.optimize.e0::a (197 bytes)
Event: 33.229 Thread 0x0000000019f57800 nmethod 14759 0x0000000005034f50 code [0x0000000005035480, 0x0000000005038788]

GC Heap History (10 events):
Event: 30.609 GC heap before
{Heap before GC invocations=29 (full 3):
 PSYoungGen      total 246784K, used 209184K [0x00000000d5580000, 0x00000000e8a80000, 0x0000000100000000)
  eden space 206336K, 100% used [0x00000000d5580000,0x00000000e1f00000,0x00000000e1f00000)
  from space 40448K, 7% used [0x00000000e1f00000,0x00000000e21c8000,0x00000000e4680000)
  to   space 39424K, 0% used [0x00000000e6400000,0x00000000e6400000,0x00000000e8a80000)
 ParOldGen       total 141312K, used 111481K [0x0000000080000000, 0x0000000088a00000, 0x00000000d5580000)
  object space 141312K, 78% used [0x0000000080000000,0x0000000086cde4f8,0x0000000088a00000)
 Metaspace       used 78275K, capacity 83086K, committed 83288K, reserved 1120256K
  class space    used 10703K, capacity 11606K, committed 11648K, reserved 1048576K
Event: 30.619 GC heap after
Heap after GC invocations=29 (full 3):
 PSYoungGen      total 276992K, used 3478K [0x00000000d5580000, 0x00000000e8980000, 0x0000000100000000)
  eden space 238592K, 0% used [0x00000000d5580000,0x00000000d5580000,0x00000000e3e80000)
  from space 38400K, 9% used [0x00000000e6400000,0x00000000e6765820,0x00000000e8980000)
  to   space 38400K, 0% used [0x00000000e3e80000,0x00000000e3e80000,0x00000000e6400000)
 ParOldGen       total 141312K, used 112916K [0x0000000080000000, 0x0000000088a00000, 0x00000000d5580000)
  object space 141312K, 79% used [0x0000000080000000,0x0000000086e45208,0x0000000088a00000)
 Metaspace       used 78275K, capacity 83086K, committed 83288K, reserved 1120256K
  class space    used 10703K, capacity 11606K, committed 11648K, reserved 1048576K
}
Event: 31.239 GC heap before
{Heap before GC invocations=30 (full 3):
 PSYoungGen      total 276992K, used 242070K [0x00000000d5580000, 0x00000000e8980000, 0x0000000100000000)
  eden space 238592K, 100% used [0x00000000d5580000,0x00000000e3e80000,0x00000000e3e80000)
  from space 38400K, 9% used [0x00000000e6400000,0x00000000e6765820,0x00000000e8980000)
  to   space 38400K, 0% used [0x00000000e3e80000,0x00000000e3e80000,0x00000000e6400000)
 ParOldGen       total 141312K, used 113834K [0x0000000080000000, 0x0000000088a00000, 0x00000000d5580000)
  object space 141312K, 80% used [0x0000000080000000,0x0000000086f2ab60,0x0000000088a00000)
 Metaspace       used 78835K, capacity 83856K, committed 84184K, reserved 1122304K
  class space    used 10775K, capacity 11671K, committed 11776K, reserved 1048576K
Event: 31.261 GC heap after
Heap after GC invocations=30 (full 3):
 PSYoungGen      total 276992K, used 9375K [0x00000000d5580000, 0x00000000eab00000, 0x0000000100000000)
  eden space 238592K, 0% used [0x00000000d5580000,0x00000000d5580000,0x00000000e3e80000)
  from space 38400K, 24% used [0x00000000e3e80000,0x00000000e47a7d98,0x00000000e6400000)
  to   space 36352K, 0% used [0x00000000e8780000,0x00000000e8780000,0x00000000eab00000)
 ParOldGen       total 141312K, used 115436K [0x0000000080000000, 0x0000000088a00000, 0x00000000d5580000)
  object space 141312K, 81% used [0x0000000080000000,0x00000000870bb1a8,0x0000000088a00000)
 Metaspace       used 78835K, capacity 83856K, committed 84184K, reserved 1122304K
  class space    used 10775K, capacity 11671K, committed 11776K, reserved 1048576K
}
Event: 31.769 GC heap before
{Heap before GC invocations=31 (full 3):
 PSYoungGen      total 276992K, used 247967K [0x00000000d5580000, 0x00000000eab00000, 0x0000000100000000)
  eden space 238592K, 100% used [0x00000000d5580000,0x00000000e3e80000,0x00000000e3e80000)
  from space 38400K, 24% used [0x00000000e3e80000,0x00000000e47a7d98,0x00000000e6400000)
  to   space 36352K, 0% used [0x00000000e8780000,0x00000000e8780000,0x00000000eab00000)
 ParOldGen       total 141312K, used 115437K [0x0000000080000000, 0x0000000088a00000, 0x00000000d5580000)
  object space 141312K, 81% used [0x0000000080000000,0x00000000870bb758,0x0000000088a00000)
 Metaspace       used 78889K, capacity 83870K, committed 84184K, reserved 1122304K
  class space    used 10776K, capacity 11672K, committed 11776K, reserved 1048576K
Event: 31.791 GC heap after
Heap after GC invocations=31 (full 3):
 PSYoungGen      total 314368K, used 7344K [0x00000000d5580000, 0x00000000eaa80000, 0x0000000100000000)
  eden space 278528K, 0% used [0x00000000d5580000,0x00000000d5580000,0x00000000e6580000)
  from space 35840K, 20% used [0x00000000e8780000,0x00000000e8eac020,0x00000000eaa80000)
  to   space 34816K, 0% used [0x00000000e6580000,0x00000000e6580000,0x00000000e8780000)
 ParOldGen       total 141312K, used 120909K [0x0000000080000000, 0x0000000088a00000, 0x00000000d5580000)
  object space 141312K, 85% used [0x0000000080000000,0x0000000087613430,0x0000000088a00000)
 Metaspace       used 78889K, capacity 83870K, committed 84184K, reserved 1122304K
  class space    used 10776K, capacity 11672K, committed 11776K, reserved 1048576K
}
Event: 32.421 GC heap before
{Heap before GC invocations=32 (full 3):
 PSYoungGen      total 314368K, used 285872K [0x00000000d5580000, 0x00000000eaa80000, 0x0000000100000000)
  eden space 278528K, 100% used [0x00000000d5580000,0x00000000e6580000,0x00000000e6580000)
  from space 35840K, 20% used [0x00000000e8780000,0x00000000e8eac020,0x00000000eaa80000)
  to   space 34816K, 0% used [0x00000000e6580000,0x00000000e6580000,0x00000000e8780000)
 ParOldGen       total 141312K, used 120909K [0x0000000080000000, 0x0000000088a00000, 0x00000000d5580000)
  object space 141312K, 85% used [0x0000000080000000,0x0000000087613430,0x0000000088a00000)
 Metaspace       used 78983K, capacity 83998K, committed 84184K, reserved 1122304K
  class space    used 10776K, capacity 11672K, committed 11776K, reserved 1048576K
Event: 32.437 GC heap after
Heap after GC invocations=32 (full 3):
 PSYoungGen      total 313344K, used 2176K [0x00000000d5580000, 0x00000000eaa80000, 0x0000000100000000)
  eden space 278528K, 0% used [0x00000000d5580000,0x00000000d5580000,0x00000000e6580000)
  from space 34816K, 6% used [0x00000000e6580000,0x00000000e67a0000,0x00000000e8780000)
  to   space 35840K, 0% used [0x00000000e8780000,0x00000000e8780000,0x00000000eaa80000)
 ParOldGen       total 141312K, used 125367K [0x0000000080000000, 0x0000000088a00000, 0x00000000d5580000)
  object space 141312K, 88% used [0x0000000080000000,0x0000000087a6dc80,0x0000000088a00000)
 Metaspace       used 78983K, capacity 83998K, committed 84184K, reserved 1122304K
  class space    used 10776K, capacity 11672K, committed 11776K, reserved 1048576K
}
Event: 32.437 GC heap before
{Heap before GC invocations=33 (full 4):
 PSYoungGen      total 313344K, used 2176K [0x00000000d5580000, 0x00000000eaa80000, 0x0000000100000000)
  eden space 278528K, 0% used [0x00000000d5580000,0x00000000d5580000,0x00000000e6580000)
  from space 34816K, 6% used [0x00000000e6580000,0x00000000e67a0000,0x00000000e8780000)
  to   space 35840K, 0% used [0x00000000e8780000,0x00000000e8780000,0x00000000eaa80000)
 ParOldGen       total 141312K, used 125367K [0x0000000080000000, 0x0000000088a00000, 0x00000000d5580000)
  object space 141312K, 88% used [0x0000000080000000,0x0000000087a6dc80,0x0000000088a00000)
 Metaspace       used 78983K, capacity 83998K, committed 84184K, reserved 1122304K
  class space    used 10776K, capacity 11672K, committed 11776K, reserved 1048576K
Event: 32.734 GC heap after
Heap after GC invocations=33 (full 4):
 PSYoungGen      total 313344K, used 0K [0x00000000d5580000, 0x00000000eaa80000, 0x0000000100000000)
  eden space 278528K, 0% used [0x00000000d5580000,0x00000000d5580000,0x00000000e6580000)
  from space 34816K, 0% used [0x00000000e6580000,0x00000000e6580000,0x00000000e8780000)
  to   space 35840K, 0% used [0x00000000e8780000,0x00000000e8780000,0x00000000eaa80000)
 ParOldGen       total 141312K, used 72824K [0x0000000080000000, 0x0000000088a00000, 0x00000000d5580000)
  object space 141312K, 51% used [0x0000000080000000,0x000000008471e260,0x0000000088a00000)
 Metaspace       used 78460K, capacity 82648K, committed 84184K, reserved 1122304K
  class space    used 10596K, capacity 11353K, committed 11776K, reserved 1048576K
}

Deoptimization events (10 events):
Event: 31.296 Thread 0x000000001bbf1800 Uncommon trap: reason=unstable_if action=reinterpret pc=0x000000000525683c method=com.android.tools.r8.ir.regalloc.a.e(Lcom/android/tools/r8/ir/regalloc/b;)Z @ 21
Event: 31.322 Thread 0x000000001ad63800 Uncommon trap: reason=array_check action=maybe_recompile pc=0x00000000058bbbdc method=java.util.TimSort.binarySort([Ljava/lang/Object;IIILjava/util/Comparator;)V @ 193
Event: 31.324 Thread 0x000000001ad63800 Uncommon trap: reason=array_check action=maybe_recompile pc=0x00000000058bbbdc method=java.util.TimSort.binarySort([Ljava/lang/Object;IIILjava/util/Comparator;)V @ 193
Event: 31.367 Thread 0x000000001ad67000 Uncommon trap: reason=unstable_if action=reinterpret pc=0x00000000044ced84 method=java.util.concurrent.ArrayBlockingQueue.enqueue(Ljava/lang/Object;)V @ 25
Event: 32.269 Thread 0x000000001bbf1800 Uncommon trap: reason=unstable_if action=reinterpret pc=0x000000000584e78c method=com.android.tools.r8.graph.i0.b(Lcom/android/tools/r8/graph/i0;)I @ 60
Event: 32.331 Thread 0x000000001bbf1800 Uncommon trap: reason=unstable_if action=reinterpret pc=0x0000000003c79f88 method=java.util.concurrent.ArrayBlockingQueue.dequeue()Ljava/lang/Object; @ 32
Event: 32.785 Thread 0x000000001ad6b000 Uncommon trap: reason=unstable_if action=reinterpret pc=0x0000000005963a80 method=com.android.tools.r8.ir.regalloc.b.compareTo(Ljava/lang/Object;)I @ 52
Event: 32.967 Thread 0x000000001ad6b000 Uncommon trap: reason=array_check action=maybe_recompile pc=0x0000000004cab778 method=java.util.TimSort.binarySort([Ljava/lang/Object;IIILjava/util/Comparator;)V @ 215
Event: 32.968 Thread 0x000000001ad6b000 Uncommon trap: reason=array_check action=maybe_recompile pc=0x0000000004cab778 method=java.util.TimSort.binarySort([Ljava/lang/Object;IIILjava/util/Comparator;)V @ 215
Event: 33.045 Thread 0x000000001ad6b000 Uncommon trap: reason=unstable_if action=reinterpret pc=0x000000000448be8c method=com.google.common.collect.MapMakerInternalMap$Segment.drainKeyReferenceQueue(Ljava/lang/ref/ReferenceQueue;)V @ 8

Classes redefined (0 events):
No events

Internal exceptions (10 events):
Event: 31.056 Thread 0x000000001ad6b000 Exception <a 'sun/nio/fs/WindowsException'> (0x00000000daa98d88) thrown at [C:\src\AOSP-openjdk-git\hotspot\src\share\vm\prims\jni.cpp, line 710]
Event: 31.164 Thread 0x000000001ad63800 Exception <a 'sun/nio/fs/WindowsException'> (0x00000000e28ac918) thrown at [C:\src\AOSP-openjdk-git\hotspot\src\share\vm\prims\jni.cpp, line 710]
Event: 31.191 Thread 0x000000001ad6b800 Exception <a 'sun/nio/fs/WindowsException'> (0x00000000e32012a8) thrown at [C:\src\AOSP-openjdk-git\hotspot\src\share\vm\prims\jni.cpp, line 710]
Event: 31.199 Thread 0x000000001ad6b800 Exception <a 'sun/nio/fs/WindowsException'> (0x00000000e33979c0) thrown at [C:\src\AOSP-openjdk-git\hotspot\src\share\vm\prims\jni.cpp, line 710]
Event: 31.277 Thread 0x000000001ad6b000 Exception <a 'sun/nio/fs/WindowsException'> (0x00000000d5a89ee0) thrown at [C:\src\AOSP-openjdk-git\hotspot\src\share\vm\prims\jni.cpp, line 710]
Event: 31.327 Thread 0x000000001ad63800 Exception <a 'sun/nio/fs/WindowsException'> (0x00000000d63832c0) thrown at [C:\src\AOSP-openjdk-git\hotspot\src\share\vm\prims\jni.cpp, line 710]
Event: 31.356 Thread 0x000000001ad67000 Exception <a 'sun/nio/fs/WindowsException'> (0x00000000d6d15fa0) thrown at [C:\src\AOSP-openjdk-git\hotspot\src\share\vm\prims\jni.cpp, line 710]
Event: 32.313 Thread 0x000000001bbf1800 Exception <a 'sun/nio/fs/WindowsException'> (0x00000000e4658f50) thrown at [C:\src\AOSP-openjdk-git\hotspot\src\share\vm\prims\jni.cpp, line 710]
Event: 33.037 Thread 0x000000001ad6b000 Exception <a 'sun/nio/fs/WindowsException'> (0x00000000db76e428) thrown at [C:\src\AOSP-openjdk-git\hotspot\src\share\vm\prims\jni.cpp, line 710]
Event: 33.105 Thread 0x000000001bbf1800 Exception <a 'sun/nio/fs/WindowsException'> (0x00000000dbdcb458) thrown at [C:\src\AOSP-openjdk-git\hotspot\src\share\vm\prims\jni.cpp, line 710]

Events (10 events):
Event: 33.156 Thread 0x000000001ad65800 DEOPT PACKING pc=0x0000000004fba35d sp=0x0000000022eaa0d0
Event: 33.156 Thread 0x000000001ad65800 DEOPT UNPACKING pc=0x00000000030c75d0 sp=0x0000000022eaa228 mode 0
Event: 33.202 Thread 0x000000001bbf1800 DEOPT PACKING pc=0x0000000004e05530 sp=0x000000002de27190
Event: 33.206 Thread 0x000000001bbf1800 DEOPT UNPACKING pc=0x00000000030c75d0 sp=0x000000002de26fd8 mode 0
Event: 33.223 Thread 0x000000001bbf1800 DEOPT PACKING pc=0x000000000539a42d sp=0x000000002de26930
Event: 33.223 Thread 0x000000001bbf1800 DEOPT UNPACKING pc=0x00000000030c75d0 sp=0x000000002de26978 mode 0
Event: 33.224 Thread 0x000000001bbf1800 DEOPT PACKING pc=0x0000000004da1272 sp=0x000000002de26b60
Event: 33.225 Thread 0x000000001bbf1800 DEOPT UNPACKING pc=0x00000000030c75d0 sp=0x000000002de26880 mode 0
Event: 33.241 Thread 0x000000001bbf1800 DEOPT PACKING pc=0x000000000539a493 sp=0x000000002de26d00
Event: 33.241 Thread 0x000000001bbf1800 DEOPT UNPACKING pc=0x00000000030c75d0 sp=0x000000002de26d48 mode 0


Dynamic libraries:
0x00007ff7ced00000 - 0x00007ff7ced31000 	F:\android\jre\bin\java.exe
0x00007ffec5ab0000 - 0x00007ffec5ca5000 	C:\WINDOWS\SYSTEM32\ntdll.dll
0x00007ffec4b20000 - 0x00007ffec4bdd000 	C:\WINDOWS\System32\KERNEL32.DLL
0x00007ffec3680000 - 0x00007ffec3949000 	C:\WINDOWS\System32\KERNELBASE.dll
0x00007ffec4c00000 - 0x00007ffec4cac000 	C:\WINDOWS\System32\ADVAPI32.dll
0x00007ffec59d0000 - 0x00007ffec5a6e000 	C:\WINDOWS\System32\msvcrt.dll
0x00007ffec3ff0000 - 0x00007ffec408c000 	C:\WINDOWS\System32\sechost.dll
0x00007ffec4170000 - 0x00007ffec429b000 	C:\WINDOWS\System32\RPCRT4.dll
0x00007ffec4380000 - 0x00007ffec4520000 	C:\WINDOWS\System32\USER32.dll
0x00007ffec35a0000 - 0x00007ffec35c2000 	C:\WINDOWS\System32\win32u.dll
0x00007ffec46f0000 - 0x00007ffec471a000 	C:\WINDOWS\System32\GDI32.dll
0x00007ffec33c0000 - 0x00007ffec34cb000 	C:\WINDOWS\System32\gdi32full.dll
0x00007ffec31f0000 - 0x00007ffec328d000 	C:\WINDOWS\System32\msvcp_win.dll
0x00007ffec32c0000 - 0x00007ffec33c0000 	C:\WINDOWS\System32\ucrtbase.dll
0x00007ffeb0360000 - 0x00007ffeb05fa000 	C:\WINDOWS\WinSxS\amd64_microsoft.windows.common-controls_6595b64144ccf1df_6.0.19041.844_none_ca00b6081b84eb1d\COMCTL32.dll
0x00007ffec45a0000 - 0x00007ffec45d0000 	C:\WINDOWS\System32\IMM32.DLL
0x0000000059370000 - 0x0000000059442000 	F:\android\jre\jre\bin\msvcr100.dll
0x000000005af50000 - 0x000000005b79b000 	F:\android\jre\jre\bin\server\jvm.dll
0x00007ffec3bd0000 - 0x00007ffec3bd8000 	C:\WINDOWS\System32\PSAPI.DLL
0x00007ffeacf30000 - 0x00007ffeacf39000 	C:\WINDOWS\SYSTEM32\WSOCK32.dll
0x00007ffeb2320000 - 0x00007ffeb2347000 	C:\WINDOWS\SYSTEM32\WINMM.dll
0x00007ffec4530000 - 0x00007ffec459b000 	C:\WINDOWS\System32\WS2_32.dll
0x00007ffec0860000 - 0x00007ffec086a000 	C:\WINDOWS\SYSTEM32\VERSION.dll
0x00007ffec08d0000 - 0x00007ffec08df000 	F:\android\jre\jre\bin\verify.dll
0x00007ffeb37f0000 - 0x00007ffeb3819000 	F:\android\jre\jre\bin\java.dll
0x00007ffebd600000 - 0x00007ffebd616000 	F:\android\jre\jre\bin\zip.dll
0x00007ffec4d80000 - 0x00007ffec54c2000 	C:\WINDOWS\System32\SHELL32.dll
0x00007ffec0f80000 - 0x00007ffec1710000 	C:\WINDOWS\SYSTEM32\windows.storage.dll
0x00007ffec3be0000 - 0x00007ffec3f35000 	C:\WINDOWS\System32\combase.dll
0x00007ffec2c60000 - 0x00007ffec2c8c000 	C:\WINDOWS\SYSTEM32\Wldp.dll
0x00007ffec4a70000 - 0x00007ffec4b1e000 	C:\WINDOWS\System32\SHCORE.dll
0x00007ffec3b70000 - 0x00007ffec3bc5000 	C:\WINDOWS\System32\shlwapi.dll
0x00007ffec3130000 - 0x00007ffec314f000 	C:\WINDOWS\SYSTEM32\profapi.dll
0x00007ffeb73a0000 - 0x00007ffeb73ba000 	F:\android\jre\jre\bin\net.dll
0x00007ffec29e0000 - 0x00007ffec2a4a000 	C:\WINDOWS\system32\mswsock.dll
0x00007ffebd280000 - 0x00007ffebd293000 	F:\android\jre\jre\bin\nio.dll
0x00007ffea1110000 - 0x00007ffea1137000 	C:\Users\pc\.gradle\native\f6784746aeab05261644944871eae4fe03e0ef1612fff0a4a95f87b438bc6780\windows-amd64\native-platform.dll
0x00007ffec0870000 - 0x00007ffec087d000 	F:\android\jre\jre\bin\management.dll
0x00007ffec2bb0000 - 0x00007ffec2bc8000 	C:\WINDOWS\SYSTEM32\CRYPTSP.dll
0x00007ffec2310000 - 0x00007ffec2344000 	C:\WINDOWS\system32\rsaenh.dll
0x00007ffec3290000 - 0x00007ffec32b7000 	C:\WINDOWS\System32\bcrypt.dll
0x00007ffec30b0000 - 0x00007ffec30de000 	C:\WINDOWS\SYSTEM32\USERENV.dll
0x00007ffec34d0000 - 0x00007ffec3550000 	C:\WINDOWS\System32\bcryptprimitives.dll
0x00007ffec2bd0000 - 0x00007ffec2bdc000 	C:\WINDOWS\SYSTEM32\CRYPTBASE.dll
0x00007ffec2680000 - 0x00007ffec26bb000 	C:\WINDOWS\SYSTEM32\IPHLPAPI.DLL
0x00007ffec4a60000 - 0x00007ffec4a68000 	C:\WINDOWS\System32\NSI.dll
0x00007ffec0590000 - 0x00007ffec05a7000 	C:\WINDOWS\SYSTEM32\dhcpcsvc6.DLL
0x00007ffec0570000 - 0x00007ffec058d000 	C:\WINDOWS\SYSTEM32\dhcpcsvc.DLL
0x00007ffec26d0000 - 0x00007ffec279b000 	C:\WINDOWS\SYSTEM32\DNSAPI.dll
0x00007ffebb460000 - 0x00007ffebb46b000 	C:\WINDOWS\SYSTEM32\WINNSI.DLL

VM Arguments:
jvm_args: -Xmx2048m -Dfile.encoding=UTF-8 -Duser.country=CN -Duser.language=zh -Duser.variant 
java_command: org.gradle.launcher.daemon.bootstrap.GradleDaemon 6.5
java_class_path (initial): C:\Users\pc\.gradle\wrapper\dists\gradle-6.5-all\2oz4ud9k3tuxjg84bbf55q0tn\gradle-6.5\lib\gradle-launcher-6.5.jar
Launcher Type: SUN_STANDARD

Environment Variables:
PATH=;C:\Program Files (x86)\Intel\iCLS Client\;C:\Program Files\Intel\iCLS Client\;C:\windows\system32;C:\windows;C:\windows\System32\Wbem;C:\windows\System32\WindowsPowerShell\v1.0\;C:\Program Files (x86)\Intel\Intel(R) Management Engine Components\DAL;C:\Program Files\Intel\Intel(R) Management Engine Components\DAL;C:\Program Files (x86)\Intel\Intel(R) Management Engine Components\IPT;C:\Program Files\Intel\Intel(R) Management Engine Components\IPT;C:\WINDOWS\system32;C:\WINDOWS;C:\WINDOWS\System32\Wbem;C:\WINDOWS\System32\WindowsPowerShell\v1.0\;C:\WINDOWS\System32\OpenSSH\;C:\Program Files (x86)\PharosSystems\Core;C:\Program Files\Intel\WiFi\bin\;C:\Program Files\Common Files\Intel\WirelessCommon\;F:\putty\;C:\Program Files\Git\cmd;C:\Users\pc\AppData\Local\Microsoft\WindowsApps;C:\Users\pc\AppData\Local\atom\bin;C:\Users\pc\AppData\Local\GitHubDesktop\bin;F:\minGW\bin;F:\env;C:\Users\pc\Desktop\291;C:\Program Files\MongoDB\Server\4.4\bin;C:\Users\pc\AppData\Local\Microsoft\WindowsApps;C:\Users\pc\AppData\Local\Packages\PythonSoftwareFoundation.Python.3.7_qbz5n2kfra8p0\LocalCache\local-packages\Python37\Scripts;C:\Program Files\NVIDIA GPU Computing Toolkit\CUDA\v11.2\bin;
USERNAME=pc
OS=Windows_NT
PROCESSOR_IDENTIFIER=Intel64 Family 6 Model 158 Stepping 9, GenuineIntel



---------------  S Y S T E M  ---------------

OS: Windows 10.0 , 64 bit Build 19041 (10.0.19041.804)

CPU:total 8 (initial active 8) (4 cores per cpu, 2 threads per core) family 6 model 158 stepping 9, cmov, cx8, fxsr, mmx, sse, sse2, sse3, ssse3, sse4.1, sse4.2, popcnt, avx, avx2, aes, clmul, erms, 3dnowpref, lzcnt, ht, tsc, tscinvbit, bmi1, bmi2, adx

Memory: 4k page, physical 8271080k(373096k free), swap 18511080k(35332k free)

vm_info: OpenJDK 64-Bit Server VM (25.242-b01) for windows-amd64 JRE (1.8.0_242-release-1644-b01), built by "builder" with MS VC++ 10.0 (VS2010)

time: Thu Apr 08 01:06:38 2021
timezone: 中国标准时间
elapsed time: 33 seconds (0d 0h 0m 33s)

