#
# There is insufficient memory for the Java Runtime Environment to continue.
# Native memory allocation (malloc) failed to allocate 1545776 bytes for Chunk::new
# Possible reasons:
#   The system is out of physical RAM or swap space
#   The process is running with CompressedOops enabled, and the Java Heap may be blocking the growth of the native heap
# Possible solutions:
#   Reduce memory load on the system
#   Increase physical memory or swap space
#   Check if swap backing store is full
#   Decrease Java heap size (-Xmx/-Xms)
#   Decrease number of Java threads
#   Decrease Java thread stack sizes (-Xss)
#   Set larger code cache with -XX:ReservedCodeCacheSize=
#   JVM is running with Unscaled Compressed Oops mode in which the Java heap is
#     placed in the first 4GB address space. The Java Heap base address is the
#     maximum limit for the native heap growth. Please use -XX:HeapBaseMinAddress
#     to set the Java Heap base and to place the Java Heap above 4GB virtual address.
# This output file may be truncated or incomplete.
#
#  Out of Memory Error (allocation.cpp:389), pid=26340, tid=0x0000000000006a24
#
# JRE version: OpenJDK Runtime Environment (8.0_242-b01) (build 1.8.0_242-release-1644-b01)
# Java VM: OpenJDK 64-Bit Server VM (25.242-b01 mixed mode windows-amd64 compressed oops)
# Failed to write core dump. Minidumps are not enabled by default on client versions of Windows
#

---------------  T H R E A D  ---------------

Current thread (0x0000000019fe3000):  JavaThread "C2 CompilerThread1" daemon [_thread_in_native, id=27172, stack(0x000000001a8d0000,0x000000001a9d0000)]

Stack: [0x000000001a8d0000,0x000000001a9d0000]
[error occurred during error reporting (printing stack bounds), id 0xc0000005]

Native frames: (J=compiled Java code, j=interpreted, Vv=VM code, C=native code)


Current CompileTask:
C2:31773836 53439       4       com.android.tools.r8.ir.optimize.a0::a (1308 bytes)


---------------  P R O C E S S  ---------------

Java Threads: ( => current thread )
  0x000000002b8d3000 JavaThread "Cache worker for Java compile cache (F:\android_project\TeamProject\Project007\code\.gradle\6.5\javaCompile)" [_thread_blocked, id=17280, stack(0x0000000044dd0000,0x0000000044ed0000)]
  0x000000002b8d2000 JavaThread "stdout" [_thread_in_native, id=7948, stack(0x0000000044cd0000,0x0000000044dd0000)]
  0x000000002b8d9000 JavaThread "stderr" [_thread_in_native, id=7652, stack(0x0000000044bd0000,0x0000000044cd0000)]
  0x000000002b8d3800 JavaThread "pool-135-thread-1" [_thread_blocked, id=5328, stack(0x0000000044ad0000,0x0000000044bd0000)]
  0x000000002b8c9800 JavaThread "WorkerExecutor Queue Thread 2" [_thread_blocked, id=5740, stack(0x00000000449d0000,0x0000000044ad0000)]
  0x000000002b8cf000 JavaThread "WorkerExecutor Queue" [_thread_blocked, id=18416, stack(0x00000000440d0000,0x00000000441d0000)]
  0x000000002b8cc000 JavaThread "Cache worker for execution history cache (F:\android_project\TeamProject\Project007\code\.gradle\6.5\executionHistory)" [_thread_blocked, id=28508, stack(0x0000000043fd0000,0x00000000440d0000)]
  0x000000001cab0800 JavaThread "Execution worker for ':' Thread 7" [_thread_blocked, id=21120, stack(0x0000000043ed0000,0x0000000043fd0000)]
  0x000000001cab1000 JavaThread "Execution worker for ':' Thread 6" [_thread_blocked, id=25524, stack(0x0000000043dd0000,0x0000000043ed0000)]
  0x000000001caa9000 JavaThread "Execution worker for ':' Thread 5" [_thread_blocked, id=7724, stack(0x0000000043cd0000,0x0000000043dd0000)]
  0x000000001caaf800 JavaThread "Execution worker for ':' Thread 4" [_thread_blocked, id=15956, stack(0x0000000043bd0000,0x0000000043cd0000)]
  0x000000001caaf000 JavaThread "Execution worker for ':' Thread 3" [_thread_blocked, id=1708, stack(0x0000000043ad0000,0x0000000043bd0000)]
  0x000000001caa6800 JavaThread "Execution worker for ':' Thread 2" [_thread_blocked, id=16940, stack(0x00000000439d0000,0x0000000043ad0000)]
  0x000000001caa6000 JavaThread "Execution worker for ':'" [_thread_blocked, id=11088, stack(0x00000000438d0000,0x00000000439d0000)]
  0x000000001cece800 JavaThread "Cache worker for file content cache (F:\android_project\TeamProject\Project007\code\.gradle\6.5\fileContent)" [_thread_blocked, id=5052, stack(0x00000000437d0000,0x00000000438d0000)]
  0x000000001cecf800 JavaThread "Cache worker for Build Output Cleanup Cache (F:\android_project\TeamProject\Project007\code\.gradle\buildOutputCleanup)" [_thread_blocked, id=6960, stack(0x00000000436d0000,0x00000000437d0000)]
  0x0000000032919800 JavaThread "Build operations Thread 8" [_thread_blocked, id=432, stack(0x00000000240f0000,0x00000000241f0000)]
  0x000000003291c000 JavaThread "Build operations Thread 7" [_thread_blocked, id=6140, stack(0x0000000023df0000,0x0000000023ef0000)]
  0x000000003291b000 JavaThread "Build operations Thread 6" [_thread_in_native, id=26980, stack(0x0000000023bf0000,0x0000000023cf0000)]
  0x0000000032920800 JavaThread "Build operations Thread 5" [_thread_blocked, id=17996, stack(0x0000000023af0000,0x0000000023bf0000)]
  0x000000003291e000 JavaThread "Build operations Thread 4" [_thread_in_vm, id=6956, stack(0x00000000239f0000,0x0000000023af0000)]
  0x000000003291d800 JavaThread "Build operations Thread 3" [_thread_blocked, id=25096, stack(0x00000000238f0000,0x00000000239f0000)]
  0x000000003291c800 JavaThread "Build operations Thread 2" [_thread_blocked, id=26152, stack(0x00000000237f0000,0x00000000238f0000)]
  0x0000000032919000 JavaThread "Build operations" [_thread_in_vm, id=19368, stack(0x00000000236f0000,0x00000000237f0000)]
  0x000000003291f800 JavaThread "Cache worker for cache directory md-rule (C:\Users\pc\.gradle\caches\6.5\md-rule)" [_thread_blocked, id=22772, stack(0x0000000022cf0000,0x0000000022df0000)]
  0x000000003291f000 JavaThread "Cache worker for cache directory md-supplier (C:\Users\pc\.gradle\caches\6.5\md-supplier)" [_thread_blocked, id=8516, stack(0x00000000224f0000,0x00000000225f0000)]
  0x000000003290e800 JavaThread "Cache worker for checksums cache (F:\android_project\TeamProject\Project007\code\.gradle\checksums)" [_thread_blocked, id=6992, stack(0x0000000022110000,0x0000000022210000)]
  0x0000000032914800 JavaThread "Cache worker for file hash cache (F:\android_project\TeamProject\Project007\code\.gradle\6.5\fileHashes)" [_thread_blocked, id=26820, stack(0x000000001e520000,0x000000001e620000)]
  0x0000000032913800 JavaThread "Thread-7168" [_thread_blocked, id=17392, stack(0x000000001e420000,0x000000001e520000)]
  0x0000000032912000 JavaThread "Asynchronous log dispatcher for DefaultDaemonConnection: socket connection from /127.0.0.1:56159 to /127.0.0.1:54854" [_thread_blocked, id=23516, stack(0x000000001e220000,0x000000001e320000)]
  0x0000000032908800 JavaThread "Daemon worker Thread 51" [_thread_blocked, id=25016, stack(0x000000001df20000,0x000000001e020000)]
  0x000000003290c000 JavaThread "Cancel handler" [_thread_blocked, id=16860, stack(0x000000001d970000,0x000000001da70000)]
  0x0000000032909000 JavaThread "Handler for socket connection from /127.0.0.1:56159 to /127.0.0.1:54854" [_thread_in_native, id=23224, stack(0x000000001d870000,0x000000001d970000)]
  0x000000003290b800 JavaThread "Daemon Thread 51" [_thread_blocked, id=22224, stack(0x0000000001000000,0x0000000001100000)]
  0x000000001cec8000 JavaThread "Cache worker for Java compile cache (C:\Users\pc\.gradle\caches\6.5\javaCompile)" [_thread_blocked, id=14516, stack(0x000000002e7f0000,0x000000002e8f0000)]
  0x000000001ee47800 JavaThread "Memory manager" [_thread_blocked, id=15856, stack(0x000000002ada0000,0x000000002aea0000)]
  0x000000001c8a1800 JavaThread "Cache worker for file content cache (C:\Users\pc\.gradle\caches\6.5\fileContent)" [_thread_blocked, id=20216, stack(0x0000000022df0000,0x0000000022ef0000)]
  0x000000001c89b800 JavaThread "Cache worker for execution history cache (C:\Users\pc\.gradle\caches\6.5\executionHistory)" [_thread_blocked, id=21460, stack(0x00000000225f0000,0x00000000226f0000)]
  0x000000001c89e800 JavaThread "Cache worker for file hash cache (C:\Users\pc\.gradle\caches\6.5\fileHashes)" [_thread_in_Java, id=520, stack(0x000000001ea20000,0x000000001eb20000)]
  0x000000001c89e000 JavaThread "File lock request listener" [_thread_in_native, id=23348, stack(0x000000001e920000,0x000000001ea20000)]
  0x000000001caf1000 JavaThread "Cache worker for journal cache (C:\Users\pc\.gradle\caches\journal-1)" [_thread_blocked, id=16592, stack(0x000000001e820000,0x000000001e920000)]
  0x000000001c7da000 JavaThread "Daemon periodic checks" [_thread_in_native, id=15960, stack(0x000000001dc20000,0x000000001dd20000)]
  0x000000001c7d8000 JavaThread "Incoming local TCP Connector on port 56159" [_thread_in_native, id=3916, stack(0x000000001da70000,0x000000001db70000)]
  0x000000001aeeb000 JavaThread "Daemon health stats" [_thread_blocked, id=26896, stack(0x000000001d770000,0x000000001d870000)]
  0x000000001a005000 JavaThread "Service Thread" daemon [_thread_blocked, id=18056, stack(0x000000001abd0000,0x000000001acd0000)]
  0x0000000019fef000 JavaThread "C1 CompilerThread3" daemon [_thread_in_vm, id=21716, stack(0x000000001aad0000,0x000000001abd0000)]
  0x0000000019fe4000 JavaThread "C2 CompilerThread2" daemon [_thread_in_vm, id=13648, stack(0x000000001a9d0000,0x000000001aad0000)]
=>0x0000000019fe3000 JavaThread "C2 CompilerThread1" daemon [_thread_in_native, id=27172, stack(0x000000001a8d0000,0x000000001a9d0000)]
  0x0000000019fe0800 JavaThread "C2 CompilerThread0" daemon [_thread_blocked, id=28072, stack(0x000000001a7d0000,0x000000001a8d0000)]
  0x0000000019fdf000 JavaThread "Attach Listener" daemon [_thread_blocked, id=5276, stack(0x000000001a6d0000,0x000000001a7d0000)]
  0x0000000019f8c000 JavaThread "Signal Dispatcher" daemon [_thread_blocked, id=22764, stack(0x000000001a5d0000,0x000000001a6d0000)]
  0x00000000030ee000 JavaThread "Finalizer" daemon [_thread_blocked, id=23496, stack(0x000000001a450000,0x000000001a550000)]
  0x0000000019f70800 JavaThread "Reference Handler" daemon [_thread_blocked, id=17376, stack(0x000000001a350000,0x000000001a450000)]
  0x00000000013dd800 JavaThread "main" [_thread_blocked, id=16480, stack(0x0000000002ef0000,0x0000000002ff0000)]

Other Threads:
  0x0000000018157800 VMThread [stack: 0x0000000019e50000,0x0000000019f50000] [id=17160]
  0x000000001a006800 WatcherThread [stack: 0x000000001acd0000,0x000000001add0000] [id=19900]

VM state:not at safepoint (normal execution)

VM Mutex/Monitor currently owned by a thread:  ([mutex/lock_event])
[0x00000000013dc190] CodeCache_lock - owner thread: 0x0000000019fef000
[0x0000000002ff1fd0] Compile_lock - owner thread: 0x0000000019fe4000

heap address: 0x0000000080000000, size: 2048 MB, Compressed Oops mode: 32-bit
Narrow klass base: 0x0000000000000000, Narrow klass shift: 3
Compressed class space size: 1073741824 Address: 0x0000000100000000

Heap:
 PSYoungGen      total 638464K, used 360859K [0x00000000d5580000, 0x0000000100000000, 0x0000000100000000)
  eden space 581120K, 52% used [0x00000000d5580000,0x00000000e7e623f8,0x00000000f8d00000)
  from space 57344K, 99% used [0x00000000f8d00000,0x00000000fc484968,0x00000000fc500000)
  to   space 60416K, 0% used [0x00000000fc500000,0x00000000fc500000,0x0000000100000000)
 ParOldGen       total 504320K, used 281636K [0x0000000080000000, 0x000000009ec80000, 0x00000000d5580000)
  object space 504320K, 55% used [0x0000000080000000,0x00000000913091a8,0x000000009ec80000)
 Metaspace       used 161284K, capacity 174348K, committed 174680K, reserved 1202176K
  class space    used 19934K, capacity 22281K, committed 22400K, reserved 1048576K

Card table byte_map: [0x00000000124b0000,0x00000000128c0000] byte_map_base: 0x00000000120b0000

Marking Bits: (ParMarkBitMap*) 0x000000006dd8f030
 Begin Bits: [0x0000000013370000, 0x0000000015370000)
 End Bits:   [0x0000000015370000, 0x0000000017370000)

Polling page: 0x0000000000ee0000

CodeCache: size=245760Kb used=137199Kb max_used=137235Kb free=108560Kb
 bounds [0x00000000030f0000, 0x000000000b7f0000, 0x00000000120f0000]
 total_blobs=35473 nmethods=34523 adapters=860
 compilation: enabled

Compilation events (10 events):
Event: 31771.093 Thread 0x0000000019fef000 53467       2       com.android.tools.r8.ir.regalloc.a::a (952 bytes)
Event: 31771.095 Thread 0x0000000019fe4000 nmethod 53362 0x0000000003b92c10 code [0x0000000003b92d80, 0x0000000003b92ff8]
Event: 31771.097 Thread 0x0000000019fef000 nmethod 53467 0x000000000b7b7a10 code [0x000000000b7b80c0, 0x000000000b7ba6f8]
Event: 31771.097 Thread 0x0000000019fef000 53457 %     3       com.android.tools.r8.ir.regalloc.b::A @ 14 (52 bytes)
Event: 31771.097 Thread 0x0000000019fef000 nmethod 53457% 0x0000000005210dd0 code [0x0000000005210fa0, 0x0000000005211718]
Event: 31771.097 Thread 0x0000000019fef000 53448 %     3       com.android.tools.r8.ir.optimize.l::a @ 257 (1465 bytes)
Event: 31771.098 Thread 0x0000000019fe4000 53441       4       com.android.tools.r8.ir.regalloc.a$$Lambda$2649/315050525::compare (12 bytes)
Event: 31771.099 Thread 0x0000000019fe4000 nmethod 53441 0x000000000ac19190 code [0x000000000ac192e0, 0x000000000ac193d8]
Event: 31771.139 Thread 0x0000000019fe4000 53405       4       com.android.tools.r8.ir.regalloc.a::g (106 bytes)
Event: 31771.183 Thread 0x0000000019fe4000 nmethod 53405 0x000000000b7a5d10 code [0x000000000b7a6040, 0x000000000b7a7c38]

GC Heap History (10 events):
Event: 31448.696 GC heap before
{Heap before GC invocations=150 (full 7):
 PSYoungGen      total 642048K, used 619683K [0x00000000d5580000, 0x00000000ffd00000, 0x0000000100000000)
  eden space 591360K, 100% used [0x00000000d5580000,0x00000000f9700000,0x00000000f9700000)
  from space 50688K, 55% used [0x00000000fcb80000,0x00000000fe728dc8,0x00000000ffd00000)
  to   space 52224K, 0% used [0x00000000f9700000,0x00000000f9700000,0x00000000fca00000)
 ParOldGen       total 504320K, used 276142K [0x0000000080000000, 0x000000009ec80000, 0x00000000d5580000)
  object space 504320K, 54% used [0x0000000080000000,0x0000000090dab9d0,0x000000009ec80000)
 Metaspace       used 159770K, capacity 172656K, committed 173016K, reserved 1200128K
  class space    used 19775K, capacity 22051K, committed 22272K, reserved 1048576K
Event: 31448.876 GC heap after
Heap after GC invocations=150 (full 7):
 PSYoungGen      total 643584K, used 19734K [0x00000000d5580000, 0x00000000ffd80000, 0x0000000100000000)
  eden space 591360K, 0% used [0x00000000d5580000,0x00000000d5580000,0x00000000f9700000)
  from space 52224K, 37% used [0x00000000f9700000,0x00000000faa45ad0,0x00000000fca00000)
  to   space 50176K, 0% used [0x00000000fcc80000,0x00000000fcc80000,0x00000000ffd80000)
 ParOldGen       total 504320K, used 276150K [0x0000000080000000, 0x000000009ec80000, 0x00000000d5580000)
  object space 504320K, 54% used [0x0000000080000000,0x0000000090dad9d0,0x000000009ec80000)
 Metaspace       used 159770K, capacity 172656K, committed 173016K, reserved 1200128K
  class space    used 19775K, capacity 22051K, committed 22272K, reserved 1048576K
}
Event: 31454.686 GC heap before
{Heap before GC invocations=151 (full 7):
 PSYoungGen      total 643584K, used 611094K [0x00000000d5580000, 0x00000000ffd80000, 0x0000000100000000)
  eden space 591360K, 100% used [0x00000000d5580000,0x00000000f9700000,0x00000000f9700000)
  from space 52224K, 37% used [0x00000000f9700000,0x00000000faa45ad0,0x00000000fca00000)
  to   space 50176K, 0% used [0x00000000fcc80000,0x00000000fcc80000,0x00000000ffd80000)
 ParOldGen       total 504320K, used 276150K [0x0000000080000000, 0x000000009ec80000, 0x00000000d5580000)
  object space 504320K, 54% used [0x0000000080000000,0x0000000090dadba0,0x000000009ec80000)
 Metaspace       used 160541K, capacity 173588K, committed 173912K, reserved 1200128K
  class space    used 19859K, capacity 22175K, committed 22400K, reserved 1048576K
Event: 31455.151 GC heap after
Heap after GC invocations=151 (full 7):
 PSYoungGen      total 644096K, used 35914K [0x00000000d5580000, 0x0000000100000000, 0x0000000100000000)
  eden space 593920K, 0% used [0x00000000d5580000,0x00000000d5580000,0x00000000f9980000)
  from space 50176K, 71% used [0x00000000fcc80000,0x00000000fef92868,0x00000000ffd80000)
  to   space 52224K, 0% used [0x00000000f9980000,0x00000000f9980000,0x00000000fcc80000)
 ParOldGen       total 504320K, used 276158K [0x0000000080000000, 0x000000009ec80000, 0x00000000d5580000)
  object space 504320K, 54% used [0x0000000080000000,0x0000000090dafba0,0x000000009ec80000)
 Metaspace       used 160541K, capacity 173588K, committed 173912K, reserved 1200128K
  class space    used 19859K, capacity 22175K, committed 22400K, reserved 1048576K
}
Event: 31734.353 GC heap before
{Heap before GC invocations=152 (full 7):
 PSYoungGen      total 644096K, used 629834K [0x00000000d5580000, 0x0000000100000000, 0x0000000100000000)
  eden space 593920K, 100% used [0x00000000d5580000,0x00000000f9980000,0x00000000f9980000)
  from space 50176K, 71% used [0x00000000fcc80000,0x00000000fef92868,0x00000000ffd80000)
  to   space 52224K, 0% used [0x00000000f9980000,0x00000000f9980000,0x00000000fcc80000)
 ParOldGen       total 504320K, used 276170K [0x0000000080000000, 0x000000009ec80000, 0x00000000d5580000)
  object space 504320K, 54% used [0x0000000080000000,0x0000000090db2ad0,0x000000009ec80000)
 Metaspace       used 161282K, capacity 174348K, committed 174680K, reserved 1202176K
  class space    used 19934K, capacity 22281K, committed 22400K, reserved 1048576K
Event: 31735.422 GC heap after
Heap after GC invocations=152 (full 7):
 PSYoungGen      total 646144K, used 21398K [0x00000000d5580000, 0x00000000ffe00000, 0x0000000100000000)
  eden space 593920K, 0% used [0x00000000d5580000,0x00000000d5580000,0x00000000f9980000)
  from space 52224K, 40% used [0x00000000f9980000,0x00000000fae65ae8,0x00000000fcc80000)
  to   space 50176K, 0% used [0x00000000fcd00000,0x00000000fcd00000,0x00000000ffe00000)
 ParOldGen       total 504320K, used 276178K [0x0000000080000000, 0x000000009ec80000, 0x00000000d5580000)
  object space 504320K, 54% used [0x0000000080000000,0x0000000090db4ad0,0x000000009ec80000)
 Metaspace       used 161282K, capacity 174348K, committed 174680K, reserved 1202176K
  class space    used 19934K, capacity 22281K, committed 22400K, reserved 1048576K
}
Event: 31761.076 GC heap before
{Heap before GC invocations=153 (full 7):
 PSYoungGen      total 646144K, used 615318K [0x00000000d5580000, 0x00000000ffe00000, 0x0000000100000000)
  eden space 593920K, 100% used [0x00000000d5580000,0x00000000f9980000,0x00000000f9980000)
  from space 52224K, 40% used [0x00000000f9980000,0x00000000fae65ae8,0x00000000fcc80000)
  to   space 50176K, 0% used [0x00000000fcd00000,0x00000000fcd00000,0x00000000ffe00000)
 ParOldGen       total 504320K, used 276178K [0x0000000080000000, 0x000000009ec80000, 0x00000000d5580000)
  object space 504320K, 54% used [0x0000000080000000,0x0000000090db4b08,0x000000009ec80000)
 Metaspace       used 161282K, capacity 174348K, committed 174680K, reserved 1202176K
  class space    used 19934K, capacity 22281K, committed 22400K, reserved 1048576K
Event: 31762.539 GC heap after
Heap after GC invocations=153 (full 7):
 PSYoungGen      total 631296K, used 50153K [0x00000000d5580000, 0x0000000100000000, 0x0000000100000000)
  eden space 581120K, 0% used [0x00000000d5580000,0x00000000d5580000,0x00000000f8d00000)
  from space 50176K, 99% used [0x00000000fcd00000,0x00000000ffdfa510,0x00000000ffe00000)
  to   space 58880K, 0% used [0x00000000f8d00000,0x00000000f8d00000,0x00000000fc680000)
 ParOldGen       total 504320K, used 281047K [0x0000000080000000, 0x000000009ec80000, 0x00000000d5580000)
  object space 504320K, 55% used [0x0000000080000000,0x0000000091275d48,0x000000009ec80000)
 Metaspace       used 161282K, capacity 174348K, committed 174680K, reserved 1202176K
  class space    used 19934K, capacity 22281K, committed 22400K, reserved 1048576K
}
Event: 31766.157 GC heap before
{Heap before GC invocations=154 (full 7):
 PSYoungGen      total 631296K, used 631273K [0x00000000d5580000, 0x0000000100000000, 0x0000000100000000)
  eden space 581120K, 100% used [0x00000000d5580000,0x00000000f8d00000,0x00000000f8d00000)
  from space 50176K, 99% used [0x00000000fcd00000,0x00000000ffdfa510,0x00000000ffe00000)
  to   space 58880K, 0% used [0x00000000f8d00000,0x00000000f8d00000,0x00000000fc680000)
 ParOldGen       total 504320K, used 281050K [0x0000000080000000, 0x000000009ec80000, 0x00000000d5580000)
  object space 504320K, 55% used [0x0000000080000000,0x0000000091276a70,0x000000009ec80000)
 Metaspace       used 161284K, capacity 174348K, committed 174680K, reserved 1202176K
  class space    used 19934K, capacity 22281K, committed 22400K, reserved 1048576K
Event: 31770.401 GC heap after
Heap after GC invocations=154 (full 7):
 PSYoungGen      total 638464K, used 56850K [0x00000000d5580000, 0x0000000100000000, 0x0000000100000000)
  eden space 581120K, 0% used [0x00000000d5580000,0x00000000d5580000,0x00000000f8d00000)
  from space 57344K, 99% used [0x00000000f8d00000,0x00000000fc484968,0x00000000fc500000)
  to   space 60416K, 0% used [0x00000000fc500000,0x00000000fc500000,0x0000000100000000)
 ParOldGen       total 504320K, used 281636K [0x0000000080000000, 0x000000009ec80000, 0x00000000d5580000)
  object space 504320K, 55% used [0x0000000080000000,0x00000000913091a8,0x000000009ec80000)
 Metaspace       used 161284K, capacity 174348K, committed 174680K, reserved 1202176K
  class space    used 19934K, capacity 22281K, committed 22400K, reserved 1048576K
}

Deoptimization events (10 events):
Event: 31765.304 Thread 0x000000003291c000 Uncommon trap: reason=bimorphic action=maybe_recompile pc=0x000000000b119fec method=com.android.tools.r8.ir.optimize.n.a(Lcom/android/tools/r8/graph/f;Lcom/android/tools/r8/s/b/X;)V @ 606
Event: 31765.392 Thread 0x000000003291c000 Uncommon trap: reason=bimorphic action=maybe_recompile pc=0x000000000b119fec method=com.android.tools.r8.ir.optimize.n.a(Lcom/android/tools/r8/graph/f;Lcom/android/tools/r8/s/b/X;)V @ 606
Event: 31765.593 Thread 0x000000003291d800 Uncommon trap: reason=unstable_if action=reinterpret pc=0x000000000b06fb88 method=com.android.tools.r8.s.a.h.e.b()V @ 257
Event: 31765.683 Thread 0x000000003291b000 Uncommon trap: reason=class_check action=maybe_recompile pc=0x000000000b77df68 method=com.android.tools.r8.s.b.M0.M2()Lcom/android/tools/r8/s/b/q1; @ 10
Event: 31770.560 Thread 0x000000003291e000 Uncommon trap: reason=bimorphic action=maybe_recompile pc=0x000000000adc969c method=com.android.tools.r8.ir.regalloc.a.i()V @ 418
Event: 31770.560 Thread 0x000000003291e000 Uncommon trap: reason=bimorphic action=maybe_recompile pc=0x000000000adc969c method=com.android.tools.r8.ir.regalloc.a.i()V @ 418
Event: 31770.562 Thread 0x000000003291d800 Uncommon trap: reason=unstable_if action=reinterpret pc=0x000000000b191fcc method=com.android.tools.r8.ir.regalloc.a.a(Lcom/android/tools/r8/utils/k0;Lcom/android/tools/r8/s/b/X;Ljava/util/Map;Ljava/util/List;)V @ 795
Event: 31770.716 Thread 0x000000003291b000 Uncommon trap: reason=unstable_if action=reinterpret pc=0x000000000b27852c method=com.android.tools.r8.graph.X.computeEquals(Ljava/lang/Object;)Z @ 23
Event: 31770.811 Thread 0x000000003291b000 Uncommon trap: reason=unstable_if action=reinterpret pc=0x000000000b2646e8 method=com.android.tools.r8.graph.X.computeEquals(Ljava/lang/Object;)Z @ 23
Event: 31771.263 Thread 0x000000003291b000 Uncommon trap: reason=class_check action=maybe_recompile pc=0x000000000b228714 method=com.android.tools.r8.graph.l0$l.equals(Ljava/lang/Object;)Z @ 8

Classes redefined (0 events):
No events

Internal exceptions (10 events):
Event: 31758.944 Thread 0x0000000032919800 Exception <a 'sun/nio/fs/WindowsException'> (0x00000000e8853028) thrown at [C:\src\AOSP-openjdk-git\hotspot\src\share\vm\prims\jni.cpp, line 710]
Event: 31759.176 Thread 0x000000003291c800 Exception <a 'sun/nio/fs/WindowsException'> (0x00000000ea44d050) thrown at [C:\src\AOSP-openjdk-git\hotspot\src\share\vm\prims\jni.cpp, line 710]
Event: 31759.184 Thread 0x000000003291c800 Exception <a 'sun/nio/fs/WindowsException'> (0x00000000ea6c59b8) thrown at [C:\src\AOSP-openjdk-git\hotspot\src\share\vm\prims\jni.cpp, line 710]
Event: 31759.961 Thread 0x0000000032919800 Exception <a 'sun/nio/fs/WindowsException'> (0x00000000ec3d9c98) thrown at [C:\src\AOSP-openjdk-git\hotspot\src\share\vm\prims\jni.cpp, line 710]
Event: 31760.007 Thread 0x0000000032920800 Exception <a 'sun/nio/fs/WindowsException'> (0x00000000ee835848) thrown at [C:\src\AOSP-openjdk-git\hotspot\src\share\vm\prims\jni.cpp, line 710]
Event: 31760.024 Thread 0x0000000032919000 Exception <a 'sun/nio/fs/WindowsException'> (0x00000000ef01ad28) thrown at [C:\src\AOSP-openjdk-git\hotspot\src\share\vm\prims\jni.cpp, line 710]
Event: 31760.367 Thread 0x0000000032919800 Exception <a 'sun/nio/fs/WindowsException'> (0x00000000f6bd0690) thrown at [C:\src\AOSP-openjdk-git\hotspot\src\share\vm\prims\jni.cpp, line 710]
Event: 31760.407 Thread 0x000000003291c000 Exception <a 'sun/nio/fs/WindowsException'> (0x00000000f786a7f0) thrown at [C:\src\AOSP-openjdk-git\hotspot\src\share\vm\prims\jni.cpp, line 710]
Event: 31765.367 Thread 0x000000003291d800 Exception <a 'sun/nio/fs/WindowsException'> (0x00000000e3a9f7d8) thrown at [C:\src\AOSP-openjdk-git\hotspot\src\share\vm\prims\jni.cpp, line 710]
Event: 31770.795 Thread 0x000000003291c000 Exception <a 'sun/nio/fs/WindowsException'> (0x00000000db3dfe10) thrown at [C:\src\AOSP-openjdk-git\hotspot\src\share\vm\prims\jni.cpp, line 710]

Events (10 events):
Event: 31771.256 Thread 0x0000000032919000 DEOPT PACKING pc=0x000000000b7ba0b2 sp=0x00000000237ebc60
Event: 31771.256 Thread 0x0000000032919000 DEOPT UNPACKING pc=0x00000000031375d0 sp=0x00000000237ebb70 mode 0
Event: 31771.257 Thread 0x0000000032919000 DEOPT PACKING pc=0x00000000095726c4 sp=0x00000000237ec010
Event: 31771.257 Thread 0x0000000032919000 DEOPT UNPACKING pc=0x00000000031375d0 sp=0x00000000237ebf30 mode 0
Event: 31771.263 Thread 0x000000003291b000 Uncommon trap: trap_request=0xffffffde fr.pc=0x000000000b228714
Event: 31771.263 Thread 0x000000003291b000 DEOPT PACKING pc=0x000000000b228714 sp=0x0000000023cecc30
Event: 31771.263 Thread 0x000000003291b000 DEOPT UNPACKING pc=0x000000000313557b sp=0x0000000023cecbc8 mode 2
Event: 31771.285 Thread 0x0000000032919000 DEOPT PACKING pc=0x000000000b7ba09b sp=0x00000000237ebc40
Event: 31771.285 Thread 0x0000000032919000 DEOPT UNPACKING pc=0x00000000031375d0 sp=0x00000000237ebb48 mode 0
Event: 31771.378 Thread 0x0000000019fe4000 flushing nmethod 0x00000000066e3110


Dynamic libraries:
0x00007ff7715c0000 - 0x00007ff7715f1000 	F:\android\jre\bin\java.exe
0x00007ffc06330000 - 0x00007ffc06525000 	C:\WINDOWS\SYSTEM32\ntdll.dll
0x00007ffc06090000 - 0x00007ffc0614d000 	C:\WINDOWS\System32\KERNEL32.DLL
0x00007ffc03a70000 - 0x00007ffc03d39000 	C:\WINDOWS\System32\KERNELBASE.dll
0x00007ffc044e0000 - 0x00007ffc0458c000 	C:\WINDOWS\System32\ADVAPI32.dll
0x00007ffc054f0000 - 0x00007ffc0558e000 	C:\WINDOWS\System32\msvcrt.dll
0x00007ffc04390000 - 0x00007ffc0442c000 	C:\WINDOWS\System32\sechost.dll
0x00007ffc045a0000 - 0x00007ffc046cb000 	C:\WINDOWS\System32\RPCRT4.dll
0x00007ffc04b40000 - 0x00007ffc04ce0000 	C:\WINDOWS\System32\USER32.dll
0x00007ffc03d40000 - 0x00007ffc03d62000 	C:\WINDOWS\System32\win32u.dll
0x00007ffc04af0000 - 0x00007ffc04b1a000 	C:\WINDOWS\System32\GDI32.dll
0x00007ffc03dc0000 - 0x00007ffc03ecb000 	C:\WINDOWS\System32\gdi32full.dll
0x00007ffc04270000 - 0x00007ffc0430d000 	C:\WINDOWS\System32\msvcp_win.dll
0x00007ffc03f80000 - 0x00007ffc04080000 	C:\WINDOWS\System32\ucrtbase.dll
0x00007ffbeff00000 - 0x00007ffbf019a000 	C:\WINDOWS\WinSxS\amd64_microsoft.windows.common-controls_6595b64144ccf1df_6.0.19041.844_none_ca00b6081b84eb1d\COMCTL32.dll
0x00007ffc054c0000 - 0x00007ffc054f0000 	C:\WINDOWS\System32\IMM32.DLL
0x000000006cb90000 - 0x000000006cc62000 	F:\android\jre\jre\bin\msvcr100.dll
0x000000006d5c0000 - 0x000000006de0b000 	F:\android\jre\jre\bin\server\jvm.dll
0x00007ffc05e10000 - 0x00007ffc05e18000 	C:\WINDOWS\System32\PSAPI.DLL
0x00007ffbf1b00000 - 0x00007ffbf1b27000 	C:\WINDOWS\SYSTEM32\WINMM.dll
0x00007ffbe7ce0000 - 0x00007ffbe7ce9000 	C:\WINDOWS\SYSTEM32\WSOCK32.dll
0x00007ffbf8180000 - 0x00007ffbf818a000 	C:\WINDOWS\SYSTEM32\VERSION.dll
0x00007ffc05b30000 - 0x00007ffc05b9b000 	C:\WINDOWS\System32\WS2_32.dll
0x00007ffbfecc0000 - 0x00007ffbfeccf000 	F:\android\jre\jre\bin\verify.dll
0x00007ffbe29c0000 - 0x00007ffbe29e9000 	F:\android\jre\jre\bin\java.dll
0x00007ffbeaff0000 - 0x00007ffbeb006000 	F:\android\jre\jre\bin\zip.dll
0x00007ffc04ce0000 - 0x00007ffc05422000 	C:\WINDOWS\System32\SHELL32.dll
0x00007ffc01800000 - 0x00007ffc01f90000 	C:\WINDOWS\SYSTEM32\windows.storage.dll
0x00007ffc046d0000 - 0x00007ffc04a25000 	C:\WINDOWS\System32\combase.dll
0x00007ffc034e0000 - 0x00007ffc0350c000 	C:\WINDOWS\SYSTEM32\Wldp.dll
0x00007ffc04430000 - 0x00007ffc044de000 	C:\WINDOWS\System32\SHCORE.dll
0x00007ffc04a30000 - 0x00007ffc04a85000 	C:\WINDOWS\System32\shlwapi.dll
0x00007ffc039b0000 - 0x00007ffc039cf000 	C:\WINDOWS\SYSTEM32\profapi.dll
0x00007ffbe94b0000 - 0x00007ffbe94ca000 	F:\android\jre\jre\bin\net.dll
0x00007ffc03260000 - 0x00007ffc032ca000 	C:\WINDOWS\system32\mswsock.dll
0x00007ffbe1ab0000 - 0x00007ffbe1ac3000 	F:\android\jre\jre\bin\nio.dll
0x00007ffbf0e60000 - 0x00007ffbf0e87000 	C:\Users\pc\.gradle\native\f6784746aeab05261644944871eae4fe03e0ef1612fff0a4a95f87b438bc6780\windows-amd64\native-platform.dll
0x00007ffbfeca0000 - 0x00007ffbfecad000 	F:\android\jre\jre\bin\management.dll
0x00007ffc03430000 - 0x00007ffc03448000 	C:\WINDOWS\SYSTEM32\CRYPTSP.dll
0x00007ffc02b90000 - 0x00007ffc02bc4000 	C:\WINDOWS\system32\rsaenh.dll
0x00007ffc04080000 - 0x00007ffc040a7000 	C:\WINDOWS\System32\bcrypt.dll
0x00007ffc03970000 - 0x00007ffc0399e000 	C:\WINDOWS\SYSTEM32\USERENV.dll
0x00007ffc04310000 - 0x00007ffc04390000 	C:\WINDOWS\System32\bcryptprimitives.dll
0x00007ffc03450000 - 0x00007ffc0345c000 	C:\WINDOWS\SYSTEM32\CRYPTBASE.dll
0x00007ffc02f00000 - 0x00007ffc02f3b000 	C:\WINDOWS\SYSTEM32\IPHLPAPI.DLL
0x00007ffc05e20000 - 0x00007ffc05e28000 	C:\WINDOWS\System32\NSI.dll
0x00007ffc011f0000 - 0x00007ffc01207000 	C:\WINDOWS\SYSTEM32\dhcpcsvc6.DLL
0x00007ffc011d0000 - 0x00007ffc011ed000 	C:\WINDOWS\SYSTEM32\dhcpcsvc.DLL
0x00007ffc02f50000 - 0x00007ffc0301b000 	C:\WINDOWS\SYSTEM32\DNSAPI.dll
0x00007ffbfb360000 - 0x00007ffbfb36b000 	C:\WINDOWS\SYSTEM32\WINNSI.DLL
0x00007ffbdc390000 - 0x00007ffbdc3b4000 	F:\android\jre\jre\bin\sunec.dll
0x00007ffbfc040000 - 0x00007ffbfc04a000 	C:\Windows\System32\rasadhlp.dll
0x00007ffbef0a0000 - 0x00007ffbef11f000 	C:\WINDOWS\System32\fwpuclnt.dll
0x00007ffbebe10000 - 0x00007ffbebe1b000 	F:\android\jre\jre\bin\sunmscapi.dll
0x00007ffc040b0000 - 0x00007ffc0420f000 	C:\WINDOWS\System32\CRYPT32.dll
0x00007ffc027c0000 - 0x00007ffc027f3000 	C:\WINDOWS\SYSTEM32\ntmarta.dll
0x00007ffc007e0000 - 0x00007ffc00870000 	C:\WINDOWS\system32\apphelp.dll

VM Arguments:
jvm_args: -Xmx2048m -Dfile.encoding=UTF-8 -Duser.country=CN -Duser.language=zh -Duser.variant 
java_command: org.gradle.launcher.daemon.bootstrap.GradleDaemon 6.5
java_class_path (initial): C:\Users\pc\.gradle\wrapper\dists\gradle-6.5-all\2oz4ud9k3tuxjg84bbf55q0tn\gradle-6.5\lib\gradle-launcher-6.5.jar
Launcher Type: SUN_STANDARD

Environment Variables:
PATH=C:\Program Files (x86)\Intel\iCLS Client\;C:\Program Files\Intel\iCLS Client\;C:\windows\system32;C:\windows;C:\windows\System32\Wbem;C:\windows\System32\WindowsPowerShell\v1.0\;C:\Program Files (x86)\Intel\Intel(R) Management Engine Components\DAL;C:\Program Files\Intel\Intel(R) Management Engine Components\DAL;C:\Program Files (x86)\Intel\Intel(R) Management Engine Components\IPT;C:\Program Files\Intel\Intel(R) Management Engine Components\IPT;C:\Program Files (x86)\NVIDIA Corporation\PhysX\Common;C:\WINDOWS\system32;C:\WINDOWS;C:\WINDOWS\System32\Wbem;C:\WINDOWS\System32\WindowsPowerShell\v1.0\;C:\WINDOWS\System32\OpenSSH\;C:\Program Files (x86)\PharosSystems\Core;C:\Program Files\Intel\WiFi\bin\;C:\Program Files\Common Files\Intel\WirelessCommon\;F:\putty\;C:\Program Files\Git\cmd;C:\Users\pc\AppData\Local\Microsoft\WindowsApps;C:\Users\pc\AppData\Local\atom\bin;C:\Users\pc\AppData\Local\GitHubDesktop\bin;F:\minGW\bin;F:\env;C:\Users\pc\Desktop\291;C:\Program Files\MongoDB\Server\4.4\bin;;%USERPROFILE%\AppData\Local\Microsoft\WindowsApps
USERNAME=pc
OS=Windows_NT
PROCESSOR_IDENTIFIER=Intel64 Family 6 Model 158 Stepping 9, GenuineIntel



---------------  S Y S T E M  ---------------

OS: Windows 10.0 , 64 bit Build 19041 (10.0.19041.804)

CPU:total 8 (initial active 8) (4 cores per cpu, 2 threads per core) family 6 model 158 stepping 9, cmov, cx8, fxsr, mmx, sse, sse2, sse3, ssse3, sse4.1, sse4.2, popcnt, avx, avx2, aes, clmul, erms, 3dnowpref, lzcnt, ht, tsc, tscinvbit, bmi1, bmi2, adx

Memory: 4k page, physical 8271080k(471248k free), swap 18511080k(19944k free)

vm_info: OpenJDK 64-Bit Server VM (25.242-b01) for windows-amd64 JRE (1.8.0_242-release-1644-b01), built by "builder" with MS VC++ 10.0 (VS2010)

time: Sat Mar 20 05:58:47 2021
timezone: 中国标准时间
elapsed time: 31774 seconds (0d 8h 49m 34s)

