#
# There is insufficient memory for the Java Runtime Environment to continue.
# Native memory allocation (malloc) failed to allocate 1635440 bytes for Chunk::new
# Possible reasons:
#   The system is out of physical RAM or swap space
#   The process is running with CompressedOops enabled, and the Java Heap may be blocking the growth of the native heap
# Possible solutions:
#   Reduce memory load on the system
#   Increase physical memory or swap space
#   Check if swap backing store is full
#   Decrease Java heap size (-Xmx/-Xms)
#   Decrease number of Java threads
#   Decrease Java thread stack sizes (-Xss)
#   Set larger code cache with -XX:ReservedCodeCacheSize=
#   JVM is running with Unscaled Compressed Oops mode in which the Java heap is
#     placed in the first 4GB address space. The Java Heap base address is the
#     maximum limit for the native heap growth. Please use -XX:HeapBaseMinAddress
#     to set the Java Heap base and to place the Java Heap above 4GB virtual address.
# This output file may be truncated or incomplete.
#
#  Out of Memory Error (allocation.cpp:389), pid=16336, tid=0x00000000000069ac
#
# JRE version: OpenJDK Runtime Environment (8.0_242-b01) (build 1.8.0_242-release-1644-b01)
# Java VM: OpenJDK 64-Bit Server VM (25.242-b01 mixed mode windows-amd64 compressed oops)
# Failed to write core dump. Minidumps are not enabled by default on client versions of Windows
#

---------------  T H R E A D  ---------------

Current thread (0x0000000019f62800):  JavaThread "C2 CompilerThread1" daemon [_thread_in_native, id=27052, stack(0x000000001a7d0000,0x000000001a8d0000)]

Stack: [0x000000001a7d0000,0x000000001a8d0000]
[error occurred during error reporting (printing stack bounds), id 0xc0000005]

Native frames: (J=compiled Java code, j=interpreted, Vv=VM code, C=native code)


Current CompileTask:
C2:  10999 5256       4       sun.reflect.generics.parser.SignatureParser::parseFieldTypeSignature (73 bytes)


---------------  P R O C E S S  ---------------

Java Threads: ( => current thread )
  0x0000000020420800 JavaThread "Cache worker for file content cache (F:\android_project\TeamProject\Project007\code\.gradle\6.5\fileContent)" [_thread_blocked, id=22540, stack(0x000000002c450000,0x000000002c550000)]
  0x000000002041d000 JavaThread "Memory manager" [_thread_blocked, id=4940, stack(0x000000002be30000,0x000000002bf30000)]
  0x000000002041b800 JavaThread "Cache worker for Build Output Cleanup Cache (F:\android_project\TeamProject\Project007\code\.gradle\buildOutputCleanup)" [_thread_blocked, id=17496, stack(0x0000000029f60000,0x000000002a060000)]
  0x000000002041d800 JavaThread "jar transforms Thread 95" [_thread_blocked, id=27272, stack(0x00000000299a0000,0x0000000029aa0000)]
  0x0000000020422000 JavaThread "jar transforms Thread 94" [_thread_blocked, id=16264, stack(0x00000000298a0000,0x00000000299a0000)]
  0x0000000020420000 JavaThread "jar transforms Thread 93" [_thread_blocked, id=12208, stack(0x00000000297a0000,0x00000000298a0000)]
  0x000000001b4ea800 JavaThread "jar transforms Thread 92" [_thread_blocked, id=16012, stack(0x00000000296a0000,0x00000000297a0000)]
  0x000000001b4e9800 JavaThread "jar transforms Thread 91" [_thread_blocked, id=24760, stack(0x00000000295a0000,0x00000000296a0000)]
  0x000000001b4e8800 JavaThread "jar transforms Thread 90" [_thread_blocked, id=16072, stack(0x00000000294a0000,0x00000000295a0000)]
  0x000000001b4e8000 JavaThread "jar transforms Thread 89" [_thread_blocked, id=3580, stack(0x00000000293a0000,0x00000000294a0000)]
  0x000000001b4e7000 JavaThread "jar transforms Thread 88" [_thread_blocked, id=3532, stack(0x00000000292a0000,0x00000000293a0000)]
  0x000000001b4e6800 JavaThread "jar transforms Thread 87" [_thread_blocked, id=26636, stack(0x00000000291a0000,0x00000000292a0000)]
  0x000000001b4eb000 JavaThread "jar transforms Thread 86" [_thread_blocked, id=22132, stack(0x00000000290a0000,0x00000000291a0000)]
  0x000000001b4ec000 JavaThread "jar transforms Thread 85" [_thread_blocked, id=10356, stack(0x0000000028fa0000,0x00000000290a0000)]
  0x000000001b4e2800 JavaThread "jar transforms Thread 84" [_thread_blocked, id=27656, stack(0x0000000028ea0000,0x0000000028fa0000)]
  0x000000001b4e5800 JavaThread "jar transforms Thread 83" [_thread_blocked, id=4916, stack(0x0000000028da0000,0x0000000028ea0000)]
  0x000000001b4e5000 JavaThread "jar transforms Thread 82" [_thread_blocked, id=5616, stack(0x0000000028ca0000,0x0000000028da0000)]
  0x000000001b4dd800 JavaThread "jar transforms Thread 81" [_thread_blocked, id=17940, stack(0x0000000028ba0000,0x0000000028ca0000)]
  0x000000001b4e2000 JavaThread "jar transforms Thread 80" [_thread_blocked, id=9496, stack(0x0000000028aa0000,0x0000000028ba0000)]
  0x000000001b4e1000 JavaThread "jar transforms Thread 79" [_thread_blocked, id=13756, stack(0x00000000289a0000,0x0000000028aa0000)]
  0x000000001b4e4000 JavaThread "jar transforms Thread 78" [_thread_blocked, id=4092, stack(0x00000000288a0000,0x00000000289a0000)]
  0x000000001b4df800 JavaThread "jar transforms Thread 77" [_thread_blocked, id=20820, stack(0x00000000287a0000,0x00000000288a0000)]
  0x000000001b4e0800 JavaThread "jar transforms Thread 76" [_thread_blocked, id=3636, stack(0x00000000286a0000,0x00000000287a0000)]
  0x000000001b4e3800 JavaThread "jar transforms Thread 75" [_thread_blocked, id=19604, stack(0x00000000285a0000,0x00000000286a0000)]
  0x000000001b4de000 JavaThread "jar transforms Thread 74" [_thread_blocked, id=6956, stack(0x00000000284a0000,0x00000000285a0000)]
  0x000000001b4dc800 JavaThread "jar transforms Thread 73" [_thread_blocked, id=6768, stack(0x00000000283a0000,0x00000000284a0000)]
  0x000000001b4df000 JavaThread "jar transforms Thread 72" [_thread_blocked, id=2628, stack(0x00000000282a0000,0x00000000283a0000)]
  0x000000001cdf1800 JavaThread "jar transforms Thread 71" [_thread_blocked, id=26824, stack(0x00000000281a0000,0x00000000282a0000)]
  0x000000001cdf1000 JavaThread "jar transforms Thread 70" [_thread_blocked, id=1696, stack(0x00000000280a0000,0x00000000281a0000)]
  0x000000001cdf0000 JavaThread "jar transforms Thread 69" [_thread_blocked, id=8120, stack(0x0000000027fa0000,0x00000000280a0000)]
  0x000000001cdef800 JavaThread "jar transforms Thread 68" [_thread_blocked, id=20440, stack(0x0000000027ea0000,0x0000000027fa0000)]
  0x000000001cdf3000 JavaThread "jar transforms Thread 67" [_thread_blocked, id=26332, stack(0x0000000027da0000,0x0000000027ea0000)]
  0x000000001cdf2800 JavaThread "jar transforms Thread 66" [_thread_blocked, id=8524, stack(0x0000000027ca0000,0x0000000027da0000)]
  0x000000001cdee800 JavaThread "jar transforms Thread 65" [_thread_blocked, id=28184, stack(0x0000000027ba0000,0x0000000027ca0000)]
  0x000000001cde8000 JavaThread "jar transforms Thread 64" [_thread_blocked, id=22268, stack(0x0000000027aa0000,0x0000000027ba0000)]
  0x000000001cdee000 JavaThread "jar transforms Thread 63" [_thread_blocked, id=24008, stack(0x00000000279a0000,0x0000000027aa0000)]
  0x000000001cded000 JavaThread "jar transforms Thread 62" [_thread_blocked, id=21228, stack(0x00000000278a0000,0x00000000279a0000)]
  0x000000001cde5800 JavaThread "jar transforms Thread 61" [_thread_blocked, id=5492, stack(0x00000000277a0000,0x00000000278a0000)]
  0x000000001cdec800 JavaThread "jar transforms Thread 60" [_thread_blocked, id=5316, stack(0x00000000276a0000,0x00000000277a0000)]
  0x000000001cdeb800 JavaThread "jar transforms Thread 59" [_thread_blocked, id=19172, stack(0x00000000275a0000,0x00000000276a0000)]
  0x000000001cde7000 JavaThread "jar transforms Thread 58" [_thread_blocked, id=2536, stack(0x00000000274a0000,0x00000000275a0000)]
  0x000000001cde4000 JavaThread "jar transforms Thread 57" [_thread_blocked, id=4964, stack(0x00000000273a0000,0x00000000274a0000)]
  0x000000001cde9800 JavaThread "jar transforms Thread 56" [_thread_blocked, id=2568, stack(0x00000000272a0000,0x00000000273a0000)]
  0x000000001cde5000 JavaThread "jar transforms Thread 55" [_thread_blocked, id=11260, stack(0x00000000271a0000,0x00000000272a0000)]
  0x000000001cde6800 JavaThread "jar transforms Thread 54" [_thread_blocked, id=24720, stack(0x00000000270a0000,0x00000000271a0000)]
  0x000000001cde8800 JavaThread "jar transforms Thread 53" [_thread_blocked, id=4496, stack(0x0000000026fa0000,0x00000000270a0000)]
  0x000000001cdeb000 JavaThread "jar transforms Thread 52" [_thread_blocked, id=2808, stack(0x0000000026ea0000,0x0000000026fa0000)]
  0x000000001cdea000 JavaThread "jar transforms Thread 51" [_thread_blocked, id=23404, stack(0x0000000026da0000,0x0000000026ea0000)]
  0x000000001bef9000 JavaThread "jar transforms Thread 50" [_thread_blocked, id=26800, stack(0x0000000026ca0000,0x0000000026da0000)]
  0x000000001bef8000 JavaThread "jar transforms Thread 49" [_thread_blocked, id=22796, stack(0x0000000026ba0000,0x0000000026ca0000)]
  0x000000001bef5000 JavaThread "jar transforms Thread 48" [_thread_blocked, id=17568, stack(0x0000000026aa0000,0x0000000026ba0000)]
  0x000000001bef4800 JavaThread "jar transforms Thread 47" [_thread_blocked, id=19164, stack(0x00000000269a0000,0x0000000026aa0000)]
  0x000000001bef3800 JavaThread "jar transforms Thread 46" [_thread_blocked, id=23868, stack(0x00000000268a0000,0x00000000269a0000)]
  0x000000001befa800 JavaThread "jar transforms Thread 45" [_thread_blocked, id=19344, stack(0x00000000267a0000,0x00000000268a0000)]
  0x000000001bef9800 JavaThread "jar transforms Thread 44" [_thread_blocked, id=10176, stack(0x00000000266a0000,0x00000000267a0000)]
  0x000000001bef6800 JavaThread "jar transforms Thread 43" [_thread_blocked, id=3044, stack(0x00000000265a0000,0x00000000266a0000)]
  0x000000001bef7800 JavaThread "jar transforms Thread 42" [_thread_blocked, id=28640, stack(0x00000000264a0000,0x00000000265a0000)]
  0x000000001bef6000 JavaThread "jar transforms Thread 41" [_thread_blocked, id=24232, stack(0x00000000263a0000,0x00000000264a0000)]
  0x000000001beec000 JavaThread "jar transforms Thread 40" [_thread_blocked, id=28048, stack(0x00000000262a0000,0x00000000263a0000)]
  0x000000001bef1800 JavaThread "jar transforms Thread 39" [_thread_blocked, id=25676, stack(0x00000000261a0000,0x00000000262a0000)]
  0x000000001bef0800 JavaThread "jar transforms Thread 38" [_thread_blocked, id=26796, stack(0x00000000260a0000,0x00000000261a0000)]
  0x000000001bef3000 JavaThread "jar transforms Thread 37" [_thread_blocked, id=6224, stack(0x0000000025fa0000,0x00000000260a0000)]
  0x000000001beef000 JavaThread "jar transforms Thread 36" [_thread_blocked, id=26892, stack(0x0000000025ea0000,0x0000000025fa0000)]
  0x000000001beeb800 JavaThread "jar transforms Thread 35" [_thread_blocked, id=9344, stack(0x0000000025da0000,0x0000000025ea0000)]
  0x000000001beee800 JavaThread "jar transforms Thread 34" [_thread_blocked, id=13860, stack(0x0000000025ca0000,0x0000000025da0000)]
  0x000000001bef0000 JavaThread "jar transforms Thread 33" [_thread_blocked, id=19628, stack(0x0000000025ba0000,0x0000000025ca0000)]
  0x000000001bef2000 JavaThread "jar transforms Thread 32" [_thread_blocked, id=8360, stack(0x0000000025aa0000,0x0000000025ba0000)]
  0x000000001beed800 JavaThread "jar transforms Thread 31" [_thread_blocked, id=26260, stack(0x00000000259a0000,0x0000000025aa0000)]
  0x000000001beed000 JavaThread "jar transforms Thread 30" [_thread_blocked, id=17424, stack(0x00000000258a0000,0x00000000259a0000)]
  0x000000001fafb800 JavaThread "jar transforms Thread 29" [_thread_blocked, id=9976, stack(0x00000000257a0000,0x00000000258a0000)]
  0x000000001fb01800 JavaThread "jar transforms Thread 28" [_thread_blocked, id=15812, stack(0x00000000256a0000,0x00000000257a0000)]
  0x000000001fb00800 JavaThread "jar transforms Thread 27" [_thread_blocked, id=18724, stack(0x00000000255a0000,0x00000000256a0000)]
  0x000000001fb00000 JavaThread "jar transforms Thread 26" [_thread_blocked, id=22040, stack(0x00000000254a0000,0x00000000255a0000)]
  0x000000001faff000 JavaThread "jar transforms Thread 25" [_thread_blocked, id=9472, stack(0x00000000253a0000,0x00000000254a0000)]
  0x000000001fafc000 JavaThread "jar transforms Thread 24" [_thread_blocked, id=27296, stack(0x00000000252a0000,0x00000000253a0000)]
  0x000000001fafe800 JavaThread "jar transforms Thread 23" [_thread_blocked, id=8812, stack(0x00000000251a0000,0x00000000252a0000)]
  0x000000001fafd800 JavaThread "jar transforms Thread 22" [_thread_blocked, id=9688, stack(0x00000000250a0000,0x00000000251a0000)]
  0x000000001fb02000 JavaThread "jar transforms Thread 21" [_thread_blocked, id=18516, stack(0x0000000024fa0000,0x00000000250a0000)]
  0x000000001fafd000 JavaThread "jar transforms Thread 20" [_thread_blocked, id=13964, stack(0x0000000024ea0000,0x0000000024fa0000)]
  0x000000001faf4000 JavaThread "jar transforms Thread 19" [_thread_blocked, id=17576, stack(0x0000000024da0000,0x0000000024ea0000)]
  0x000000001fafa800 JavaThread "jar transforms Thread 18" [_thread_blocked, id=7300, stack(0x0000000024ca0000,0x0000000024da0000)]
  0x000000001faf6000 JavaThread "jar transforms Thread 17" [_thread_blocked, id=21080, stack(0x0000000024ba0000,0x0000000024ca0000)]
  0x000000001fafa000 JavaThread "jar transforms Thread 16" [_thread_blocked, id=16912, stack(0x0000000024aa0000,0x0000000024ba0000)]
  0x000000001faf9000 JavaThread "jar transforms Thread 15" [_thread_blocked, id=14600, stack(0x00000000249a0000,0x0000000024aa0000)]
  0x000000001faf5800 JavaThread "jar transforms Thread 14" [_thread_blocked, id=7660, stack(0x0000000023510000,0x0000000023610000)]
  0x000000001faf8800 JavaThread "jar transforms Thread 13" [_thread_blocked, id=13868, stack(0x0000000023410000,0x0000000023510000)]
  0x000000001faf7800 JavaThread "jar transforms Thread 12" [_thread_blocked, id=14888, stack(0x0000000023310000,0x0000000023410000)]
  0x000000001faf4800 JavaThread "jar transforms Thread 11" [_thread_blocked, id=27092, stack(0x00000000248a0000,0x00000000249a0000)]
  0x000000001faf3000 JavaThread "jar transforms Thread 10" [_thread_blocked, id=9540, stack(0x00000000247a0000,0x00000000248a0000)]
  0x000000001faf7000 JavaThread "jar transforms Thread 9" [_thread_blocked, id=8116, stack(0x00000000246a0000,0x00000000247a0000)]
  0x000000001b52a800 JavaThread "jar transforms Thread 8" [_thread_blocked, id=23432, stack(0x00000000245a0000,0x00000000246a0000)]
  0x000000001b52d800 JavaThread "jar transforms Thread 7" [_thread_blocked, id=11348, stack(0x00000000244a0000,0x00000000245a0000)]
  0x000000001b529000 JavaThread "jar transforms Thread 6" [_thread_blocked, id=26328, stack(0x00000000243a0000,0x00000000244a0000)]
  0x000000001b529800 JavaThread "jar transforms Thread 5" [_thread_blocked, id=27972, stack(0x00000000242a0000,0x00000000243a0000)]
  0x000000001b528000 JavaThread "jar transforms Thread 4" [_thread_blocked, id=27800, stack(0x00000000241a0000,0x00000000242a0000)]
  0x000000001b52b000 JavaThread "jar transforms Thread 3" [_thread_blocked, id=6080, stack(0x00000000240a0000,0x00000000241a0000)]
  0x000000001b52c800 JavaThread "jar transforms Thread 2" [_thread_blocked, id=2528, stack(0x0000000023fa0000,0x00000000240a0000)]
  0x000000001b52c000 JavaThread "Build operations Thread 8" [_thread_blocked, id=16460, stack(0x0000000023da0000,0x0000000023ea0000)]
  0x000000001b527800 JavaThread "Build operations Thread 7" [_thread_blocked, id=20088, stack(0x0000000023ca0000,0x0000000023da0000)]
  0x000000001b526800 JavaThread "Build operations Thread 6" [_thread_blocked, id=28384, stack(0x0000000023ba0000,0x0000000023ca0000)]
  0x000000001b51f800 JavaThread "Build operations Thread 5" [_thread_blocked, id=15916, stack(0x0000000023aa0000,0x0000000023ba0000)]
  0x000000001b526000 JavaThread "Build operations Thread 4" [_thread_blocked, id=26276, stack(0x00000000239a0000,0x0000000023aa0000)]
  0x000000001b525000 JavaThread "Build operations Thread 3" [_thread_blocked, id=19076, stack(0x00000000238a0000,0x00000000239a0000)]
  0x000000001b51f000 JavaThread "Build operations Thread 2" [_thread_blocked, id=6704, stack(0x00000000237a0000,0x00000000238a0000)]
  0x000000001b522000 JavaThread "Build operations" [_thread_blocked, id=14392, stack(0x00000000236a0000,0x00000000237a0000)]
  0x000000001cc33800 JavaThread "Cache worker for file content cache (C:\Users\pc\.gradle\caches\6.5\fileContent)" [_thread_blocked, id=23368, stack(0x0000000022c10000,0x0000000022d10000)]
  0x000000001cc31800 JavaThread "jar transforms" [_thread_blocked, id=1932, stack(0x0000000022b10000,0x0000000022c10000)]
  0x000000001cc30800 JavaThread "Cache worker for execution history cache (C:\Users\pc\.gradle\caches\6.5\executionHistory)" [_thread_blocked, id=23864, stack(0x0000000022310000,0x0000000022410000)]
  0x000000001cc33000 JavaThread "Cache worker for cache directory md-rule (C:\Users\pc\.gradle\caches\6.5\md-rule)" [_thread_blocked, id=22920, stack(0x0000000022210000,0x0000000022310000)]
  0x000000001cc34800 JavaThread "Cache worker for cache directory md-supplier (C:\Users\pc\.gradle\caches\6.5\md-supplier)" [_thread_blocked, id=17272, stack(0x0000000020ec0000,0x0000000020fc0000)]
  0x000000001cc30000 JavaThread "Cache worker for checksums cache (F:\android_project\TeamProject\Project007\code\.gradle\checksums)" [_thread_blocked, id=23816, stack(0x0000000020dc0000,0x0000000020ec0000)]
  0x000000001cc32000 JavaThread "Cache worker for file hash cache (F:\android_project\TeamProject\Project007\code\.gradle\6.5\fileHashes)" [_thread_blocked, id=8680, stack(0x0000000022610000,0x0000000022710000)]
  0x000000001cc2f000 JavaThread "Cache worker for file hash cache (C:\Users\pc\.gradle\caches\6.5\fileHashes)" [_thread_blocked, id=28436, stack(0x000000001e920000,0x000000001ea20000)]
  0x000000001cc36000 JavaThread "File lock request listener" [_thread_in_native, id=22104, stack(0x000000001e820000,0x000000001e920000)]
  0x000000001c972000 JavaThread "Cache worker for journal cache (C:\Users\pc\.gradle\caches\journal-1)" [_thread_blocked, id=27088, stack(0x000000001e720000,0x000000001e820000)]
  0x000000001c8ac800 JavaThread "Thread-9" [_thread_blocked, id=21712, stack(0x000000001e420000,0x000000001e520000)]
  0x000000001c8ac000 JavaThread "Stdin handler" [_thread_blocked, id=11464, stack(0x000000001e320000,0x000000001e420000)]
  0x000000001b95c800 JavaThread "Asynchronous log dispatcher for DefaultDaemonConnection: socket connection from /127.0.0.1:54811 to /127.0.0.1:54815" [_thread_blocked, id=8968, stack(0x000000001e220000,0x000000001e320000)]
  0x000000001c8b2800 JavaThread "Daemon worker" [_thread_in_vm, id=25892, stack(0x000000001e120000,0x000000001e220000)]
  0x000000001c978000 JavaThread "Cancel handler" [_thread_blocked, id=26208, stack(0x000000001e020000,0x000000001e120000)]
  0x000000001c824800 JavaThread "Handler for socket connection from /127.0.0.1:54811 to /127.0.0.1:54815" [_thread_in_native, id=15736, stack(0x000000001df20000,0x000000001e020000)]
  0x000000001c79c800 JavaThread "Daemon" [_thread_blocked, id=8088, stack(0x000000001de20000,0x000000001df20000)]
  0x000000001c7f4000 JavaThread "Daemon periodic checks" [_thread_blocked, id=2372, stack(0x000000001db20000,0x000000001dc20000)]
  0x000000001c7f2000 JavaThread "Incoming local TCP Connector on port 54811" [_thread_in_native, id=25020, stack(0x000000001d970000,0x000000001da70000)]
  0x000000001c77f000 JavaThread "Daemon health stats" [_thread_blocked, id=2632, stack(0x000000001d670000,0x000000001d770000)]
  0x000000001a00a000 JavaThread "Service Thread" daemon [_thread_blocked, id=22296, stack(0x000000001aad0000,0x000000001abd0000)]
  0x0000000019f68000 JavaThread "C1 CompilerThread3" daemon [_thread_blocked, id=24412, stack(0x000000001a9d0000,0x000000001aad0000)]
  0x0000000019f63000 JavaThread "C2 CompilerThread2" daemon [_thread_blocked, id=25904, stack(0x000000001a8d0000,0x000000001a9d0000)]
=>0x0000000019f62800 JavaThread "C2 CompilerThread1" daemon [_thread_in_native, id=27052, stack(0x000000001a7d0000,0x000000001a8d0000)]
  0x0000000019f5f800 JavaThread "C2 CompilerThread0" daemon [_thread_in_native, id=15664, stack(0x000000001a6d0000,0x000000001a7d0000)]
  0x0000000019f5a000 JavaThread "Attach Listener" daemon [_thread_blocked, id=15764, stack(0x000000001a5d0000,0x000000001a6d0000)]
  0x0000000019f07800 JavaThread "Signal Dispatcher" daemon [_thread_blocked, id=9004, stack(0x000000001a4d0000,0x000000001a5d0000)]
  0x0000000019ef1800 JavaThread "Finalizer" daemon [_thread_blocked, id=17092, stack(0x000000001a3d0000,0x000000001a4d0000)]
  0x0000000003068800 JavaThread "Reference Handler" daemon [_thread_blocked, id=22564, stack(0x000000001a2d0000,0x000000001a3d0000)]
  0x0000000002f6d800 JavaThread "main" [_thread_blocked, id=5920, stack(0x0000000002db0000,0x0000000002eb0000)]

Other Threads:
  0x00000000180d7800 VMThread [stack: 0x0000000019dd0000,0x0000000019ed0000] [id=19444]
  0x000000001a00b800 WatcherThread [stack: 0x000000001abd0000,0x000000001acd0000] [id=24428]

VM state:not at safepoint (normal execution)

VM Mutex/Monitor currently owned by a thread: None

heap address: 0x0000000080000000, size: 2048 MB, Compressed Oops mode: 32-bit
Narrow klass base: 0x0000000000000000, Narrow klass shift: 3
Compressed class space size: 1073741824 Address: 0x0000000100000000

Heap:
 PSYoungGen      total 219136K, used 21920K [0x00000000d5580000, 0x00000000e4780000, 0x0000000100000000)
  eden space 201216K, 10% used [0x00000000d5580000,0x00000000d6ae82c0,0x00000000e1a00000)
  from space 17920K, 0% used [0x00000000e2b00000,0x00000000e2b00000,0x00000000e3c80000)
  to   space 17408K, 0% used [0x00000000e1a00000,0x00000000e1a00000,0x00000000e2b00000)
 ParOldGen       total 131072K, used 38164K [0x0000000080000000, 0x0000000088000000, 0x00000000d5580000)
  object space 131072K, 29% used [0x0000000080000000,0x00000000825453e0,0x0000000088000000)
 Metaspace       used 57874K, capacity 60246K, committed 60376K, reserved 1101824K
  class space    used 7952K, capacity 8420K, committed 8448K, reserved 1048576K

Card table byte_map: [0x0000000012430000,0x0000000012840000] byte_map_base: 0x0000000012030000

Marking Bits: (ParMarkBitMap*) 0x000000006dd8f030
 Begin Bits: [0x00000000132f0000, 0x00000000152f0000)
 End Bits:   [0x00000000152f0000, 0x00000000172f0000)

Polling page: 0x0000000000d10000

CodeCache: size=245760Kb used=16951Kb max_used=16970Kb free=228808Kb
 bounds [0x0000000003070000, 0x0000000004110000, 0x0000000012070000]
 total_blobs=5701 nmethods=4924 adapters=689
 compilation: enabled

Compilation events (10 events):
Event: 10.880 Thread 0x0000000019f68000 5393       1       java.io.ObjectStreamClass$FieldReflectorKey::hashCode (5 bytes)
Event: 10.880 Thread 0x0000000019f68000 nmethod 5393 0x00000000040f61d0 code [0x00000000040f6320, 0x00000000040f6430]
Event: 10.881 Thread 0x0000000019f68000 5394       3       java.security.MessageDigestSpi::<init> (5 bytes)
Event: 10.881 Thread 0x0000000019f68000 nmethod 5394 0x00000000040f6490 code [0x00000000040f65e0, 0x00000000040f6790]
Event: 10.882 Thread 0x0000000019f68000 5395       3       com.google.common.base.Equivalence$Equals::doEquivalent (6 bytes)
Event: 10.882 Thread 0x0000000019f68000 nmethod 5395 0x00000000040f6850 code [0x00000000040f69c0, 0x00000000040f6be8]
Event: 10.882 Thread 0x0000000019f68000 5396       3       java.io.ObjectStreamField::setOffset (6 bytes)
Event: 10.882 Thread 0x0000000019f68000 nmethod 5396 0x00000000040f6cd0 code [0x00000000040f6e20, 0x00000000040f6f70]
Event: 10.882 Thread 0x0000000019f68000 5397       3       java.io.ObjectStreamClass::processQueue (21 bytes)
Event: 10.882 Thread 0x0000000019f68000 nmethod 5397 0x00000000040f6fd0 code [0x00000000040f7160, 0x00000000040f7718]

GC Heap History (10 events):
Event: 5.948 GC heap before
{Heap before GC invocations=11 (full 2):
 PSYoungGen      total 122368K, used 7923K [0x00000000d5580000, 0x00000000e0980000, 0x0000000100000000)
  eden space 110592K, 0% used [0x00000000d5580000,0x00000000d5580000,0x00000000dc180000)
  from space 11776K, 67% used [0x00000000dc180000,0x00000000dc93cdd8,0x00000000dcd00000)
  to   space 11776K, 0% used [0x00000000dfe00000,0x00000000dfe00000,0x00000000e0980000)
 ParOldGen       total 56832K, used 9341K [0x0000000080000000, 0x0000000083780000, 0x00000000d5580000)
  object space 56832K, 16% used [0x0000000080000000,0x000000008091f7a0,0x0000000083780000)
 Metaspace       used 34226K, capacity 35392K, committed 35416K, reserved 1079296K
  class space    used 4707K, capacity 4973K, committed 4992K, reserved 1048576K
Event: 5.992 GC heap after
Heap after GC invocations=11 (full 2):
 PSYoungGen      total 122368K, used 0K [0x00000000d5580000, 0x00000000e0980000, 0x0000000100000000)
  eden space 110592K, 0% used [0x00000000d5580000,0x00000000d5580000,0x00000000dc180000)
  from space 11776K, 0% used [0x00000000dc180000,0x00000000dc180000,0x00000000dcd00000)
  to   space 11776K, 0% used [0x00000000dfe00000,0x00000000dfe00000,0x00000000e0980000)
 ParOldGen       total 79360K, used 14547K [0x0000000080000000, 0x0000000084d80000, 0x00000000d5580000)
  object space 79360K, 18% used [0x0000000080000000,0x0000000080e34f80,0x0000000084d80000)
 Metaspace       used 34226K, capacity 35392K, committed 35416K, reserved 1079296K
  class space    used 4707K, capacity 4973K, committed 4992K, reserved 1048576K
}
Event: 7.136 GC heap before
{Heap before GC invocations=12 (full 2):
 PSYoungGen      total 122368K, used 110592K [0x00000000d5580000, 0x00000000e0980000, 0x0000000100000000)
  eden space 110592K, 100% used [0x00000000d5580000,0x00000000dc180000,0x00000000dc180000)
  from space 11776K, 0% used [0x00000000dc180000,0x00000000dc180000,0x00000000dcd00000)
  to   space 11776K, 0% used [0x00000000dfe00000,0x00000000dfe00000,0x00000000e0980000)
 ParOldGen       total 79360K, used 14547K [0x0000000080000000, 0x0000000084d80000, 0x00000000d5580000)
  object space 79360K, 18% used [0x0000000080000000,0x0000000080e34f80,0x0000000084d80000)
 Metaspace       used 37956K, capacity 39616K, committed 39896K, reserved 1083392K
  class space    used 5226K, capacity 5585K, committed 5632K, reserved 1048576K
Event: 7.148 GC heap after
Heap after GC invocations=12 (full 2):
 PSYoungGen      total 158720K, used 9723K [0x00000000d5580000, 0x00000000e0780000, 0x0000000100000000)
  eden space 148992K, 0% used [0x00000000d5580000,0x00000000d5580000,0x00000000de700000)
  from space 9728K, 99% used [0x00000000dfe00000,0x00000000e077ee80,0x00000000e0780000)
  to   space 12288K, 0% used [0x00000000def80000,0x00000000def80000,0x00000000dfb80000)
 ParOldGen       total 79360K, used 14555K [0x0000000080000000, 0x0000000084d80000, 0x00000000d5580000)
  object space 79360K, 18% used [0x0000000080000000,0x0000000080e36f80,0x0000000084d80000)
 Metaspace       used 37956K, capacity 39616K, committed 39896K, reserved 1083392K
  class space    used 5226K, capacity 5585K, committed 5632K, reserved 1048576K
}
Event: 9.061 GC heap before
{Heap before GC invocations=13 (full 2):
 PSYoungGen      total 158720K, used 158715K [0x00000000d5580000, 0x00000000e0780000, 0x0000000100000000)
  eden space 148992K, 100% used [0x00000000d5580000,0x00000000de700000,0x00000000de700000)
  from space 9728K, 99% used [0x00000000dfe00000,0x00000000e077ee80,0x00000000e0780000)
  to   space 12288K, 0% used [0x00000000def80000,0x00000000def80000,0x00000000dfb80000)
 ParOldGen       total 79360K, used 14555K [0x0000000080000000, 0x0000000084d80000, 0x00000000d5580000)
  object space 79360K, 18% used [0x0000000080000000,0x0000000080e36f80,0x0000000084d80000)
 Metaspace       used 50979K, capacity 53166K, committed 53336K, reserved 1095680K
  class space    used 6818K, capacity 7255K, committed 7296K, reserved 1048576K
Event: 9.101 GC heap after
Heap after GC invocations=13 (full 2):
 PSYoungGen      total 169984K, used 12272K [0x00000000d5580000, 0x00000000e3c80000, 0x0000000100000000)
  eden space 157696K, 0% used [0x00000000d5580000,0x00000000d5580000,0x00000000def80000)
  from space 12288K, 99% used [0x00000000def80000,0x00000000dfb7c3a8,0x00000000dfb80000)
  to   space 17920K, 0% used [0x00000000e2b00000,0x00000000e2b00000,0x00000000e3c80000)
 ParOldGen       total 79360K, used 26833K [0x0000000080000000, 0x0000000084d80000, 0x00000000d5580000)
  object space 79360K, 33% used [0x0000000080000000,0x0000000081a345a0,0x0000000084d80000)
 Metaspace       used 50979K, capacity 53166K, committed 53336K, reserved 1095680K
  class space    used 6818K, capacity 7255K, committed 7296K, reserved 1048576K
}
Event: 10.376 GC heap before
{Heap before GC invocations=14 (full 2):
 PSYoungGen      total 169984K, used 105306K [0x00000000d5580000, 0x00000000e3c80000, 0x0000000100000000)
  eden space 157696K, 58% used [0x00000000d5580000,0x00000000db05a688,0x00000000def80000)
  from space 12288K, 99% used [0x00000000def80000,0x00000000dfb7c3a8,0x00000000dfb80000)
  to   space 17920K, 0% used [0x00000000e2b00000,0x00000000e2b00000,0x00000000e3c80000)
 ParOldGen       total 79360K, used 26833K [0x0000000080000000, 0x0000000084d80000, 0x00000000d5580000)
  object space 79360K, 33% used [0x0000000080000000,0x0000000081a345a0,0x0000000084d80000)
 Metaspace       used 56617K, capacity 58934K, committed 59028K, reserved 1099776K
  class space    used 7724K, capacity 8190K, committed 8192K, reserved 1048576K
Event: 10.405 GC heap after
Heap after GC invocations=14 (full 2):
 PSYoungGen      total 219136K, used 10253K [0x00000000d5580000, 0x00000000e4780000, 0x0000000100000000)
  eden space 201216K, 0% used [0x00000000d5580000,0x00000000d5580000,0x00000000e1a00000)
  from space 17920K, 57% used [0x00000000e2b00000,0x00000000e35037d0,0x00000000e3c80000)
  to   space 17408K, 0% used [0x00000000e1a00000,0x00000000e1a00000,0x00000000e2b00000)
 ParOldGen       total 79360K, used 36410K [0x0000000080000000, 0x0000000084d80000, 0x00000000d5580000)
  object space 79360K, 45% used [0x0000000080000000,0x000000008238eba8,0x0000000084d80000)
 Metaspace       used 56617K, capacity 58934K, committed 59028K, reserved 1099776K
  class space    used 7724K, capacity 8190K, committed 8192K, reserved 1048576K
}
Event: 10.405 GC heap before
{Heap before GC invocations=15 (full 3):
 PSYoungGen      total 219136K, used 10253K [0x00000000d5580000, 0x00000000e4780000, 0x0000000100000000)
  eden space 201216K, 0% used [0x00000000d5580000,0x00000000d5580000,0x00000000e1a00000)
  from space 17920K, 57% used [0x00000000e2b00000,0x00000000e35037d0,0x00000000e3c80000)
  to   space 17408K, 0% used [0x00000000e1a00000,0x00000000e1a00000,0x00000000e2b00000)
 ParOldGen       total 79360K, used 36410K [0x0000000080000000, 0x0000000084d80000, 0x00000000d5580000)
  object space 79360K, 45% used [0x0000000080000000,0x000000008238eba8,0x0000000084d80000)
 Metaspace       used 56617K, capacity 58934K, committed 59028K, reserved 1099776K
  class space    used 7724K, capacity 8190K, committed 8192K, reserved 1048576K
Event: 10.672 GC heap after
Heap after GC invocations=15 (full 3):
 PSYoungGen      total 219136K, used 0K [0x00000000d5580000, 0x00000000e4780000, 0x0000000100000000)
  eden space 201216K, 0% used [0x00000000d5580000,0x00000000d5580000,0x00000000e1a00000)
  from space 17920K, 0% used [0x00000000e2b00000,0x00000000e2b00000,0x00000000e3c80000)
  to   space 17408K, 0% used [0x00000000e1a00000,0x00000000e1a00000,0x00000000e2b00000)
 ParOldGen       total 131072K, used 38164K [0x0000000080000000, 0x0000000088000000, 0x00000000d5580000)
  object space 131072K, 29% used [0x0000000080000000,0x00000000825453e0,0x0000000088000000)
 Metaspace       used 56576K, capacity 58796K, committed 59028K, reserved 1099776K
  class space    used 7711K, capacity 8167K, committed 8192K, reserved 1048576K
}

Deoptimization events (10 events):
Event: 10.181 Thread 0x000000001c8b2800 Uncommon trap: reason=unstable_if action=reinterpret pc=0x00000000034e4f00 method=org.gradle.internal.logging.text.AbstractLineChoppingStyledTextOutput$2.execute(Lorg/gradle/internal/logging/text/AbstractLineChoppingStyledTextOutput$StateContext;)V @ 30
Event: 10.182 Thread 0x000000001c8b2800 Uncommon trap: reason=unstable_if action=reinterpret pc=0x00000000034c7d8c method=org.gradle.internal.logging.text.AbstractLineChoppingStyledTextOutput$2.execute(Lorg/gradle/internal/logging/text/AbstractLineChoppingStyledTextOutput$StateContext;)V @ 30
Event: 10.215 Thread 0x000000001c8b2800 Uncommon trap: reason=unstable_if action=reinterpret pc=0x0000000003b2a800 method=java.io.WinNTFileSystem.normalize(Ljava/lang/String;)Ljava/lang/String; @ 74
Event: 10.215 Thread 0x000000001c8b2800 Uncommon trap: reason=unstable_if action=reinterpret pc=0x00000000036a15e4 method=java.io.WinNTFileSystem.normalize(Ljava/lang/String;II)Ljava/lang/String; @ 103
Event: 10.280 Thread 0x000000001c8b2800 Uncommon trap: reason=unstable_if action=reinterpret pc=0x0000000004019210 method=groovy.lang.MetaClassImpl.filterPropertyMethod(Ljava/lang/Object;ZZ)Ljava/lang/Object; @ 60
Event: 10.310 Thread 0x000000001c8b2800 Uncommon trap: reason=unstable_if action=reinterpret pc=0x000000000408d8f0 method=org.codehaus.groovy.runtime.metaclass.MetaMethodIndex.copyNonPrivateNonNewMetaMethods(Lorg/codehaus/groovy/runtime/metaclass/MetaMethodIndex$Entry;Lorg/codehaus/groovy/runti
Event: 10.693 Thread 0x000000001c8b2800 Uncommon trap: reason=unstable_if action=reinterpret pc=0x00000000031c9b20 method=org.objectweb.asm.ByteVector.putInt(I)Lorg/objectweb/asm/ByteVector; @ 13
Event: 10.717 Thread 0x000000001c8b2800 Uncommon trap: reason=unstable_if action=reinterpret pc=0x00000000033a297c method=java.util.HashMap.resize()[Ljava/util/HashMap$Node; @ 206
Event: 10.717 Thread 0x000000001c8b2800 Uncommon trap: reason=unstable_if action=reinterpret pc=0x00000000033bd110 method=java.util.HashMap.getNode(ILjava/lang/Object;)Ljava/util/HashMap$Node; @ 84
Event: 10.717 Thread 0x000000001c8b2800 Uncommon trap: reason=unstable_if action=reinterpret pc=0x0000000003f79dc0 method=java.util.HashMap.getNode(ILjava/lang/Object;)Ljava/util/HashMap$Node; @ 84

Classes redefined (0 events):
No events

Internal exceptions (10 events):
Event: 10.313 Thread 0x000000001c8b2800 Exception <a 'java/lang/ClassNotFoundException': org/gradle/api/internal/artifacts/configurations/DefaultConfigurationBeanInfo> (0x00000000daa34828) thrown at [C:\src\AOSP-openjdk-git\hotspot\src\share\vm\classfile\systemDictionary.cpp, line 210]
Event: 10.313 Thread 0x000000001c8b2800 Exception <a 'java/lang/ClassNotFoundException': org/gradle/api/internal/artifacts/configurations/DefaultConfigurationCustomizer> (0x00000000daa6ded8) thrown at [C:\src\AOSP-openjdk-git\hotspot\src\share\vm\classfile\systemDictionary.cpp, line 210]
Event: 10.316 Thread 0x000000001c8b2800 Exception <a 'java/lang/ClassNotFoundException': org/gradle/api/internal/artifacts/configurations/DefaultConfiguration_DecoratedCustomizer> (0x00000000dab1e8d0) thrown at [C:\src\AOSP-openjdk-git\hotspot\src\share\vm\classfile\systemDictionary.cpp, line 2
Event: 10.324 Thread 0x000000001c8b2800 Exception <a 'java/lang/ClassNotFoundException': org/codehaus/groovy/runtime/MethodClosureBeanInfo> (0x00000000dac111d8) thrown at [C:\src\AOSP-openjdk-git\hotspot\src\share\vm\classfile\systemDictionary.cpp, line 210]
Event: 10.324 Thread 0x000000001c8b2800 Exception <a 'java/lang/ClassNotFoundException': org/codehaus/groovy/runtime/MethodClosureCustomizer> (0x00000000dac2ad48) thrown at [C:\src\AOSP-openjdk-git\hotspot\src\share\vm\classfile\systemDictionary.cpp, line 210]
Event: 10.327 Thread 0x000000001c8b2800 Exception <a 'java/lang/ClassNotFoundException': org/gradle/api/internal/artifacts/configurations/DefaultConfiguration$ConfigurationResolvableDependencies_DecoratedBeanInfo> (0x00000000dacb5e30) thrown at [C:\src\AOSP-openjdk-git\hotspot\src\share\vm\clas
Event: 10.327 Thread 0x000000001c8b2800 Exception <a 'java/lang/ClassNotFoundException': org/gradle/api/internal/artifacts/configurations/DefaultConfiguration$ConfigurationResolvableDependenciesBeanInfo> (0x00000000dad00e78) thrown at [C:\src\AOSP-openjdk-git\hotspot\src\share\vm\classfile\syst
Event: 10.328 Thread 0x000000001c8b2800 Exception <a 'java/lang/ClassNotFoundException': org/gradle/api/internal/artifacts/configurations/DefaultConfiguration$ConfigurationResolvableDependenciesCustomizer> (0x00000000dad4df20) thrown at [C:\src\AOSP-openjdk-git\hotspot\src\share\vm\classfile\sy
Event: 10.329 Thread 0x000000001c8b2800 Exception <a 'java/lang/ClassNotFoundException': org/gradle/api/internal/artifacts/configurations/DefaultConfiguration$ConfigurationResolvableDependencies_DecoratedCustomizer> (0x00000000dadb5608) thrown at [C:\src\AOSP-openjdk-git\hotspot\src\share\vm\cl
Event: 10.785 Thread 0x000000001c8b2800 Exception <a 'java/lang/NoSuchMethodError': java.lang.Object.lambda$static$0(Lorg/gradle/api/internal/tasks/TaskDependencyResolveContext;)V> (0x00000000d5b43450) thrown at [C:\src\AOSP-openjdk-git\hotspot\src\share\vm\interpreter\linkResolver.cpp, line 62

Events (10 events):
Event: 10.877 loading class org/gradle/api/Transformer
Event: 10.877 loading class org/gradle/api/Transformer done
Event: 10.877 loading class org/gradle/api/provider/Provider
Event: 10.877 loading class org/gradle/api/provider/Provider done
Event: 10.877 loading class org/gradle/api/Transformer
Event: 10.877 loading class org/gradle/api/Transformer done
Event: 10.877 loading class com/android/build/gradle/internal/scope/BootClasspathBuilder$computeClasspath$1
Event: 10.877 loading class com/android/build/gradle/internal/scope/BootClasspathBuilder$computeClasspath$1 done
Event: 10.879 loading class com/android/repository/Revision$PreviewComparison
Event: 10.879 loading class com/android/repository/Revision$PreviewComparison done


Dynamic libraries:
0x00007ff7715c0000 - 0x00007ff7715f1000 	F:\android\jre\bin\java.exe
0x00007ffc06330000 - 0x00007ffc06525000 	C:\WINDOWS\SYSTEM32\ntdll.dll
0x00007ffc06090000 - 0x00007ffc0614d000 	C:\WINDOWS\System32\KERNEL32.DLL
0x00007ffc03a70000 - 0x00007ffc03d39000 	C:\WINDOWS\System32\KERNELBASE.dll
0x00007ffc044e0000 - 0x00007ffc0458c000 	C:\WINDOWS\System32\ADVAPI32.dll
0x00007ffc054f0000 - 0x00007ffc0558e000 	C:\WINDOWS\System32\msvcrt.dll
0x00007ffc04390000 - 0x00007ffc0442c000 	C:\WINDOWS\System32\sechost.dll
0x00007ffc045a0000 - 0x00007ffc046cb000 	C:\WINDOWS\System32\RPCRT4.dll
0x00007ffc04b40000 - 0x00007ffc04ce0000 	C:\WINDOWS\System32\USER32.dll
0x00007ffc03d40000 - 0x00007ffc03d62000 	C:\WINDOWS\System32\win32u.dll
0x00007ffc04af0000 - 0x00007ffc04b1a000 	C:\WINDOWS\System32\GDI32.dll
0x00007ffc03dc0000 - 0x00007ffc03ecb000 	C:\WINDOWS\System32\gdi32full.dll
0x00007ffc04270000 - 0x00007ffc0430d000 	C:\WINDOWS\System32\msvcp_win.dll
0x00007ffc03f80000 - 0x00007ffc04080000 	C:\WINDOWS\System32\ucrtbase.dll
0x00007ffbeff00000 - 0x00007ffbf019a000 	C:\WINDOWS\WinSxS\amd64_microsoft.windows.common-controls_6595b64144ccf1df_6.0.19041.844_none_ca00b6081b84eb1d\COMCTL32.dll
0x00007ffc054c0000 - 0x00007ffc054f0000 	C:\WINDOWS\System32\IMM32.DLL
0x000000006cb90000 - 0x000000006cc62000 	F:\android\jre\jre\bin\msvcr100.dll
0x000000006d5c0000 - 0x000000006de0b000 	F:\android\jre\jre\bin\server\jvm.dll
0x00007ffc05e10000 - 0x00007ffc05e18000 	C:\WINDOWS\System32\PSAPI.DLL
0x00007ffbe7ce0000 - 0x00007ffbe7ce9000 	C:\WINDOWS\SYSTEM32\WSOCK32.dll
0x00007ffbf8180000 - 0x00007ffbf818a000 	C:\WINDOWS\SYSTEM32\VERSION.dll
0x00007ffbf1b00000 - 0x00007ffbf1b27000 	C:\WINDOWS\SYSTEM32\WINMM.dll
0x00007ffc05b30000 - 0x00007ffc05b9b000 	C:\WINDOWS\System32\WS2_32.dll
0x00007ffbfecc0000 - 0x00007ffbfeccf000 	F:\android\jre\jre\bin\verify.dll
0x00007ffbe29c0000 - 0x00007ffbe29e9000 	F:\android\jre\jre\bin\java.dll
0x00007ffbeaff0000 - 0x00007ffbeb006000 	F:\android\jre\jre\bin\zip.dll
0x00007ffc04ce0000 - 0x00007ffc05422000 	C:\WINDOWS\System32\SHELL32.dll
0x00007ffc01800000 - 0x00007ffc01f90000 	C:\WINDOWS\SYSTEM32\windows.storage.dll
0x00007ffc046d0000 - 0x00007ffc04a25000 	C:\WINDOWS\System32\combase.dll
0x00007ffc034e0000 - 0x00007ffc0350c000 	C:\WINDOWS\SYSTEM32\Wldp.dll
0x00007ffc04430000 - 0x00007ffc044de000 	C:\WINDOWS\System32\SHCORE.dll
0x00007ffc04a30000 - 0x00007ffc04a85000 	C:\WINDOWS\System32\shlwapi.dll
0x00007ffc039b0000 - 0x00007ffc039cf000 	C:\WINDOWS\SYSTEM32\profapi.dll
0x00007ffbe94b0000 - 0x00007ffbe94ca000 	F:\android\jre\jre\bin\net.dll
0x00007ffc03260000 - 0x00007ffc032ca000 	C:\WINDOWS\system32\mswsock.dll
0x00007ffbe1ab0000 - 0x00007ffbe1ac3000 	F:\android\jre\jre\bin\nio.dll
0x00007ffbf0e60000 - 0x00007ffbf0e87000 	C:\Users\pc\.gradle\native\f6784746aeab05261644944871eae4fe03e0ef1612fff0a4a95f87b438bc6780\windows-amd64\native-platform.dll
0x00007ffbfeca0000 - 0x00007ffbfecad000 	F:\android\jre\jre\bin\management.dll
0x00007ffc03430000 - 0x00007ffc03448000 	C:\WINDOWS\SYSTEM32\CRYPTSP.dll
0x00007ffc02b90000 - 0x00007ffc02bc4000 	C:\WINDOWS\system32\rsaenh.dll
0x00007ffc04080000 - 0x00007ffc040a7000 	C:\WINDOWS\System32\bcrypt.dll
0x00007ffc03970000 - 0x00007ffc0399e000 	C:\WINDOWS\SYSTEM32\USERENV.dll
0x00007ffc04310000 - 0x00007ffc04390000 	C:\WINDOWS\System32\bcryptprimitives.dll
0x00007ffc03450000 - 0x00007ffc0345c000 	C:\WINDOWS\SYSTEM32\CRYPTBASE.dll
0x00007ffc02f00000 - 0x00007ffc02f3b000 	C:\WINDOWS\SYSTEM32\IPHLPAPI.DLL
0x00007ffc05e20000 - 0x00007ffc05e28000 	C:\WINDOWS\System32\NSI.dll
0x00007ffc011f0000 - 0x00007ffc01207000 	C:\WINDOWS\SYSTEM32\dhcpcsvc6.DLL
0x00007ffc011d0000 - 0x00007ffc011ed000 	C:\WINDOWS\SYSTEM32\dhcpcsvc.DLL
0x00007ffc02f50000 - 0x00007ffc0301b000 	C:\WINDOWS\SYSTEM32\DNSAPI.dll
0x00007ffbfb360000 - 0x00007ffbfb36b000 	C:\WINDOWS\SYSTEM32\WINNSI.DLL

VM Arguments:
jvm_args: -Xmx2048m -Dfile.encoding=UTF-8 -Duser.country=CN -Duser.language=zh -Duser.variant 
java_command: org.gradle.launcher.daemon.bootstrap.GradleDaemon 6.5
java_class_path (initial): C:\Users\pc\.gradle\wrapper\dists\gradle-6.5-all\2oz4ud9k3tuxjg84bbf55q0tn\gradle-6.5\lib\gradle-launcher-6.5.jar
Launcher Type: SUN_STANDARD

Environment Variables:
PATH=C:\Program Files (x86)\Intel\iCLS Client\;C:\Program Files\Intel\iCLS Client\;C:\windows\system32;C:\windows;C:\windows\System32\Wbem;C:\windows\System32\WindowsPowerShell\v1.0\;C:\Program Files (x86)\Intel\Intel(R) Management Engine Components\DAL;C:\Program Files\Intel\Intel(R) Management Engine Components\DAL;C:\Program Files (x86)\Intel\Intel(R) Management Engine Components\IPT;C:\Program Files\Intel\Intel(R) Management Engine Components\IPT;C:\Program Files (x86)\NVIDIA Corporation\PhysX\Common;C:\WINDOWS\system32;C:\WINDOWS;C:\WINDOWS\System32\Wbem;C:\WINDOWS\System32\WindowsPowerShell\v1.0\;C:\WINDOWS\System32\OpenSSH\;C:\Program Files (x86)\PharosSystems\Core;C:\Program Files\Intel\WiFi\bin\;C:\Program Files\Common Files\Intel\WirelessCommon\;F:\putty\;C:\Program Files\Git\cmd;C:\Users\pc\AppData\Local\Microsoft\WindowsApps;C:\Users\pc\AppData\Local\atom\bin;C:\Users\pc\AppData\Local\GitHubDesktop\bin;F:\minGW\bin;F:\env;C:\Users\pc\Desktop\291;C:\Program Files\MongoDB\Server\4.4\bin;;%USERPROFILE%\AppData\Local\Microsoft\WindowsApps
USERNAME=pc
OS=Windows_NT
PROCESSOR_IDENTIFIER=Intel64 Family 6 Model 158 Stepping 9, GenuineIntel



---------------  S Y S T E M  ---------------

OS: Windows 10.0 , 64 bit Build 19041 (10.0.19041.804)

CPU:total 8 (initial active 8) (4 cores per cpu, 2 threads per core) family 6 model 158 stepping 9, cmov, cx8, fxsr, mmx, sse, sse2, sse3, ssse3, sse4.1, sse4.2, popcnt, avx, avx2, aes, clmul, erms, 3dnowpref, lzcnt, ht, tsc, tscinvbit, bmi1, bmi2, adx

Memory: 4k page, physical 8271080k(457260k free), swap 18511080k(6172k free)

vm_info: OpenJDK 64-Bit Server VM (25.242-b01) for windows-amd64 JRE (1.8.0_242-release-1644-b01), built by "builder" with MS VC++ 10.0 (VS2010)

time: Fri Mar 19 20:58:15 2021
timezone: 中国标准时间
elapsed time: 11 seconds (0d 0h 0m 11s)

